<?xml version="1.0" encoding="UTF-8"?>
<robot generator="Robot 6.1.1 (Python 3.12.0b4 on win32)" generated="20231219 15:16:58.080" rpa="false" schemaversion="4">
<suite id="s1" name="VerificarTelaBeneficios" source="c:\Users\C5151356\Documents\Automa-o-Com-Robot-Framework-Web\Automacao_MultiBra\Tests\VerificarTelaBeneficios.robot">
<test id="s1-t1" name="CT03:Verificar Tela de Simulador de beneficios no potal MultiBra" line="31">
<kw name="Open Browser" library="SeleniumLibrary" type="SETUP">
<arg>${URL}</arg>
<arg>chrome</arg>
<doc>Opens a new browser instance to the optional ``url``.</doc>
<msg timestamp="20231219 15:16:58.357" level="INFO">Opening browser 'chrome' to base url 'https://www.portal-hro.com.br/portal/site/Multibra-Homolog/Login.aspx'.</msg>
<status status="PASS" starttime="20231219 15:16:58.356" endtime="20231219 15:17:03.955"/>
</kw>
<kw name="Dado que acesso o portal MultiBra com os usuarios &quot;ua.application&quot; - &quot;Conduent@1&quot;" library="VerificarTelaDeLoginResources" sourcename="Dado que acesso o portal MultiBra com os usuarios &quot;${Usuario}&quot; - &quot;${Senha}&quot;">
<kw name="Maximize Browser Window" library="SeleniumLibrary">
<doc>Maximizes current browser window.</doc>
<status status="PASS" starttime="20231219 15:17:03.957" endtime="20231219 15:17:04.074"/>
</kw>
<kw name="Wait Until Page Contains Element" library="SeleniumLibrary">
<arg>${BOTAO_ACESSAR}</arg>
<arg>timeout=10s</arg>
<doc>Waits until the element ``locator`` appears on the current page.</doc>
<status status="PASS" starttime="20231219 15:17:04.075" endtime="20231219 15:17:04.085"/>
</kw>
<kw name="Scroll Element Into View" library="SeleniumLibrary">
<arg>${BOTAO_ACESSAR}</arg>
<doc>Scrolls the element identified by ``locator`` into view.</doc>
<status status="PASS" starttime="20231219 15:17:04.086" endtime="20231219 15:17:04.398"/>
</kw>
<kw name="Input Text" library="SeleniumLibrary">
<arg>${CAMPO_NOME}</arg>
<arg>${Usuario}</arg>
<doc>Types the given ``text`` into the text field identified by ``locator``.</doc>
<msg timestamp="20231219 15:17:04.400" level="INFO">Typing text 'ua.application' into text field '//input[contains(@name,'ctl00$ContentPlaceHolder1$username')]'.</msg>
<status status="PASS" starttime="20231219 15:17:04.399" endtime="20231219 15:17:04.514"/>
</kw>
<kw name="Input Text" library="SeleniumLibrary">
<arg>${CAMPO_SENHA}</arg>
<arg>${Senha}</arg>
<doc>Types the given ``text`` into the text field identified by ``locator``.</doc>
<msg timestamp="20231219 15:17:04.514" level="INFO">Typing text 'Conduent@1' into text field '//input[contains(@name,'ctl00$ContentPlaceHolder1$password')]'.</msg>
<status status="PASS" starttime="20231219 15:17:04.514" endtime="20231219 15:17:04.571"/>
</kw>
<kw name="Wait Until Page Contains Element" library="SeleniumLibrary">
<arg>${BOTÃO_ENTENDIDO}</arg>
<arg>timeout=10s</arg>
<doc>Waits until the element ``locator`` appears on the current page.</doc>
<status status="PASS" starttime="20231219 15:17:04.571" endtime="20231219 15:17:04.579"/>
</kw>
<kw name="Click Element" library="SeleniumLibrary">
<arg>${BOTÃO_ENTENDIDO}</arg>
<doc>Click the element identified by ``locator``.</doc>
<msg timestamp="20231219 15:17:04.581" level="INFO">Clicking element 'cookieButton'.</msg>
<status status="PASS" starttime="20231219 15:17:04.580" endtime="20231219 15:17:04.608"/>
</kw>
<kw name="Click Element" library="SeleniumLibrary">
<arg>${BOTAO_ACESSAR}</arg>
<doc>Click the element identified by ``locator``.</doc>
<msg timestamp="20231219 15:17:04.608" level="INFO">Clicking element 'ContentPlaceHolder1_btnEntrar2'.</msg>
<status status="PASS" starttime="20231219 15:17:04.608" endtime="20231219 15:17:08.323"/>
</kw>
<status status="PASS" starttime="20231219 15:17:03.957" endtime="20231219 15:17:08.323"/>
</kw>
<kw name="Quando clico no menu lateral" library="VerificarTelaBeneficiosResources">
<kw name="Click Element" library="SeleniumLibrary">
<arg>${MENU_LATERAL_SAND}</arg>
<doc>Click the element identified by ``locator``.</doc>
<msg timestamp="20231219 15:17:08.327" level="INFO">Clicking element '//img[contains(@alt,'Menu')]'.</msg>
<status status="PASS" starttime="20231219 15:17:08.326" endtime="20231219 15:17:08.376"/>
</kw>
<status status="PASS" starttime="20231219 15:17:08.325" endtime="20231219 15:17:08.376"/>
</kw>
<kw name="E clico no módulo Beneficios" library="VerificarTelaBeneficiosResources">
<kw name="Scroll Element Into View" library="SeleniumLibrary">
<arg>${BENEFICIOS_MODULO}</arg>
<doc>Scrolls the element identified by ``locator`` into view.</doc>
<status status="PASS" starttime="20231219 15:17:08.377" endtime="20231219 15:17:08.686"/>
</kw>
<kw name="Click Element" library="SeleniumLibrary">
<arg>${BENEFICIOS_MODULO}</arg>
<doc>Click the element identified by ``locator``.</doc>
<msg timestamp="20231219 15:17:08.688" level="INFO">Clicking element '//a[contains(@class,'Menu2760')]'.</msg>
<status status="PASS" starttime="20231219 15:17:08.687" endtime="20231219 15:17:08.785"/>
</kw>
<status status="PASS" starttime="20231219 15:17:08.377" endtime="20231219 15:17:08.785"/>
</kw>
<kw name="E clico em Simulador de beneficios" library="VerificarTelaBeneficiosResources">
<kw name="Wait Until Element Is Visible" library="SeleniumLibrary">
<arg>${SIMULADOR_BENEFICIOS}</arg>
<arg>timeout=10s</arg>
<doc>Waits until the element ``locator`` is visible.</doc>
<status status="PASS" starttime="20231219 15:17:08.787" endtime="20231219 15:17:08.821"/>
</kw>
<kw name="Click Element" library="SeleniumLibrary">
<arg>${SIMULADOR_BENEFICIOS}</arg>
<doc>Click the element identified by ``locator``.</doc>
<msg timestamp="20231219 15:17:08.822" level="INFO">Clicking element '//a[contains(.,'Simulador de benefícios')]'.</msg>
<status status="PASS" starttime="20231219 15:17:08.822" endtime="20231219 15:17:11.696"/>
</kw>
<status status="PASS" starttime="20231219 15:17:08.786" endtime="20231219 15:17:11.697"/>
</kw>
<kw name="Close All Browsers" library="SeleniumLibrary" type="TEARDOWN">
<doc>Closes all open browsers and resets the browser cache.</doc>
<status status="PASS" starttime="20231219 15:17:11.699" endtime="20231219 15:17:18.165"/>
</kw>
<doc>Automação Verificar tela Simulador de beneficiios</doc>
<tag>CT03</tag>
<status status="PASS" starttime="20231219 15:16:58.355" endtime="20231219 15:17:18.167"/>
</test>
<status status="PASS" starttime="20231219 15:16:58.088" endtime="20231219 15:17:18.169"/>
</suite>
<statistics>
<total>
<stat pass="1" fail="0" skip="0">All Tests</stat>
</total>
<tag>
<stat pass="1" fail="0" skip="0">CT03</stat>
</tag>
<suite>
<stat pass="1" fail="0" skip="0" id="s1" name="VerificarTelaBeneficios">VerificarTelaBeneficios</stat>
</suite>
</statistics>
<errors>
</errors>
</robot>
