<?xml version="1.0" encoding="UTF-8"?>
<robot generator="Robot 6.1.1 (Python 3.12.0b4 on win32)" generated="20231213 14:40:00.814" rpa="false" schemaversion="4">
<suite id="s1" name="VerificarTelaMenuSolicitacaoAltera" source="c:\Users\C5151356\Documents\Automa-o-Com-Robot-Framework-Web\Automacao_MultiBra\Tests\VerificarTelaMenuSolicitacaoAltera.robot">
<test id="s1-t1" name="CT01:Verificar Tela do Menu Solicitação de Alterações no potal MultiBra" line="11">
<kw name="Open Browser" library="SeleniumLibrary" type="SETUP">
<arg>${URL}</arg>
<arg>chrome</arg>
<doc>Opens a new browser instance to the optional ``url``.</doc>
<msg timestamp="20231213 14:40:01.089" level="INFO">Opening browser 'chrome' to base url 'https://www.portal-hro.com.br/portal/site/Multibra-Homolog/Login.aspx'.</msg>
<status status="PASS" starttime="20231213 14:40:01.088" endtime="20231213 14:40:07.486"/>
</kw>
<kw name="Dado que acesso o portal MultiBra com os usuarios &quot;ut.gdb.da1&quot; - &quot;ut.gdb.da1&quot;" library="VerificarTelaDeLoginResources" sourcename="Dado que acesso o portal MultiBra com os usuarios &quot;${Usuario}&quot; - &quot;${Senha}&quot;">
<kw name="Maximize Browser Window" library="SeleniumLibrary">
<doc>Maximizes current browser window.</doc>
<status status="PASS" starttime="20231213 14:40:07.488" endtime="20231213 14:40:07.618"/>
</kw>
<kw name="Wait Until Page Contains Element" library="SeleniumLibrary">
<arg>${BOTAO_ACESSAR}</arg>
<arg>timeout=10s</arg>
<doc>Waits until the element ``locator`` appears on the current page.</doc>
<status status="PASS" starttime="20231213 14:40:07.618" endtime="20231213 14:40:07.630"/>
</kw>
<kw name="Scroll Element Into View" library="SeleniumLibrary">
<arg>${BOTAO_ACESSAR}</arg>
<doc>Scrolls the element identified by ``locator`` into view.</doc>
<status status="PASS" starttime="20231213 14:40:07.630" endtime="20231213 14:40:07.935"/>
</kw>
<kw name="Input Text" library="SeleniumLibrary">
<arg>${CAMPO_NOME}</arg>
<arg>${Usuario}</arg>
<doc>Types the given ``text`` into the text field identified by ``locator``.</doc>
<msg timestamp="20231213 14:40:07.938" level="INFO">Typing text 'ut.gdb.da1' into text field '//input[contains(@name,'ctl00$ContentPlaceHolder1$username')]'.</msg>
<status status="PASS" starttime="20231213 14:40:07.937" endtime="20231213 14:40:08.074"/>
</kw>
<kw name="Input Text" library="SeleniumLibrary">
<arg>${CAMPO_SENHA}</arg>
<arg>${Senha}</arg>
<doc>Types the given ``text`` into the text field identified by ``locator``.</doc>
<msg timestamp="20231213 14:40:08.075" level="INFO">Typing text 'ut.gdb.da1' into text field '//input[contains(@name,'ctl00$ContentPlaceHolder1$password')]'.</msg>
<status status="PASS" starttime="20231213 14:40:08.074" endtime="20231213 14:40:08.146"/>
</kw>
<kw name="Wait Until Page Contains Element" library="SeleniumLibrary">
<arg>${BOTÃO_ENTENDIDO}</arg>
<arg>timeout=10s</arg>
<doc>Waits until the element ``locator`` appears on the current page.</doc>
<status status="PASS" starttime="20231213 14:40:08.146" endtime="20231213 14:40:08.157"/>
</kw>
<kw name="Click Element" library="SeleniumLibrary">
<arg>${BOTÃO_ENTENDIDO}</arg>
<doc>Click the element identified by ``locator``.</doc>
<msg timestamp="20231213 14:40:08.157" level="INFO">Clicking element 'cookieButton'.</msg>
<status status="PASS" starttime="20231213 14:40:08.157" endtime="20231213 14:40:08.197"/>
</kw>
<kw name="Click Element" library="SeleniumLibrary">
<arg>${BOTAO_ACESSAR}</arg>
<doc>Click the element identified by ``locator``.</doc>
<msg timestamp="20231213 14:40:08.199" level="INFO">Clicking element 'ContentPlaceHolder1_btnEntrar2'.</msg>
<status status="PASS" starttime="20231213 14:40:08.197" endtime="20231213 14:40:11.135"/>
</kw>
<status status="PASS" starttime="20231213 14:40:07.487" endtime="20231213 14:40:11.135"/>
</kw>
<kw name="Quando clico no menu lateral" library="VerificarTelaMenuSolicitacaoAlteraResources">
<kw name="Click Element" library="SeleniumLibrary">
<arg>${MENU_LATERAL_SAND}</arg>
<doc>Click the element identified by ``locator``.</doc>
<msg timestamp="20231213 14:40:11.137" level="INFO">Clicking element '//img[contains(@alt,'Menu')]'.</msg>
<status status="PASS" starttime="20231213 14:40:11.137" endtime="20231213 14:40:11.220"/>
</kw>
<status status="PASS" starttime="20231213 14:40:11.136" endtime="20231213 14:40:11.221"/>
</kw>
<kw name="E clico em Menu Solicitação de Alterações" library="VerificarTelaMenuSolicitacaoAlteraResources">
<kw name="Wait Until Element Is Visible" library="SeleniumLibrary">
<arg>${MENU_SOL_ALTERA}</arg>
<arg>timeout=10s</arg>
<doc>Waits until the element ``locator`` is visible.</doc>
<status status="PASS" starttime="20231213 14:40:11.223" endtime="20231213 14:40:11.251"/>
</kw>
<kw name="Scroll Element Into View" library="SeleniumLibrary">
<arg>${MENU_SOL_ALTERA}</arg>
<doc>Scrolls the element identified by ``locator`` into view.</doc>
<status status="PASS" starttime="20231213 14:40:11.252" endtime="20231213 14:40:11.527"/>
</kw>
<kw name="Click Element" library="SeleniumLibrary">
<arg>${MENU_SOL_ALTERA}</arg>
<doc>Click the element identified by ``locator``.</doc>
<msg timestamp="20231213 14:40:11.528" level="INFO">Clicking element '//a[contains(.,'Menu Solicitação de Alterações')]'.</msg>
<status status="PASS" starttime="20231213 14:40:11.527" endtime="20231213 14:40:12.644"/>
</kw>
<status status="PASS" starttime="20231213 14:40:11.222" endtime="20231213 14:40:12.644"/>
</kw>
<kw name="Então serei direcionado para página Menu Solicitação de Alterações" library="VerificarTelaMenuSolicitacaoAlteraResources">
<kw name="Get Location" library="SeleniumLibrary">
<var>${URL_MENU_SOL_ALTER_GET}</var>
<doc>Returns the current browser window URL.</doc>
<msg timestamp="20231213 14:40:12.652" level="INFO">${URL_MENU_SOL_ALTER_GET} = https://www.portal-hro.com.br/portal/site/Multibra-Homolog/Action/MenuAlteracoes.aspx</msg>
<status status="PASS" starttime="20231213 14:40:12.646" endtime="20231213 14:40:12.652"/>
</kw>
<kw name="Should Be Equal" library="BuiltIn">
<arg>${URL_MENU_SOL_ALTER_GET}</arg>
<arg>${URL_MENU_SOL_ALTER}</arg>
<doc>Fails if the given objects are unequal.</doc>
<status status="PASS" starttime="20231213 14:40:12.652" endtime="20231213 14:40:12.652"/>
</kw>
<status status="PASS" starttime="20231213 14:40:12.645" endtime="20231213 14:40:12.652"/>
</kw>
<kw name="Close Browser" library="SeleniumLibrary" type="TEARDOWN">
<doc>Closes the current browser.</doc>
<status status="PASS" starttime="20231213 14:40:12.653" endtime="20231213 14:40:15.087"/>
</kw>
<doc>Automação Verificar tela Menu Solicitação de Alterações</doc>
<tag>CT01</tag>
<status status="PASS" starttime="20231213 14:40:01.088" endtime="20231213 14:40:15.087"/>
</test>
<status status="PASS" starttime="20231213 14:40:00.819" endtime="20231213 14:40:15.090"/>
</suite>
<statistics>
<total>
<stat pass="1" fail="0" skip="0">All Tests</stat>
</total>
<tag>
<stat pass="1" fail="0" skip="0">CT01</stat>
</tag>
<suite>
<stat pass="1" fail="0" skip="0" id="s1" name="VerificarTelaMenuSolicitacaoAltera">VerificarTelaMenuSolicitacaoAltera</stat>
</suite>
</statistics>
<errors>
</errors>
</robot>
