<?xml version="1.0" encoding="UTF-8"?>
<robot generator="Robot 6.1.1 (Python 3.12.0b4 on win32)" generated="20231214 14:01:58.687" rpa="false" schemaversion="4">
<suite id="s1" name="Teste" source="c:\Users\C5151356\Documents\Automa-o-Com-Robot-Framework-Web\Automacao_MultiBra\Tests\Teste.robot">
<test id="s1-t1" name="CT05:Acessar com logins assistidos" line="9">
<kw name="Open Browser" library="SeleniumLibrary" type="SETUP">
<arg>${URL}</arg>
<arg>chrome</arg>
<doc>Opens a new browser instance to the optional ``url``.</doc>
<msg timestamp="20231214 14:01:59.049" level="INFO">Opening browser 'chrome' to base url 'https://www.portal-hro.com.br/portal/site/Multibra-Homolog/Login.aspx'.</msg>
<status status="PASS" starttime="20231214 14:01:59.048" endtime="20231214 14:02:07.028"/>
</kw>
<kw name="Login com Usuário Assistido" library="VerificarTelaDeLoginResources">
<arg>ut.acesita.da1</arg>
<arg>ut.acesita.da1</arg>
<try>
<branch type="TRY">
<kw name="Maximize Browser Window" library="SeleniumLibrary">
<doc>Maximizes current browser window.</doc>
<status status="PASS" starttime="20231214 14:02:07.030" endtime="20231214 14:02:07.149"/>
</kw>
<status status="PASS" starttime="20231214 14:02:07.030" endtime="20231214 14:02:07.150"/>
</branch>
<branch type="EXCEPT">
<pattern>Error message</pattern>
<kw name="Log" library="BuiltIn">
<arg>message</arg>
<doc>Logs the given message with the given level.</doc>
<status status="NOT RUN" starttime="20231214 14:02:07.150" endtime="20231214 14:02:07.150"/>
</kw>
<status status="NOT RUN" starttime="20231214 14:02:07.150" endtime="20231214 14:02:07.150"/>
</branch>
<status status="PASS" starttime="20231214 14:02:07.030" endtime="20231214 14:02:07.150"/>
</try>
<kw name="Sleep" library="BuiltIn">
<arg>1s</arg>
<doc>Pauses the test executed for the given time.</doc>
<msg timestamp="20231214 14:02:08.151" level="INFO">Slept 1 second</msg>
<status status="PASS" starttime="20231214 14:02:07.150" endtime="20231214 14:02:08.151"/>
</kw>
<try>
<branch type="TRY">
<kw name="Scroll Element Into View" library="SeleniumLibrary">
<arg>${BOTAO_ACESSAR}</arg>
<doc>Scrolls the element identified by ``locator`` into view.</doc>
<status status="PASS" starttime="20231214 14:02:08.152" endtime="20231214 14:02:08.440"/>
</kw>
<kw name="Input Text" library="SeleniumLibrary">
<arg>${CAMPO_NOME}</arg>
<arg>${Usuario}</arg>
<doc>Types the given ``text`` into the text field identified by ``locator``.</doc>
<msg timestamp="20231214 14:02:08.442" level="INFO">Typing text 'ut.acesita.da1' into text field '//input[contains(@name,'ctl00$ContentPlaceHolder1$username')]'.</msg>
<status status="PASS" starttime="20231214 14:02:08.440" endtime="20231214 14:02:08.560"/>
</kw>
<kw name="Input Text" library="SeleniumLibrary">
<arg>${CAMPO_SENHA}</arg>
<arg>${Senha}</arg>
<doc>Types the given ``text`` into the text field identified by ``locator``.</doc>
<msg timestamp="20231214 14:02:08.561" level="INFO">Typing text 'ut.acesita.da1' into text field '//input[contains(@name,'ctl00$ContentPlaceHolder1$password')]'.</msg>
<status status="PASS" starttime="20231214 14:02:08.560" endtime="20231214 14:02:08.632"/>
</kw>
<kw name="Run Keyword And Return Status" library="BuiltIn">
<var>${is_button_visible}</var>
<arg>Element Should Be Visible</arg>
<arg>${BOTÃO_ENTENDIDO}</arg>
<doc>Runs the given keyword with given arguments and returns the status as a Boolean value.</doc>
<kw name="Element Should Be Visible" library="SeleniumLibrary">
<arg>${BOTÃO_ENTENDIDO}</arg>
<doc>Verifies that the element identified by ``locator`` is visible.</doc>
<msg timestamp="20231214 14:02:08.661" level="INFO">Element 'cookieButton' is displayed.</msg>
<status status="PASS" starttime="20231214 14:02:08.633" endtime="20231214 14:02:08.661"/>
</kw>
<msg timestamp="20231214 14:02:08.661" level="INFO">${is_button_visible} = True</msg>
<status status="PASS" starttime="20231214 14:02:08.633" endtime="20231214 14:02:08.661"/>
</kw>
<kw name="Run Keyword And Return Status" library="BuiltIn">
<var>${button_existence}</var>
<arg>Log</arg>
<arg>Usuário com erro: ${Usuario}</arg>
<doc>Runs the given keyword with given arguments and returns the status as a Boolean value.</doc>
<kw name="Log" library="BuiltIn">
<arg>Usuário com erro: ${Usuario}</arg>
<doc>Logs the given message with the given level.</doc>
<msg timestamp="20231214 14:02:08.662" level="INFO">Usuário com erro: ut.acesita.da1</msg>
<status status="PASS" starttime="20231214 14:02:08.661" endtime="20231214 14:02:08.662"/>
</kw>
<msg timestamp="20231214 14:02:08.662" level="INFO">${button_existence} = True</msg>
<status status="PASS" starttime="20231214 14:02:08.661" endtime="20231214 14:02:08.662"/>
</kw>
<kw name="Run Keyword If" library="BuiltIn">
<arg>${is_button_visible}</arg>
<arg>Click Element</arg>
<arg>${BOTÃO_ENTENDIDO}</arg>
<doc>Runs the given keyword with the given arguments, if ``condition`` is true.</doc>
<kw name="Click Element" library="SeleniumLibrary">
<arg>${BOTÃO_ENTENDIDO}</arg>
<doc>Click the element identified by ``locator``.</doc>
<msg timestamp="20231214 14:02:08.662" level="INFO">Clicking element 'cookieButton'.</msg>
<status status="PASS" starttime="20231214 14:02:08.662" endtime="20231214 14:02:08.695"/>
</kw>
<status status="PASS" starttime="20231214 14:02:08.662" endtime="20231214 14:02:08.695"/>
</kw>
<kw name="Click Element" library="SeleniumLibrary">
<arg>${BOTAO_ACESSAR}</arg>
<doc>Click the element identified by ``locator``.</doc>
<msg timestamp="20231214 14:02:08.696" level="INFO">Clicking element 'ContentPlaceHolder1_btnEntrar2'.</msg>
<status status="PASS" starttime="20231214 14:02:08.695" endtime="20231214 14:02:10.716"/>
</kw>
<kw name="Run Keyword And Return Status" library="BuiltIn">
<var>${button_existence}</var>
<arg>Page Should Contain Element</arg>
<arg>btnFechar</arg>
<doc>Runs the given keyword with given arguments and returns the status as a Boolean value.</doc>
<kw name="Page Should Contain Element" library="SeleniumLibrary">
<arg>btnFechar</arg>
<doc>Verifies that element ``locator`` is found on the current page.</doc>
<msg timestamp="20231214 14:02:10.731" level="INFO">Current page contains element 'btnFechar'.</msg>
<status status="PASS" starttime="20231214 14:02:10.718" endtime="20231214 14:02:10.731"/>
</kw>
<msg timestamp="20231214 14:02:10.731" level="INFO">${button_existence} = True</msg>
<status status="PASS" starttime="20231214 14:02:10.717" endtime="20231214 14:02:10.731"/>
</kw>
<kw name="Run Keyword If" library="BuiltIn">
<arg>'${button_existence}' == 'True'</arg>
<arg>Append To File</arg>
<arg>file_with_variable.txt</arg>
<arg>${Usuario}\n</arg>
<doc>Runs the given keyword with the given arguments, if ``condition`` is true.</doc>
<kw name="Append To File" library="OperatingSystem">
<arg>file_with_variable.txt</arg>
<arg>${Usuario}\n</arg>
<doc>Appends the given content to the specified file.</doc>
<msg timestamp="20231214 14:02:10.735" level="INFO" html="true">Appended to file '&lt;a href="file://C:\Users\C5151356\Documents\Automa-o-Com-Robot-Framework-Web\file_with_variable.txt"&gt;C:\Users\C5151356\Documents\Automa-o-Com-Robot-Framework-Web\file_with_variable.txt&lt;/a&gt;'.</msg>
<status status="PASS" starttime="20231214 14:02:10.732" endtime="20231214 14:02:10.735"/>
</kw>
<status status="PASS" starttime="20231214 14:02:10.731" endtime="20231214 14:02:10.735"/>
</kw>
<kw name="Run Keyword If" library="BuiltIn">
<arg>'${button_existence}' == 'True'</arg>
<arg>Click Element</arg>
<arg>btnFechar</arg>
<doc>Runs the given keyword with the given arguments, if ``condition`` is true.</doc>
<kw name="Click Element" library="SeleniumLibrary">
<arg>btnFechar</arg>
<doc>Click the element identified by ``locator``.</doc>
<msg timestamp="20231214 14:02:10.736" level="INFO">Clicking element 'btnFechar'.</msg>
<status status="PASS" starttime="20231214 14:02:10.736" endtime="20231214 14:02:10.775"/>
</kw>
<status status="PASS" starttime="20231214 14:02:10.735" endtime="20231214 14:02:10.775"/>
</kw>
<kw name="Quando clicar em menu lateral" library="VerificarTelaDeLoginResources">
<kw name="Click Element" library="SeleniumLibrary">
<arg>${MENU_LATERAL_SAND}</arg>
<doc>Click the element identified by ``locator``.</doc>
<msg timestamp="20231214 14:02:10.776" level="INFO">Clicking element '//img[contains(@alt,'Menu')]'.</msg>
<msg timestamp="20231214 14:02:10.985" level="INFO" html="true">&lt;/td&gt;&lt;/tr&gt;&lt;tr&gt;&lt;td colspan="3"&gt;&lt;a href="selenium-screenshot-2874.png"&gt;&lt;img src="selenium-screenshot-2874.png" width="800px"&gt;&lt;/a&gt;</msg>
<msg timestamp="20231214 14:02:10.985" level="FAIL">Element with locator '//img[contains(@alt,'Menu')]' not found.</msg>
<status status="FAIL" starttime="20231214 14:02:10.775" endtime="20231214 14:02:10.995"/>
</kw>
<status status="FAIL" starttime="20231214 14:02:10.775" endtime="20231214 14:02:10.995"/>
</kw>
<kw name="Sair da página" library="VerificarTelaDeLoginResources">
<status status="NOT RUN" starttime="20231214 14:02:10.995" endtime="20231214 14:02:10.995"/>
</kw>
<status status="FAIL" starttime="20231214 14:02:08.152" endtime="20231214 14:02:10.996"/>
</branch>
<branch type="EXCEPT">
<pattern>Error message</pattern>
<kw name="Sair da página" library="VerificarTelaDeLoginResources">
<status status="NOT RUN" starttime="20231214 14:02:10.996" endtime="20231214 14:02:10.996"/>
</kw>
<status status="NOT RUN" starttime="20231214 14:02:10.996" endtime="20231214 14:02:10.996"/>
</branch>
<status status="FAIL" starttime="20231214 14:02:08.152" endtime="20231214 14:02:10.996"/>
</try>
<status status="FAIL" starttime="20231214 14:02:07.029" endtime="20231214 14:02:10.996"/>
</kw>
<kw name="Login com Usuário Assistido" library="VerificarTelaDeLoginResources">
<arg>ut.all.da1</arg>
<arg>ut.all.da1</arg>
<try>
<branch type="TRY">
<kw name="Maximize Browser Window" library="SeleniumLibrary">
<doc>Maximizes current browser window.</doc>
<status status="PASS" starttime="20231214 14:02:10.997" endtime="20231214 14:02:11.000"/>
</kw>
<status status="PASS" starttime="20231214 14:02:10.997" endtime="20231214 14:02:11.000"/>
</branch>
<branch type="EXCEPT">
<pattern>Error message</pattern>
<kw name="Log" library="BuiltIn">
<arg>message</arg>
<doc>Logs the given message with the given level.</doc>
<status status="NOT RUN" starttime="20231214 14:02:11.000" endtime="20231214 14:02:11.000"/>
</kw>
<status status="NOT RUN" starttime="20231214 14:02:11.000" endtime="20231214 14:02:11.001"/>
</branch>
<status status="PASS" starttime="20231214 14:02:10.997" endtime="20231214 14:02:11.001"/>
</try>
<kw name="Sleep" library="BuiltIn">
<arg>1s</arg>
<doc>Pauses the test executed for the given time.</doc>
<msg timestamp="20231214 14:02:12.001" level="INFO">Slept 1 second</msg>
<status status="PASS" starttime="20231214 14:02:11.001" endtime="20231214 14:02:12.001"/>
</kw>
<try>
<branch type="TRY">
<kw name="Scroll Element Into View" library="SeleniumLibrary">
<arg>${BOTAO_ACESSAR}</arg>
<doc>Scrolls the element identified by ``locator`` into view.</doc>
<status status="PASS" starttime="20231214 14:02:12.001" endtime="20231214 14:02:12.302"/>
</kw>
<kw name="Input Text" library="SeleniumLibrary">
<arg>${CAMPO_NOME}</arg>
<arg>${Usuario}</arg>
<doc>Types the given ``text`` into the text field identified by ``locator``.</doc>
<msg timestamp="20231214 14:02:12.302" level="INFO">Typing text 'ut.all.da1' into text field '//input[contains(@name,'ctl00$ContentPlaceHolder1$username')]'.</msg>
<status status="PASS" starttime="20231214 14:02:12.302" endtime="20231214 14:02:12.376"/>
</kw>
<kw name="Input Text" library="SeleniumLibrary">
<arg>${CAMPO_SENHA}</arg>
<arg>${Senha}</arg>
<doc>Types the given ``text`` into the text field identified by ``locator``.</doc>
<msg timestamp="20231214 14:02:12.377" level="INFO">Typing text 'ut.all.da1' into text field '//input[contains(@name,'ctl00$ContentPlaceHolder1$password')]'.</msg>
<status status="PASS" starttime="20231214 14:02:12.377" endtime="20231214 14:02:12.444"/>
</kw>
<kw name="Run Keyword And Return Status" library="BuiltIn">
<var>${is_button_visible}</var>
<arg>Element Should Be Visible</arg>
<arg>${BOTÃO_ENTENDIDO}</arg>
<doc>Runs the given keyword with given arguments and returns the status as a Boolean value.</doc>
<kw name="Element Should Be Visible" library="SeleniumLibrary">
<arg>${BOTÃO_ENTENDIDO}</arg>
<doc>Verifies that the element identified by ``locator`` is visible.</doc>
<msg timestamp="20231214 14:02:12.658" level="INFO" html="true">&lt;/td&gt;&lt;/tr&gt;&lt;tr&gt;&lt;td colspan="3"&gt;&lt;a href="selenium-screenshot-2875.png"&gt;&lt;img src="selenium-screenshot-2875.png" width="800px"&gt;&lt;/a&gt;</msg>
<msg timestamp="20231214 14:02:12.659" level="FAIL">The element 'cookieButton' should be visible, but it is not.</msg>
<status status="FAIL" starttime="20231214 14:02:12.444" endtime="20231214 14:02:12.659"/>
</kw>
<msg timestamp="20231214 14:02:12.660" level="INFO">${is_button_visible} = False</msg>
<status status="PASS" starttime="20231214 14:02:12.444" endtime="20231214 14:02:12.660"/>
</kw>
<kw name="Run Keyword And Return Status" library="BuiltIn">
<var>${button_existence}</var>
<arg>Log</arg>
<arg>Usuário com erro: ${Usuario}</arg>
<doc>Runs the given keyword with given arguments and returns the status as a Boolean value.</doc>
<kw name="Log" library="BuiltIn">
<arg>Usuário com erro: ${Usuario}</arg>
<doc>Logs the given message with the given level.</doc>
<msg timestamp="20231214 14:02:12.660" level="INFO">Usuário com erro: ut.all.da1</msg>
<status status="PASS" starttime="20231214 14:02:12.660" endtime="20231214 14:02:12.660"/>
</kw>
<msg timestamp="20231214 14:02:12.660" level="INFO">${button_existence} = True</msg>
<status status="PASS" starttime="20231214 14:02:12.660" endtime="20231214 14:02:12.660"/>
</kw>
<kw name="Run Keyword If" library="BuiltIn">
<arg>${is_button_visible}</arg>
<arg>Click Element</arg>
<arg>${BOTÃO_ENTENDIDO}</arg>
<doc>Runs the given keyword with the given arguments, if ``condition`` is true.</doc>
<status status="PASS" starttime="20231214 14:02:12.660" endtime="20231214 14:02:12.660"/>
</kw>
<kw name="Click Element" library="SeleniumLibrary">
<arg>${BOTAO_ACESSAR}</arg>
<doc>Click the element identified by ``locator``.</doc>
<msg timestamp="20231214 14:02:12.661" level="INFO">Clicking element 'ContentPlaceHolder1_btnEntrar2'.</msg>
<status status="PASS" starttime="20231214 14:02:12.660" endtime="20231214 14:02:16.376"/>
</kw>
<kw name="Run Keyword And Return Status" library="BuiltIn">
<var>${button_existence}</var>
<arg>Page Should Contain Element</arg>
<arg>btnFechar</arg>
<doc>Runs the given keyword with given arguments and returns the status as a Boolean value.</doc>
<kw name="Page Should Contain Element" library="SeleniumLibrary">
<arg>btnFechar</arg>
<doc>Verifies that element ``locator`` is found on the current page.</doc>
<msg timestamp="20231214 14:02:16.616" level="INFO" html="true">&lt;/td&gt;&lt;/tr&gt;&lt;tr&gt;&lt;td colspan="3"&gt;&lt;a href="selenium-screenshot-2876.png"&gt;&lt;img src="selenium-screenshot-2876.png" width="800px"&gt;&lt;/a&gt;</msg>
<msg timestamp="20231214 14:02:16.616" level="FAIL">Page should have contained element 'btnFechar' but did not.</msg>
<status status="FAIL" starttime="20231214 14:02:16.377" endtime="20231214 14:02:16.619"/>
</kw>
<msg timestamp="20231214 14:02:16.619" level="INFO">${button_existence} = False</msg>
<status status="PASS" starttime="20231214 14:02:16.377" endtime="20231214 14:02:16.619"/>
</kw>
<kw name="Run Keyword If" library="BuiltIn">
<arg>'${button_existence}' == 'True'</arg>
<arg>Append To File</arg>
<arg>file_with_variable.txt</arg>
<arg>${Usuario}\n</arg>
<doc>Runs the given keyword with the given arguments, if ``condition`` is true.</doc>
<status status="PASS" starttime="20231214 14:02:16.619" endtime="20231214 14:02:16.619"/>
</kw>
<kw name="Run Keyword If" library="BuiltIn">
<arg>'${button_existence}' == 'True'</arg>
<arg>Click Element</arg>
<arg>btnFechar</arg>
<doc>Runs the given keyword with the given arguments, if ``condition`` is true.</doc>
<status status="PASS" starttime="20231214 14:02:16.619" endtime="20231214 14:02:16.622"/>
</kw>
<kw name="Quando clicar em menu lateral" library="VerificarTelaDeLoginResources">
<kw name="Click Element" library="SeleniumLibrary">
<arg>${MENU_LATERAL_SAND}</arg>
<doc>Click the element identified by ``locator``.</doc>
<msg timestamp="20231214 14:02:16.625" level="INFO">Clicking element '//img[contains(@alt,'Menu')]'.</msg>
<status status="PASS" starttime="20231214 14:02:16.623" endtime="20231214 14:02:16.654"/>
</kw>
<status status="PASS" starttime="20231214 14:02:16.623" endtime="20231214 14:02:16.654"/>
</kw>
<kw name="Sair da página" library="VerificarTelaDeLoginResources">
<kw name="Go To" library="SeleniumLibrary">
<arg>https://www.portal-hro.com.br/portal/site/Multibra-Homolog/Action/Logout.aspx</arg>
<doc>Navigates the current browser window to the provided ``url``.</doc>
<msg timestamp="20231214 14:02:16.655" level="INFO">Opening url 'https://www.portal-hro.com.br/portal/site/Multibra-Homolog/Action/Logout.aspx'</msg>
<status status="PASS" starttime="20231214 14:02:16.655" endtime="20231214 14:02:18.027"/>
</kw>
<status status="PASS" starttime="20231214 14:02:16.655" endtime="20231214 14:02:18.027"/>
</kw>
<status status="PASS" starttime="20231214 14:02:12.001" endtime="20231214 14:02:18.027"/>
</branch>
<branch type="EXCEPT">
<pattern>Error message</pattern>
<kw name="Sair da página" library="VerificarTelaDeLoginResources">
<status status="NOT RUN" starttime="20231214 14:02:18.028" endtime="20231214 14:02:18.028"/>
</kw>
<status status="NOT RUN" starttime="20231214 14:02:18.028" endtime="20231214 14:02:18.028"/>
</branch>
<status status="PASS" starttime="20231214 14:02:12.001" endtime="20231214 14:02:18.028"/>
</try>
<status status="PASS" starttime="20231214 14:02:10.996" endtime="20231214 14:02:18.028"/>
</kw>
<kw name="Login com Usuário Assistido" library="VerificarTelaDeLoginResources">
<arg>ut.apaba.da1</arg>
<arg>ut.apaba.da1</arg>
<try>
<branch type="TRY">
<kw name="Maximize Browser Window" library="SeleniumLibrary">
<doc>Maximizes current browser window.</doc>
<status status="PASS" starttime="20231214 14:02:18.029" endtime="20231214 14:02:18.033"/>
</kw>
<status status="PASS" starttime="20231214 14:02:18.029" endtime="20231214 14:02:18.033"/>
</branch>
<branch type="EXCEPT">
<pattern>Error message</pattern>
<kw name="Log" library="BuiltIn">
<arg>message</arg>
<doc>Logs the given message with the given level.</doc>
<status status="NOT RUN" starttime="20231214 14:02:18.033" endtime="20231214 14:02:18.033"/>
</kw>
<status status="NOT RUN" starttime="20231214 14:02:18.033" endtime="20231214 14:02:18.033"/>
</branch>
<status status="PASS" starttime="20231214 14:02:18.029" endtime="20231214 14:02:18.034"/>
</try>
<kw name="Sleep" library="BuiltIn">
<arg>1s</arg>
<doc>Pauses the test executed for the given time.</doc>
<msg timestamp="20231214 14:02:19.035" level="INFO">Slept 1 second</msg>
<status status="PASS" starttime="20231214 14:02:18.034" endtime="20231214 14:02:19.035"/>
</kw>
<try>
<branch type="TRY">
<kw name="Scroll Element Into View" library="SeleniumLibrary">
<arg>${BOTAO_ACESSAR}</arg>
<doc>Scrolls the element identified by ``locator`` into view.</doc>
<status status="PASS" starttime="20231214 14:02:19.036" endtime="20231214 14:02:19.337"/>
</kw>
<kw name="Input Text" library="SeleniumLibrary">
<arg>${CAMPO_NOME}</arg>
<arg>${Usuario}</arg>
<doc>Types the given ``text`` into the text field identified by ``locator``.</doc>
<msg timestamp="20231214 14:02:19.339" level="INFO">Typing text 'ut.apaba.da1' into text field '//input[contains(@name,'ctl00$ContentPlaceHolder1$username')]'.</msg>
<status status="PASS" starttime="20231214 14:02:19.338" endtime="20231214 14:02:19.397"/>
</kw>
<kw name="Input Text" library="SeleniumLibrary">
<arg>${CAMPO_SENHA}</arg>
<arg>${Senha}</arg>
<doc>Types the given ``text`` into the text field identified by ``locator``.</doc>
<msg timestamp="20231214 14:02:19.397" level="INFO">Typing text 'ut.apaba.da1' into text field '//input[contains(@name,'ctl00$ContentPlaceHolder1$password')]'.</msg>
<status status="PASS" starttime="20231214 14:02:19.397" endtime="20231214 14:02:19.451"/>
</kw>
<kw name="Run Keyword And Return Status" library="BuiltIn">
<var>${is_button_visible}</var>
<arg>Element Should Be Visible</arg>
<arg>${BOTÃO_ENTENDIDO}</arg>
<doc>Runs the given keyword with given arguments and returns the status as a Boolean value.</doc>
<kw name="Element Should Be Visible" library="SeleniumLibrary">
<arg>${BOTÃO_ENTENDIDO}</arg>
<doc>Verifies that the element identified by ``locator`` is visible.</doc>
<msg timestamp="20231214 14:02:19.626" level="INFO" html="true">&lt;/td&gt;&lt;/tr&gt;&lt;tr&gt;&lt;td colspan="3"&gt;&lt;a href="selenium-screenshot-2877.png"&gt;&lt;img src="selenium-screenshot-2877.png" width="800px"&gt;&lt;/a&gt;</msg>
<msg timestamp="20231214 14:02:19.626" level="FAIL">The element 'cookieButton' should be visible, but it is not.</msg>
<status status="FAIL" starttime="20231214 14:02:19.451" endtime="20231214 14:02:19.627"/>
</kw>
<msg timestamp="20231214 14:02:19.627" level="INFO">${is_button_visible} = False</msg>
<status status="PASS" starttime="20231214 14:02:19.451" endtime="20231214 14:02:19.627"/>
</kw>
<kw name="Run Keyword And Return Status" library="BuiltIn">
<var>${button_existence}</var>
<arg>Log</arg>
<arg>Usuário com erro: ${Usuario}</arg>
<doc>Runs the given keyword with given arguments and returns the status as a Boolean value.</doc>
<kw name="Log" library="BuiltIn">
<arg>Usuário com erro: ${Usuario}</arg>
<doc>Logs the given message with the given level.</doc>
<msg timestamp="20231214 14:02:19.628" level="INFO">Usuário com erro: ut.apaba.da1</msg>
<status status="PASS" starttime="20231214 14:02:19.628" endtime="20231214 14:02:19.628"/>
</kw>
<msg timestamp="20231214 14:02:19.628" level="INFO">${button_existence} = True</msg>
<status status="PASS" starttime="20231214 14:02:19.628" endtime="20231214 14:02:19.628"/>
</kw>
<kw name="Run Keyword If" library="BuiltIn">
<arg>${is_button_visible}</arg>
<arg>Click Element</arg>
<arg>${BOTÃO_ENTENDIDO}</arg>
<doc>Runs the given keyword with the given arguments, if ``condition`` is true.</doc>
<status status="PASS" starttime="20231214 14:02:19.628" endtime="20231214 14:02:19.628"/>
</kw>
<kw name="Click Element" library="SeleniumLibrary">
<arg>${BOTAO_ACESSAR}</arg>
<doc>Click the element identified by ``locator``.</doc>
<msg timestamp="20231214 14:02:19.630" level="INFO">Clicking element 'ContentPlaceHolder1_btnEntrar2'.</msg>
<status status="PASS" starttime="20231214 14:02:19.630" endtime="20231214 14:02:21.894"/>
</kw>
<kw name="Run Keyword And Return Status" library="BuiltIn">
<var>${button_existence}</var>
<arg>Page Should Contain Element</arg>
<arg>btnFechar</arg>
<doc>Runs the given keyword with given arguments and returns the status as a Boolean value.</doc>
<kw name="Page Should Contain Element" library="SeleniumLibrary">
<arg>btnFechar</arg>
<doc>Verifies that element ``locator`` is found on the current page.</doc>
<msg timestamp="20231214 14:02:22.096" level="INFO" html="true">&lt;/td&gt;&lt;/tr&gt;&lt;tr&gt;&lt;td colspan="3"&gt;&lt;a href="selenium-screenshot-2878.png"&gt;&lt;img src="selenium-screenshot-2878.png" width="800px"&gt;&lt;/a&gt;</msg>
<msg timestamp="20231214 14:02:22.096" level="FAIL">Page should have contained element 'btnFechar' but did not.</msg>
<status status="FAIL" starttime="20231214 14:02:21.895" endtime="20231214 14:02:22.097"/>
</kw>
<msg timestamp="20231214 14:02:22.097" level="INFO">${button_existence} = False</msg>
<status status="PASS" starttime="20231214 14:02:21.895" endtime="20231214 14:02:22.097"/>
</kw>
<kw name="Run Keyword If" library="BuiltIn">
<arg>'${button_existence}' == 'True'</arg>
<arg>Append To File</arg>
<arg>file_with_variable.txt</arg>
<arg>${Usuario}\n</arg>
<doc>Runs the given keyword with the given arguments, if ``condition`` is true.</doc>
<status status="PASS" starttime="20231214 14:02:22.097" endtime="20231214 14:02:22.098"/>
</kw>
<kw name="Run Keyword If" library="BuiltIn">
<arg>'${button_existence}' == 'True'</arg>
<arg>Click Element</arg>
<arg>btnFechar</arg>
<doc>Runs the given keyword with the given arguments, if ``condition`` is true.</doc>
<status status="PASS" starttime="20231214 14:02:22.098" endtime="20231214 14:02:22.099"/>
</kw>
<kw name="Quando clicar em menu lateral" library="VerificarTelaDeLoginResources">
<kw name="Click Element" library="SeleniumLibrary">
<arg>${MENU_LATERAL_SAND}</arg>
<doc>Click the element identified by ``locator``.</doc>
<msg timestamp="20231214 14:02:22.099" level="INFO">Clicking element '//img[contains(@alt,'Menu')]'.</msg>
<status status="PASS" starttime="20231214 14:02:22.099" endtime="20231214 14:02:22.134"/>
</kw>
<status status="PASS" starttime="20231214 14:02:22.099" endtime="20231214 14:02:22.134"/>
</kw>
<kw name="Sair da página" library="VerificarTelaDeLoginResources">
<kw name="Go To" library="SeleniumLibrary">
<arg>https://www.portal-hro.com.br/portal/site/Multibra-Homolog/Action/Logout.aspx</arg>
<doc>Navigates the current browser window to the provided ``url``.</doc>
<msg timestamp="20231214 14:02:22.135" level="INFO">Opening url 'https://www.portal-hro.com.br/portal/site/Multibra-Homolog/Action/Logout.aspx'</msg>
<status status="PASS" starttime="20231214 14:02:22.134" endtime="20231214 14:02:23.011"/>
</kw>
<status status="PASS" starttime="20231214 14:02:22.134" endtime="20231214 14:02:23.011"/>
</kw>
<status status="PASS" starttime="20231214 14:02:19.035" endtime="20231214 14:02:23.011"/>
</branch>
<branch type="EXCEPT">
<pattern>Error message</pattern>
<kw name="Sair da página" library="VerificarTelaDeLoginResources">
<status status="NOT RUN" starttime="20231214 14:02:23.012" endtime="20231214 14:02:23.012"/>
</kw>
<status status="NOT RUN" starttime="20231214 14:02:23.012" endtime="20231214 14:02:23.012"/>
</branch>
<status status="PASS" starttime="20231214 14:02:19.035" endtime="20231214 14:02:23.012"/>
</try>
<status status="PASS" starttime="20231214 14:02:18.029" endtime="20231214 14:02:23.012"/>
</kw>
<kw name="Login com Usuário Assistido" library="VerificarTelaDeLoginResources">
<arg>ut.aesp.da1</arg>
<arg>ut.aesp.da1</arg>
<try>
<branch type="TRY">
<kw name="Maximize Browser Window" library="SeleniumLibrary">
<doc>Maximizes current browser window.</doc>
<status status="PASS" starttime="20231214 14:02:23.015" endtime="20231214 14:02:23.131"/>
</kw>
<status status="PASS" starttime="20231214 14:02:23.014" endtime="20231214 14:02:23.132"/>
</branch>
<branch type="EXCEPT">
<pattern>Error message</pattern>
<kw name="Log" library="BuiltIn">
<arg>message</arg>
<doc>Logs the given message with the given level.</doc>
<status status="NOT RUN" starttime="20231214 14:02:23.132" endtime="20231214 14:02:23.132"/>
</kw>
<status status="NOT RUN" starttime="20231214 14:02:23.132" endtime="20231214 14:02:23.132"/>
</branch>
<status status="PASS" starttime="20231214 14:02:23.014" endtime="20231214 14:02:23.132"/>
</try>
<kw name="Sleep" library="BuiltIn">
<arg>1s</arg>
<doc>Pauses the test executed for the given time.</doc>
<msg timestamp="20231214 14:02:24.133" level="INFO">Slept 1 second</msg>
<status status="PASS" starttime="20231214 14:02:23.132" endtime="20231214 14:02:24.133"/>
</kw>
<try>
<branch type="TRY">
<kw name="Scroll Element Into View" library="SeleniumLibrary">
<arg>${BOTAO_ACESSAR}</arg>
<doc>Scrolls the element identified by ``locator`` into view.</doc>
<status status="PASS" starttime="20231214 14:02:24.133" endtime="20231214 14:02:24.433"/>
</kw>
<kw name="Input Text" library="SeleniumLibrary">
<arg>${CAMPO_NOME}</arg>
<arg>${Usuario}</arg>
<doc>Types the given ``text`` into the text field identified by ``locator``.</doc>
<msg timestamp="20231214 14:02:24.434" level="INFO">Typing text 'ut.aesp.da1' into text field '//input[contains(@name,'ctl00$ContentPlaceHolder1$username')]'.</msg>
<status status="PASS" starttime="20231214 14:02:24.433" endtime="20231214 14:02:24.516"/>
</kw>
<kw name="Input Text" library="SeleniumLibrary">
<arg>${CAMPO_SENHA}</arg>
<arg>${Senha}</arg>
<doc>Types the given ``text`` into the text field identified by ``locator``.</doc>
<msg timestamp="20231214 14:02:24.517" level="INFO">Typing text 'ut.aesp.da1' into text field '//input[contains(@name,'ctl00$ContentPlaceHolder1$password')]'.</msg>
<status status="PASS" starttime="20231214 14:02:24.516" endtime="20231214 14:02:24.595"/>
</kw>
<kw name="Run Keyword And Return Status" library="BuiltIn">
<var>${is_button_visible}</var>
<arg>Element Should Be Visible</arg>
<arg>${BOTÃO_ENTENDIDO}</arg>
<doc>Runs the given keyword with given arguments and returns the status as a Boolean value.</doc>
<kw name="Element Should Be Visible" library="SeleniumLibrary">
<arg>${BOTÃO_ENTENDIDO}</arg>
<doc>Verifies that the element identified by ``locator`` is visible.</doc>
<msg timestamp="20231214 14:02:24.800" level="INFO" html="true">&lt;/td&gt;&lt;/tr&gt;&lt;tr&gt;&lt;td colspan="3"&gt;&lt;a href="selenium-screenshot-2879.png"&gt;&lt;img src="selenium-screenshot-2879.png" width="800px"&gt;&lt;/a&gt;</msg>
<msg timestamp="20231214 14:02:24.800" level="FAIL">The element 'cookieButton' should be visible, but it is not.</msg>
<status status="FAIL" starttime="20231214 14:02:24.595" endtime="20231214 14:02:24.801"/>
</kw>
<msg timestamp="20231214 14:02:24.801" level="INFO">${is_button_visible} = False</msg>
<status status="PASS" starttime="20231214 14:02:24.595" endtime="20231214 14:02:24.801"/>
</kw>
<kw name="Run Keyword And Return Status" library="BuiltIn">
<var>${button_existence}</var>
<arg>Log</arg>
<arg>Usuário com erro: ${Usuario}</arg>
<doc>Runs the given keyword with given arguments and returns the status as a Boolean value.</doc>
<kw name="Log" library="BuiltIn">
<arg>Usuário com erro: ${Usuario}</arg>
<doc>Logs the given message with the given level.</doc>
<msg timestamp="20231214 14:02:24.802" level="INFO">Usuário com erro: ut.aesp.da1</msg>
<status status="PASS" starttime="20231214 14:02:24.802" endtime="20231214 14:02:24.802"/>
</kw>
<msg timestamp="20231214 14:02:24.802" level="INFO">${button_existence} = True</msg>
<status status="PASS" starttime="20231214 14:02:24.801" endtime="20231214 14:02:24.802"/>
</kw>
<kw name="Run Keyword If" library="BuiltIn">
<arg>${is_button_visible}</arg>
<arg>Click Element</arg>
<arg>${BOTÃO_ENTENDIDO}</arg>
<doc>Runs the given keyword with the given arguments, if ``condition`` is true.</doc>
<status status="PASS" starttime="20231214 14:02:24.802" endtime="20231214 14:02:24.803"/>
</kw>
<kw name="Click Element" library="SeleniumLibrary">
<arg>${BOTAO_ACESSAR}</arg>
<doc>Click the element identified by ``locator``.</doc>
<msg timestamp="20231214 14:02:24.803" level="INFO">Clicking element 'ContentPlaceHolder1_btnEntrar2'.</msg>
<status status="PASS" starttime="20231214 14:02:24.803" endtime="20231214 14:02:25.724"/>
</kw>
<kw name="Run Keyword And Return Status" library="BuiltIn">
<var>${button_existence}</var>
<arg>Page Should Contain Element</arg>
<arg>btnFechar</arg>
<doc>Runs the given keyword with given arguments and returns the status as a Boolean value.</doc>
<kw name="Page Should Contain Element" library="SeleniumLibrary">
<arg>btnFechar</arg>
<doc>Verifies that element ``locator`` is found on the current page.</doc>
<msg timestamp="20231214 14:02:25.733" level="INFO">Current page contains element 'btnFechar'.</msg>
<status status="PASS" starttime="20231214 14:02:25.725" endtime="20231214 14:02:25.733"/>
</kw>
<msg timestamp="20231214 14:02:25.733" level="INFO">${button_existence} = True</msg>
<status status="PASS" starttime="20231214 14:02:25.725" endtime="20231214 14:02:25.733"/>
</kw>
<kw name="Run Keyword If" library="BuiltIn">
<arg>'${button_existence}' == 'True'</arg>
<arg>Append To File</arg>
<arg>file_with_variable.txt</arg>
<arg>${Usuario}\n</arg>
<doc>Runs the given keyword with the given arguments, if ``condition`` is true.</doc>
<kw name="Append To File" library="OperatingSystem">
<arg>file_with_variable.txt</arg>
<arg>${Usuario}\n</arg>
<doc>Appends the given content to the specified file.</doc>
<msg timestamp="20231214 14:02:25.736" level="INFO" html="true">Appended to file '&lt;a href="file://C:\Users\C5151356\Documents\Automa-o-Com-Robot-Framework-Web\file_with_variable.txt"&gt;C:\Users\C5151356\Documents\Automa-o-Com-Robot-Framework-Web\file_with_variable.txt&lt;/a&gt;'.</msg>
<status status="PASS" starttime="20231214 14:02:25.734" endtime="20231214 14:02:25.736"/>
</kw>
<status status="PASS" starttime="20231214 14:02:25.733" endtime="20231214 14:02:25.736"/>
</kw>
<kw name="Run Keyword If" library="BuiltIn">
<arg>'${button_existence}' == 'True'</arg>
<arg>Click Element</arg>
<arg>btnFechar</arg>
<doc>Runs the given keyword with the given arguments, if ``condition`` is true.</doc>
<kw name="Click Element" library="SeleniumLibrary">
<arg>btnFechar</arg>
<doc>Click the element identified by ``locator``.</doc>
<msg timestamp="20231214 14:02:25.737" level="INFO">Clicking element 'btnFechar'.</msg>
<status status="PASS" starttime="20231214 14:02:25.737" endtime="20231214 14:02:25.768"/>
</kw>
<status status="PASS" starttime="20231214 14:02:25.736" endtime="20231214 14:02:25.768"/>
</kw>
<kw name="Quando clicar em menu lateral" library="VerificarTelaDeLoginResources">
<kw name="Click Element" library="SeleniumLibrary">
<arg>${MENU_LATERAL_SAND}</arg>
<doc>Click the element identified by ``locator``.</doc>
<msg timestamp="20231214 14:02:25.769" level="INFO">Clicking element '//img[contains(@alt,'Menu')]'.</msg>
<msg timestamp="20231214 14:02:25.991" level="INFO" html="true">&lt;/td&gt;&lt;/tr&gt;&lt;tr&gt;&lt;td colspan="3"&gt;&lt;a href="selenium-screenshot-2880.png"&gt;&lt;img src="selenium-screenshot-2880.png" width="800px"&gt;&lt;/a&gt;</msg>
<msg timestamp="20231214 14:02:25.991" level="FAIL">Element with locator '//img[contains(@alt,'Menu')]' not found.</msg>
<status status="FAIL" starttime="20231214 14:02:25.768" endtime="20231214 14:02:25.993"/>
</kw>
<status status="FAIL" starttime="20231214 14:02:25.768" endtime="20231214 14:02:25.993"/>
</kw>
<kw name="Sair da página" library="VerificarTelaDeLoginResources">
<status status="NOT RUN" starttime="20231214 14:02:25.993" endtime="20231214 14:02:25.993"/>
</kw>
<status status="FAIL" starttime="20231214 14:02:24.133" endtime="20231214 14:02:25.993"/>
</branch>
<branch type="EXCEPT">
<pattern>Error message</pattern>
<kw name="Sair da página" library="VerificarTelaDeLoginResources">
<status status="NOT RUN" starttime="20231214 14:02:25.993" endtime="20231214 14:02:25.993"/>
</kw>
<status status="NOT RUN" starttime="20231214 14:02:25.993" endtime="20231214 14:02:25.993"/>
</branch>
<status status="FAIL" starttime="20231214 14:02:24.133" endtime="20231214 14:02:25.993"/>
</try>
<status status="FAIL" starttime="20231214 14:02:23.013" endtime="20231214 14:02:25.993"/>
</kw>
<kw name="Login com Usuário Assistido" library="VerificarTelaDeLoginResources">
<arg>ut.bahema.da1</arg>
<arg>ut.bahema.da1</arg>
<try>
<branch type="TRY">
<kw name="Maximize Browser Window" library="SeleniumLibrary">
<doc>Maximizes current browser window.</doc>
<status status="PASS" starttime="20231214 14:02:25.995" endtime="20231214 14:02:25.997"/>
</kw>
<status status="PASS" starttime="20231214 14:02:25.994" endtime="20231214 14:02:25.997"/>
</branch>
<branch type="EXCEPT">
<pattern>Error message</pattern>
<kw name="Log" library="BuiltIn">
<arg>message</arg>
<doc>Logs the given message with the given level.</doc>
<status status="NOT RUN" starttime="20231214 14:02:25.998" endtime="20231214 14:02:25.998"/>
</kw>
<status status="NOT RUN" starttime="20231214 14:02:25.998" endtime="20231214 14:02:25.998"/>
</branch>
<status status="PASS" starttime="20231214 14:02:25.994" endtime="20231214 14:02:25.998"/>
</try>
<kw name="Sleep" library="BuiltIn">
<arg>1s</arg>
<doc>Pauses the test executed for the given time.</doc>
<msg timestamp="20231214 14:02:26.999" level="INFO">Slept 1 second</msg>
<status status="PASS" starttime="20231214 14:02:25.998" endtime="20231214 14:02:26.999"/>
</kw>
<try>
<branch type="TRY">
<kw name="Scroll Element Into View" library="SeleniumLibrary">
<arg>${BOTAO_ACESSAR}</arg>
<doc>Scrolls the element identified by ``locator`` into view.</doc>
<status status="PASS" starttime="20231214 14:02:27.000" endtime="20231214 14:02:27.287"/>
</kw>
<kw name="Input Text" library="SeleniumLibrary">
<arg>${CAMPO_NOME}</arg>
<arg>${Usuario}</arg>
<doc>Types the given ``text`` into the text field identified by ``locator``.</doc>
<msg timestamp="20231214 14:02:27.288" level="INFO">Typing text 'ut.bahema.da1' into text field '//input[contains(@name,'ctl00$ContentPlaceHolder1$username')]'.</msg>
<status status="PASS" starttime="20231214 14:02:27.287" endtime="20231214 14:02:27.351"/>
</kw>
<kw name="Input Text" library="SeleniumLibrary">
<arg>${CAMPO_SENHA}</arg>
<arg>${Senha}</arg>
<doc>Types the given ``text`` into the text field identified by ``locator``.</doc>
<msg timestamp="20231214 14:02:27.351" level="INFO">Typing text 'ut.bahema.da1' into text field '//input[contains(@name,'ctl00$ContentPlaceHolder1$password')]'.</msg>
<status status="PASS" starttime="20231214 14:02:27.351" endtime="20231214 14:02:27.412"/>
</kw>
<kw name="Run Keyword And Return Status" library="BuiltIn">
<var>${is_button_visible}</var>
<arg>Element Should Be Visible</arg>
<arg>${BOTÃO_ENTENDIDO}</arg>
<doc>Runs the given keyword with given arguments and returns the status as a Boolean value.</doc>
<kw name="Element Should Be Visible" library="SeleniumLibrary">
<arg>${BOTÃO_ENTENDIDO}</arg>
<doc>Verifies that the element identified by ``locator`` is visible.</doc>
<msg timestamp="20231214 14:02:27.608" level="INFO" html="true">&lt;/td&gt;&lt;/tr&gt;&lt;tr&gt;&lt;td colspan="3"&gt;&lt;a href="selenium-screenshot-2881.png"&gt;&lt;img src="selenium-screenshot-2881.png" width="800px"&gt;&lt;/a&gt;</msg>
<msg timestamp="20231214 14:02:27.608" level="FAIL">The element 'cookieButton' should be visible, but it is not.</msg>
<status status="FAIL" starttime="20231214 14:02:27.412" endtime="20231214 14:02:27.608"/>
</kw>
<msg timestamp="20231214 14:02:27.609" level="INFO">${is_button_visible} = False</msg>
<status status="PASS" starttime="20231214 14:02:27.412" endtime="20231214 14:02:27.609"/>
</kw>
<kw name="Run Keyword And Return Status" library="BuiltIn">
<var>${button_existence}</var>
<arg>Log</arg>
<arg>Usuário com erro: ${Usuario}</arg>
<doc>Runs the given keyword with given arguments and returns the status as a Boolean value.</doc>
<kw name="Log" library="BuiltIn">
<arg>Usuário com erro: ${Usuario}</arg>
<doc>Logs the given message with the given level.</doc>
<msg timestamp="20231214 14:02:27.610" level="INFO">Usuário com erro: ut.bahema.da1</msg>
<status status="PASS" starttime="20231214 14:02:27.610" endtime="20231214 14:02:27.610"/>
</kw>
<msg timestamp="20231214 14:02:27.610" level="INFO">${button_existence} = True</msg>
<status status="PASS" starttime="20231214 14:02:27.609" endtime="20231214 14:02:27.610"/>
</kw>
<kw name="Run Keyword If" library="BuiltIn">
<arg>${is_button_visible}</arg>
<arg>Click Element</arg>
<arg>${BOTÃO_ENTENDIDO}</arg>
<doc>Runs the given keyword with the given arguments, if ``condition`` is true.</doc>
<status status="PASS" starttime="20231214 14:02:27.610" endtime="20231214 14:02:27.610"/>
</kw>
<kw name="Click Element" library="SeleniumLibrary">
<arg>${BOTAO_ACESSAR}</arg>
<doc>Click the element identified by ``locator``.</doc>
<msg timestamp="20231214 14:02:27.610" level="INFO">Clicking element 'ContentPlaceHolder1_btnEntrar2'.</msg>
<status status="PASS" starttime="20231214 14:02:27.610" endtime="20231214 14:02:29.310"/>
</kw>
<kw name="Run Keyword And Return Status" library="BuiltIn">
<var>${button_existence}</var>
<arg>Page Should Contain Element</arg>
<arg>btnFechar</arg>
<doc>Runs the given keyword with given arguments and returns the status as a Boolean value.</doc>
<kw name="Page Should Contain Element" library="SeleniumLibrary">
<arg>btnFechar</arg>
<doc>Verifies that element ``locator`` is found on the current page.</doc>
<msg timestamp="20231214 14:02:29.320" level="INFO">Current page contains element 'btnFechar'.</msg>
<status status="PASS" starttime="20231214 14:02:29.311" endtime="20231214 14:02:29.320"/>
</kw>
<msg timestamp="20231214 14:02:29.320" level="INFO">${button_existence} = True</msg>
<status status="PASS" starttime="20231214 14:02:29.310" endtime="20231214 14:02:29.320"/>
</kw>
<kw name="Run Keyword If" library="BuiltIn">
<arg>'${button_existence}' == 'True'</arg>
<arg>Append To File</arg>
<arg>file_with_variable.txt</arg>
<arg>${Usuario}\n</arg>
<doc>Runs the given keyword with the given arguments, if ``condition`` is true.</doc>
<kw name="Append To File" library="OperatingSystem">
<arg>file_with_variable.txt</arg>
<arg>${Usuario}\n</arg>
<doc>Appends the given content to the specified file.</doc>
<msg timestamp="20231214 14:02:29.324" level="INFO" html="true">Appended to file '&lt;a href="file://C:\Users\C5151356\Documents\Automa-o-Com-Robot-Framework-Web\file_with_variable.txt"&gt;C:\Users\C5151356\Documents\Automa-o-Com-Robot-Framework-Web\file_with_variable.txt&lt;/a&gt;'.</msg>
<status status="PASS" starttime="20231214 14:02:29.322" endtime="20231214 14:02:29.324"/>
</kw>
<status status="PASS" starttime="20231214 14:02:29.321" endtime="20231214 14:02:29.324"/>
</kw>
<kw name="Run Keyword If" library="BuiltIn">
<arg>'${button_existence}' == 'True'</arg>
<arg>Click Element</arg>
<arg>btnFechar</arg>
<doc>Runs the given keyword with the given arguments, if ``condition`` is true.</doc>
<kw name="Click Element" library="SeleniumLibrary">
<arg>btnFechar</arg>
<doc>Click the element identified by ``locator``.</doc>
<msg timestamp="20231214 14:02:29.326" level="INFO">Clicking element 'btnFechar'.</msg>
<status status="PASS" starttime="20231214 14:02:29.325" endtime="20231214 14:02:29.365"/>
</kw>
<status status="PASS" starttime="20231214 14:02:29.325" endtime="20231214 14:02:29.365"/>
</kw>
<kw name="Quando clicar em menu lateral" library="VerificarTelaDeLoginResources">
<kw name="Click Element" library="SeleniumLibrary">
<arg>${MENU_LATERAL_SAND}</arg>
<doc>Click the element identified by ``locator``.</doc>
<msg timestamp="20231214 14:02:29.367" level="INFO">Clicking element '//img[contains(@alt,'Menu')]'.</msg>
<msg timestamp="20231214 14:02:29.652" level="INFO" html="true">&lt;/td&gt;&lt;/tr&gt;&lt;tr&gt;&lt;td colspan="3"&gt;&lt;a href="selenium-screenshot-2882.png"&gt;&lt;img src="selenium-screenshot-2882.png" width="800px"&gt;&lt;/a&gt;</msg>
<msg timestamp="20231214 14:02:29.653" level="FAIL">Element with locator '//img[contains(@alt,'Menu')]' not found.</msg>
<status status="FAIL" starttime="20231214 14:02:29.366" endtime="20231214 14:02:29.653"/>
</kw>
<status status="FAIL" starttime="20231214 14:02:29.366" endtime="20231214 14:02:29.653"/>
</kw>
<kw name="Sair da página" library="VerificarTelaDeLoginResources">
<status status="NOT RUN" starttime="20231214 14:02:29.654" endtime="20231214 14:02:29.654"/>
</kw>
<status status="FAIL" starttime="20231214 14:02:27.000" endtime="20231214 14:02:29.655"/>
</branch>
<branch type="EXCEPT">
<pattern>Error message</pattern>
<kw name="Sair da página" library="VerificarTelaDeLoginResources">
<status status="NOT RUN" starttime="20231214 14:02:29.655" endtime="20231214 14:02:29.655"/>
</kw>
<status status="NOT RUN" starttime="20231214 14:02:29.655" endtime="20231214 14:02:29.655"/>
</branch>
<status status="FAIL" starttime="20231214 14:02:27.000" endtime="20231214 14:02:29.655"/>
</try>
<status status="FAIL" starttime="20231214 14:02:25.994" endtime="20231214 14:02:29.656"/>
</kw>
<kw name="Login com Usuário Assistido" library="VerificarTelaDeLoginResources">
<arg>ut.benteler.da1</arg>
<arg>ut.benteler.da1</arg>
<try>
<branch type="TRY">
<kw name="Maximize Browser Window" library="SeleniumLibrary">
<doc>Maximizes current browser window.</doc>
<status status="PASS" starttime="20231214 14:02:29.657" endtime="20231214 14:02:29.663"/>
</kw>
<status status="PASS" starttime="20231214 14:02:29.657" endtime="20231214 14:02:29.663"/>
</branch>
<branch type="EXCEPT">
<pattern>Error message</pattern>
<kw name="Log" library="BuiltIn">
<arg>message</arg>
<doc>Logs the given message with the given level.</doc>
<status status="NOT RUN" starttime="20231214 14:02:29.663" endtime="20231214 14:02:29.663"/>
</kw>
<status status="NOT RUN" starttime="20231214 14:02:29.663" endtime="20231214 14:02:29.663"/>
</branch>
<status status="PASS" starttime="20231214 14:02:29.657" endtime="20231214 14:02:29.663"/>
</try>
<kw name="Sleep" library="BuiltIn">
<arg>1s</arg>
<doc>Pauses the test executed for the given time.</doc>
<msg timestamp="20231214 14:02:30.664" level="INFO">Slept 1 second</msg>
<status status="PASS" starttime="20231214 14:02:29.663" endtime="20231214 14:02:30.664"/>
</kw>
<try>
<branch type="TRY">
<kw name="Scroll Element Into View" library="SeleniumLibrary">
<arg>${BOTAO_ACESSAR}</arg>
<doc>Scrolls the element identified by ``locator`` into view.</doc>
<status status="PASS" starttime="20231214 14:02:30.664" endtime="20231214 14:02:31.018"/>
</kw>
<kw name="Input Text" library="SeleniumLibrary">
<arg>${CAMPO_NOME}</arg>
<arg>${Usuario}</arg>
<doc>Types the given ``text`` into the text field identified by ``locator``.</doc>
<msg timestamp="20231214 14:02:31.019" level="INFO">Typing text 'ut.benteler.da1' into text field '//input[contains(@name,'ctl00$ContentPlaceHolder1$username')]'.</msg>
<status status="PASS" starttime="20231214 14:02:31.018" endtime="20231214 14:02:31.083"/>
</kw>
<kw name="Input Text" library="SeleniumLibrary">
<arg>${CAMPO_SENHA}</arg>
<arg>${Senha}</arg>
<doc>Types the given ``text`` into the text field identified by ``locator``.</doc>
<msg timestamp="20231214 14:02:31.083" level="INFO">Typing text 'ut.benteler.da1' into text field '//input[contains(@name,'ctl00$ContentPlaceHolder1$password')]'.</msg>
<status status="PASS" starttime="20231214 14:02:31.083" endtime="20231214 14:02:31.137"/>
</kw>
<kw name="Run Keyword And Return Status" library="BuiltIn">
<var>${is_button_visible}</var>
<arg>Element Should Be Visible</arg>
<arg>${BOTÃO_ENTENDIDO}</arg>
<doc>Runs the given keyword with given arguments and returns the status as a Boolean value.</doc>
<kw name="Element Should Be Visible" library="SeleniumLibrary">
<arg>${BOTÃO_ENTENDIDO}</arg>
<doc>Verifies that the element identified by ``locator`` is visible.</doc>
<msg timestamp="20231214 14:02:31.338" level="INFO" html="true">&lt;/td&gt;&lt;/tr&gt;&lt;tr&gt;&lt;td colspan="3"&gt;&lt;a href="selenium-screenshot-2883.png"&gt;&lt;img src="selenium-screenshot-2883.png" width="800px"&gt;&lt;/a&gt;</msg>
<msg timestamp="20231214 14:02:31.339" level="FAIL">The element 'cookieButton' should be visible, but it is not.</msg>
<status status="FAIL" starttime="20231214 14:02:31.137" endtime="20231214 14:02:31.340"/>
</kw>
<msg timestamp="20231214 14:02:31.340" level="INFO">${is_button_visible} = False</msg>
<status status="PASS" starttime="20231214 14:02:31.137" endtime="20231214 14:02:31.340"/>
</kw>
<kw name="Run Keyword And Return Status" library="BuiltIn">
<var>${button_existence}</var>
<arg>Log</arg>
<arg>Usuário com erro: ${Usuario}</arg>
<doc>Runs the given keyword with given arguments and returns the status as a Boolean value.</doc>
<kw name="Log" library="BuiltIn">
<arg>Usuário com erro: ${Usuario}</arg>
<doc>Logs the given message with the given level.</doc>
<msg timestamp="20231214 14:02:31.340" level="INFO">Usuário com erro: ut.benteler.da1</msg>
<status status="PASS" starttime="20231214 14:02:31.340" endtime="20231214 14:02:31.340"/>
</kw>
<msg timestamp="20231214 14:02:31.340" level="INFO">${button_existence} = True</msg>
<status status="PASS" starttime="20231214 14:02:31.340" endtime="20231214 14:02:31.341"/>
</kw>
<kw name="Run Keyword If" library="BuiltIn">
<arg>${is_button_visible}</arg>
<arg>Click Element</arg>
<arg>${BOTÃO_ENTENDIDO}</arg>
<doc>Runs the given keyword with the given arguments, if ``condition`` is true.</doc>
<status status="PASS" starttime="20231214 14:02:31.341" endtime="20231214 14:02:31.341"/>
</kw>
<kw name="Click Element" library="SeleniumLibrary">
<arg>${BOTAO_ACESSAR}</arg>
<doc>Click the element identified by ``locator``.</doc>
<msg timestamp="20231214 14:02:31.343" level="INFO">Clicking element 'ContentPlaceHolder1_btnEntrar2'.</msg>
<status status="PASS" starttime="20231214 14:02:31.342" endtime="20231214 14:02:33.345"/>
</kw>
<kw name="Run Keyword And Return Status" library="BuiltIn">
<var>${button_existence}</var>
<arg>Page Should Contain Element</arg>
<arg>btnFechar</arg>
<doc>Runs the given keyword with given arguments and returns the status as a Boolean value.</doc>
<kw name="Page Should Contain Element" library="SeleniumLibrary">
<arg>btnFechar</arg>
<doc>Verifies that element ``locator`` is found on the current page.</doc>
<msg timestamp="20231214 14:02:33.596" level="INFO" html="true">&lt;/td&gt;&lt;/tr&gt;&lt;tr&gt;&lt;td colspan="3"&gt;&lt;a href="selenium-screenshot-2884.png"&gt;&lt;img src="selenium-screenshot-2884.png" width="800px"&gt;&lt;/a&gt;</msg>
<msg timestamp="20231214 14:02:33.596" level="FAIL">Page should have contained element 'btnFechar' but did not.</msg>
<status status="FAIL" starttime="20231214 14:02:33.346" endtime="20231214 14:02:33.596"/>
</kw>
<msg timestamp="20231214 14:02:33.597" level="INFO">${button_existence} = False</msg>
<status status="PASS" starttime="20231214 14:02:33.345" endtime="20231214 14:02:33.597"/>
</kw>
<kw name="Run Keyword If" library="BuiltIn">
<arg>'${button_existence}' == 'True'</arg>
<arg>Append To File</arg>
<arg>file_with_variable.txt</arg>
<arg>${Usuario}\n</arg>
<doc>Runs the given keyword with the given arguments, if ``condition`` is true.</doc>
<status status="PASS" starttime="20231214 14:02:33.597" endtime="20231214 14:02:33.597"/>
</kw>
<kw name="Run Keyword If" library="BuiltIn">
<arg>'${button_existence}' == 'True'</arg>
<arg>Click Element</arg>
<arg>btnFechar</arg>
<doc>Runs the given keyword with the given arguments, if ``condition`` is true.</doc>
<status status="PASS" starttime="20231214 14:02:33.597" endtime="20231214 14:02:33.598"/>
</kw>
<kw name="Quando clicar em menu lateral" library="VerificarTelaDeLoginResources">
<kw name="Click Element" library="SeleniumLibrary">
<arg>${MENU_LATERAL_SAND}</arg>
<doc>Click the element identified by ``locator``.</doc>
<msg timestamp="20231214 14:02:33.599" level="INFO">Clicking element '//img[contains(@alt,'Menu')]'.</msg>
<status status="PASS" starttime="20231214 14:02:33.598" endtime="20231214 14:02:33.636"/>
</kw>
<status status="PASS" starttime="20231214 14:02:33.598" endtime="20231214 14:02:33.636"/>
</kw>
<kw name="Sair da página" library="VerificarTelaDeLoginResources">
<kw name="Go To" library="SeleniumLibrary">
<arg>https://www.portal-hro.com.br/portal/site/Multibra-Homolog/Action/Logout.aspx</arg>
<doc>Navigates the current browser window to the provided ``url``.</doc>
<msg timestamp="20231214 14:02:33.637" level="INFO">Opening url 'https://www.portal-hro.com.br/portal/site/Multibra-Homolog/Action/Logout.aspx'</msg>
<status status="PASS" starttime="20231214 14:02:33.636" endtime="20231214 14:02:34.624"/>
</kw>
<status status="PASS" starttime="20231214 14:02:33.636" endtime="20231214 14:02:34.624"/>
</kw>
<status status="PASS" starttime="20231214 14:02:30.664" endtime="20231214 14:02:34.624"/>
</branch>
<branch type="EXCEPT">
<pattern>Error message</pattern>
<kw name="Sair da página" library="VerificarTelaDeLoginResources">
<status status="NOT RUN" starttime="20231214 14:02:34.625" endtime="20231214 14:02:34.625"/>
</kw>
<status status="NOT RUN" starttime="20231214 14:02:34.625" endtime="20231214 14:02:34.625"/>
</branch>
<status status="PASS" starttime="20231214 14:02:30.664" endtime="20231214 14:02:34.625"/>
</try>
<status status="PASS" starttime="20231214 14:02:29.656" endtime="20231214 14:02:34.625"/>
</kw>
<kw name="Login com Usuário Assistido" library="VerificarTelaDeLoginResources">
<arg>ut.brascan.da1</arg>
<arg>ut.brascan.da1</arg>
<try>
<branch type="TRY">
<kw name="Maximize Browser Window" library="SeleniumLibrary">
<doc>Maximizes current browser window.</doc>
<status status="PASS" starttime="20231214 14:02:34.627" endtime="20231214 14:02:34.630"/>
</kw>
<status status="PASS" starttime="20231214 14:02:34.626" endtime="20231214 14:02:34.630"/>
</branch>
<branch type="EXCEPT">
<pattern>Error message</pattern>
<kw name="Log" library="BuiltIn">
<arg>message</arg>
<doc>Logs the given message with the given level.</doc>
<status status="NOT RUN" starttime="20231214 14:02:34.630" endtime="20231214 14:02:34.630"/>
</kw>
<status status="NOT RUN" starttime="20231214 14:02:34.630" endtime="20231214 14:02:34.630"/>
</branch>
<status status="PASS" starttime="20231214 14:02:34.626" endtime="20231214 14:02:34.630"/>
</try>
<kw name="Sleep" library="BuiltIn">
<arg>1s</arg>
<doc>Pauses the test executed for the given time.</doc>
<msg timestamp="20231214 14:02:35.632" level="INFO">Slept 1 second</msg>
<status status="PASS" starttime="20231214 14:02:34.631" endtime="20231214 14:02:35.632"/>
</kw>
<try>
<branch type="TRY">
<kw name="Scroll Element Into View" library="SeleniumLibrary">
<arg>${BOTAO_ACESSAR}</arg>
<doc>Scrolls the element identified by ``locator`` into view.</doc>
<status status="PASS" starttime="20231214 14:02:35.632" endtime="20231214 14:02:35.916"/>
</kw>
<kw name="Input Text" library="SeleniumLibrary">
<arg>${CAMPO_NOME}</arg>
<arg>${Usuario}</arg>
<doc>Types the given ``text`` into the text field identified by ``locator``.</doc>
<msg timestamp="20231214 14:02:35.918" level="INFO">Typing text 'ut.brascan.da1' into text field '//input[contains(@name,'ctl00$ContentPlaceHolder1$username')]'.</msg>
<status status="PASS" starttime="20231214 14:02:35.918" endtime="20231214 14:02:35.983"/>
</kw>
<kw name="Input Text" library="SeleniumLibrary">
<arg>${CAMPO_SENHA}</arg>
<arg>${Senha}</arg>
<doc>Types the given ``text`` into the text field identified by ``locator``.</doc>
<msg timestamp="20231214 14:02:35.984" level="INFO">Typing text 'ut.brascan.da1' into text field '//input[contains(@name,'ctl00$ContentPlaceHolder1$password')]'.</msg>
<status status="PASS" starttime="20231214 14:02:35.983" endtime="20231214 14:02:36.050"/>
</kw>
<kw name="Run Keyword And Return Status" library="BuiltIn">
<var>${is_button_visible}</var>
<arg>Element Should Be Visible</arg>
<arg>${BOTÃO_ENTENDIDO}</arg>
<doc>Runs the given keyword with given arguments and returns the status as a Boolean value.</doc>
<kw name="Element Should Be Visible" library="SeleniumLibrary">
<arg>${BOTÃO_ENTENDIDO}</arg>
<doc>Verifies that the element identified by ``locator`` is visible.</doc>
<msg timestamp="20231214 14:02:36.260" level="INFO" html="true">&lt;/td&gt;&lt;/tr&gt;&lt;tr&gt;&lt;td colspan="3"&gt;&lt;a href="selenium-screenshot-2885.png"&gt;&lt;img src="selenium-screenshot-2885.png" width="800px"&gt;&lt;/a&gt;</msg>
<msg timestamp="20231214 14:02:36.260" level="FAIL">The element 'cookieButton' should be visible, but it is not.</msg>
<status status="FAIL" starttime="20231214 14:02:36.051" endtime="20231214 14:02:36.262"/>
</kw>
<msg timestamp="20231214 14:02:36.262" level="INFO">${is_button_visible} = False</msg>
<status status="PASS" starttime="20231214 14:02:36.050" endtime="20231214 14:02:36.262"/>
</kw>
<kw name="Run Keyword And Return Status" library="BuiltIn">
<var>${button_existence}</var>
<arg>Log</arg>
<arg>Usuário com erro: ${Usuario}</arg>
<doc>Runs the given keyword with given arguments and returns the status as a Boolean value.</doc>
<kw name="Log" library="BuiltIn">
<arg>Usuário com erro: ${Usuario}</arg>
<doc>Logs the given message with the given level.</doc>
<msg timestamp="20231214 14:02:36.263" level="INFO">Usuário com erro: ut.brascan.da1</msg>
<status status="PASS" starttime="20231214 14:02:36.262" endtime="20231214 14:02:36.263"/>
</kw>
<msg timestamp="20231214 14:02:36.263" level="INFO">${button_existence} = True</msg>
<status status="PASS" starttime="20231214 14:02:36.262" endtime="20231214 14:02:36.263"/>
</kw>
<kw name="Run Keyword If" library="BuiltIn">
<arg>${is_button_visible}</arg>
<arg>Click Element</arg>
<arg>${BOTÃO_ENTENDIDO}</arg>
<doc>Runs the given keyword with the given arguments, if ``condition`` is true.</doc>
<status status="PASS" starttime="20231214 14:02:36.263" endtime="20231214 14:02:36.263"/>
</kw>
<kw name="Click Element" library="SeleniumLibrary">
<arg>${BOTAO_ACESSAR}</arg>
<doc>Click the element identified by ``locator``.</doc>
<msg timestamp="20231214 14:02:36.264" level="INFO">Clicking element 'ContentPlaceHolder1_btnEntrar2'.</msg>
<status status="PASS" starttime="20231214 14:02:36.264" endtime="20231214 14:02:38.162"/>
</kw>
<kw name="Run Keyword And Return Status" library="BuiltIn">
<var>${button_existence}</var>
<arg>Page Should Contain Element</arg>
<arg>btnFechar</arg>
<doc>Runs the given keyword with given arguments and returns the status as a Boolean value.</doc>
<kw name="Page Should Contain Element" library="SeleniumLibrary">
<arg>btnFechar</arg>
<doc>Verifies that element ``locator`` is found on the current page.</doc>
<msg timestamp="20231214 14:02:38.176" level="INFO">Current page contains element 'btnFechar'.</msg>
<status status="PASS" starttime="20231214 14:02:38.163" endtime="20231214 14:02:38.176"/>
</kw>
<msg timestamp="20231214 14:02:38.176" level="INFO">${button_existence} = True</msg>
<status status="PASS" starttime="20231214 14:02:38.162" endtime="20231214 14:02:38.176"/>
</kw>
<kw name="Run Keyword If" library="BuiltIn">
<arg>'${button_existence}' == 'True'</arg>
<arg>Append To File</arg>
<arg>file_with_variable.txt</arg>
<arg>${Usuario}\n</arg>
<doc>Runs the given keyword with the given arguments, if ``condition`` is true.</doc>
<kw name="Append To File" library="OperatingSystem">
<arg>file_with_variable.txt</arg>
<arg>${Usuario}\n</arg>
<doc>Appends the given content to the specified file.</doc>
<msg timestamp="20231214 14:02:38.178" level="INFO" html="true">Appended to file '&lt;a href="file://C:\Users\C5151356\Documents\Automa-o-Com-Robot-Framework-Web\file_with_variable.txt"&gt;C:\Users\C5151356\Documents\Automa-o-Com-Robot-Framework-Web\file_with_variable.txt&lt;/a&gt;'.</msg>
<status status="PASS" starttime="20231214 14:02:38.176" endtime="20231214 14:02:38.179"/>
</kw>
<status status="PASS" starttime="20231214 14:02:38.176" endtime="20231214 14:02:38.179"/>
</kw>
<kw name="Run Keyword If" library="BuiltIn">
<arg>'${button_existence}' == 'True'</arg>
<arg>Click Element</arg>
<arg>btnFechar</arg>
<doc>Runs the given keyword with the given arguments, if ``condition`` is true.</doc>
<kw name="Click Element" library="SeleniumLibrary">
<arg>btnFechar</arg>
<doc>Click the element identified by ``locator``.</doc>
<msg timestamp="20231214 14:02:38.181" level="INFO">Clicking element 'btnFechar'.</msg>
<status status="PASS" starttime="20231214 14:02:38.180" endtime="20231214 14:02:38.217"/>
</kw>
<status status="PASS" starttime="20231214 14:02:38.180" endtime="20231214 14:02:38.217"/>
</kw>
<kw name="Quando clicar em menu lateral" library="VerificarTelaDeLoginResources">
<kw name="Click Element" library="SeleniumLibrary">
<arg>${MENU_LATERAL_SAND}</arg>
<doc>Click the element identified by ``locator``.</doc>
<msg timestamp="20231214 14:02:38.218" level="INFO">Clicking element '//img[contains(@alt,'Menu')]'.</msg>
<msg timestamp="20231214 14:02:38.502" level="INFO" html="true">&lt;/td&gt;&lt;/tr&gt;&lt;tr&gt;&lt;td colspan="3"&gt;&lt;a href="selenium-screenshot-2886.png"&gt;&lt;img src="selenium-screenshot-2886.png" width="800px"&gt;&lt;/a&gt;</msg>
<msg timestamp="20231214 14:02:38.502" level="FAIL">Element with locator '//img[contains(@alt,'Menu')]' not found.</msg>
<status status="FAIL" starttime="20231214 14:02:38.218" endtime="20231214 14:02:38.503"/>
</kw>
<status status="FAIL" starttime="20231214 14:02:38.217" endtime="20231214 14:02:38.504"/>
</kw>
<kw name="Sair da página" library="VerificarTelaDeLoginResources">
<status status="NOT RUN" starttime="20231214 14:02:38.504" endtime="20231214 14:02:38.504"/>
</kw>
<status status="FAIL" starttime="20231214 14:02:35.632" endtime="20231214 14:02:38.504"/>
</branch>
<branch type="EXCEPT">
<pattern>Error message</pattern>
<kw name="Sair da página" library="VerificarTelaDeLoginResources">
<status status="NOT RUN" starttime="20231214 14:02:38.505" endtime="20231214 14:02:38.505"/>
</kw>
<status status="NOT RUN" starttime="20231214 14:02:38.504" endtime="20231214 14:02:38.505"/>
</branch>
<status status="FAIL" starttime="20231214 14:02:35.632" endtime="20231214 14:02:38.505"/>
</try>
<status status="FAIL" starttime="20231214 14:02:34.626" endtime="20231214 14:02:38.505"/>
</kw>
<kw name="Login com Usuário Assistido" library="VerificarTelaDeLoginResources">
<arg>ut.canexusprev.da1</arg>
<arg>ut.canexusprev.da1</arg>
<try>
<branch type="TRY">
<kw name="Maximize Browser Window" library="SeleniumLibrary">
<doc>Maximizes current browser window.</doc>
<status status="PASS" starttime="20231214 14:02:38.506" endtime="20231214 14:02:38.512"/>
</kw>
<status status="PASS" starttime="20231214 14:02:38.506" endtime="20231214 14:02:38.512"/>
</branch>
<branch type="EXCEPT">
<pattern>Error message</pattern>
<kw name="Log" library="BuiltIn">
<arg>message</arg>
<doc>Logs the given message with the given level.</doc>
<status status="NOT RUN" starttime="20231214 14:02:38.512" endtime="20231214 14:02:38.512"/>
</kw>
<status status="NOT RUN" starttime="20231214 14:02:38.512" endtime="20231214 14:02:38.512"/>
</branch>
<status status="PASS" starttime="20231214 14:02:38.506" endtime="20231214 14:02:38.513"/>
</try>
<kw name="Sleep" library="BuiltIn">
<arg>1s</arg>
<doc>Pauses the test executed for the given time.</doc>
<msg timestamp="20231214 14:02:39.514" level="INFO">Slept 1 second</msg>
<status status="PASS" starttime="20231214 14:02:38.513" endtime="20231214 14:02:39.514"/>
</kw>
<try>
<branch type="TRY">
<kw name="Scroll Element Into View" library="SeleniumLibrary">
<arg>${BOTAO_ACESSAR}</arg>
<doc>Scrolls the element identified by ``locator`` into view.</doc>
<status status="PASS" starttime="20231214 14:02:39.515" endtime="20231214 14:02:39.819"/>
</kw>
<kw name="Input Text" library="SeleniumLibrary">
<arg>${CAMPO_NOME}</arg>
<arg>${Usuario}</arg>
<doc>Types the given ``text`` into the text field identified by ``locator``.</doc>
<msg timestamp="20231214 14:02:39.821" level="INFO">Typing text 'ut.canexusprev.da1' into text field '//input[contains(@name,'ctl00$ContentPlaceHolder1$username')]'.</msg>
<status status="PASS" starttime="20231214 14:02:39.820" endtime="20231214 14:02:39.898"/>
</kw>
<kw name="Input Text" library="SeleniumLibrary">
<arg>${CAMPO_SENHA}</arg>
<arg>${Senha}</arg>
<doc>Types the given ``text`` into the text field identified by ``locator``.</doc>
<msg timestamp="20231214 14:02:39.898" level="INFO">Typing text 'ut.canexusprev.da1' into text field '//input[contains(@name,'ctl00$ContentPlaceHolder1$password')]'.</msg>
<status status="PASS" starttime="20231214 14:02:39.898" endtime="20231214 14:02:39.953"/>
</kw>
<kw name="Run Keyword And Return Status" library="BuiltIn">
<var>${is_button_visible}</var>
<arg>Element Should Be Visible</arg>
<arg>${BOTÃO_ENTENDIDO}</arg>
<doc>Runs the given keyword with given arguments and returns the status as a Boolean value.</doc>
<kw name="Element Should Be Visible" library="SeleniumLibrary">
<arg>${BOTÃO_ENTENDIDO}</arg>
<doc>Verifies that the element identified by ``locator`` is visible.</doc>
<msg timestamp="20231214 14:02:40.150" level="INFO" html="true">&lt;/td&gt;&lt;/tr&gt;&lt;tr&gt;&lt;td colspan="3"&gt;&lt;a href="selenium-screenshot-2887.png"&gt;&lt;img src="selenium-screenshot-2887.png" width="800px"&gt;&lt;/a&gt;</msg>
<msg timestamp="20231214 14:02:40.150" level="FAIL">The element 'cookieButton' should be visible, but it is not.</msg>
<status status="FAIL" starttime="20231214 14:02:39.954" endtime="20231214 14:02:40.150"/>
</kw>
<msg timestamp="20231214 14:02:40.150" level="INFO">${is_button_visible} = False</msg>
<status status="PASS" starttime="20231214 14:02:39.953" endtime="20231214 14:02:40.150"/>
</kw>
<kw name="Run Keyword And Return Status" library="BuiltIn">
<var>${button_existence}</var>
<arg>Log</arg>
<arg>Usuário com erro: ${Usuario}</arg>
<doc>Runs the given keyword with given arguments and returns the status as a Boolean value.</doc>
<kw name="Log" library="BuiltIn">
<arg>Usuário com erro: ${Usuario}</arg>
<doc>Logs the given message with the given level.</doc>
<msg timestamp="20231214 14:02:40.151" level="INFO">Usuário com erro: ut.canexusprev.da1</msg>
<status status="PASS" starttime="20231214 14:02:40.151" endtime="20231214 14:02:40.151"/>
</kw>
<msg timestamp="20231214 14:02:40.151" level="INFO">${button_existence} = True</msg>
<status status="PASS" starttime="20231214 14:02:40.150" endtime="20231214 14:02:40.151"/>
</kw>
<kw name="Run Keyword If" library="BuiltIn">
<arg>${is_button_visible}</arg>
<arg>Click Element</arg>
<arg>${BOTÃO_ENTENDIDO}</arg>
<doc>Runs the given keyword with the given arguments, if ``condition`` is true.</doc>
<status status="PASS" starttime="20231214 14:02:40.151" endtime="20231214 14:02:40.152"/>
</kw>
<kw name="Click Element" library="SeleniumLibrary">
<arg>${BOTAO_ACESSAR}</arg>
<doc>Click the element identified by ``locator``.</doc>
<msg timestamp="20231214 14:02:40.152" level="INFO">Clicking element 'ContentPlaceHolder1_btnEntrar2'.</msg>
<status status="PASS" starttime="20231214 14:02:40.152" endtime="20231214 14:02:42.048"/>
</kw>
<kw name="Run Keyword And Return Status" library="BuiltIn">
<var>${button_existence}</var>
<arg>Page Should Contain Element</arg>
<arg>btnFechar</arg>
<doc>Runs the given keyword with given arguments and returns the status as a Boolean value.</doc>
<kw name="Page Should Contain Element" library="SeleniumLibrary">
<arg>btnFechar</arg>
<doc>Verifies that element ``locator`` is found on the current page.</doc>
<msg timestamp="20231214 14:02:42.302" level="INFO" html="true">&lt;/td&gt;&lt;/tr&gt;&lt;tr&gt;&lt;td colspan="3"&gt;&lt;a href="selenium-screenshot-2888.png"&gt;&lt;img src="selenium-screenshot-2888.png" width="800px"&gt;&lt;/a&gt;</msg>
<msg timestamp="20231214 14:02:42.303" level="FAIL">Page should have contained element 'btnFechar' but did not.</msg>
<status status="FAIL" starttime="20231214 14:02:42.049" endtime="20231214 14:02:42.303"/>
</kw>
<msg timestamp="20231214 14:02:42.303" level="INFO">${button_existence} = False</msg>
<status status="PASS" starttime="20231214 14:02:42.048" endtime="20231214 14:02:42.303"/>
</kw>
<kw name="Run Keyword If" library="BuiltIn">
<arg>'${button_existence}' == 'True'</arg>
<arg>Append To File</arg>
<arg>file_with_variable.txt</arg>
<arg>${Usuario}\n</arg>
<doc>Runs the given keyword with the given arguments, if ``condition`` is true.</doc>
<status status="PASS" starttime="20231214 14:02:42.304" endtime="20231214 14:02:42.304"/>
</kw>
<kw name="Run Keyword If" library="BuiltIn">
<arg>'${button_existence}' == 'True'</arg>
<arg>Click Element</arg>
<arg>btnFechar</arg>
<doc>Runs the given keyword with the given arguments, if ``condition`` is true.</doc>
<status status="PASS" starttime="20231214 14:02:42.304" endtime="20231214 14:02:42.305"/>
</kw>
<kw name="Quando clicar em menu lateral" library="VerificarTelaDeLoginResources">
<kw name="Click Element" library="SeleniumLibrary">
<arg>${MENU_LATERAL_SAND}</arg>
<doc>Click the element identified by ``locator``.</doc>
<msg timestamp="20231214 14:02:42.305" level="INFO">Clicking element '//img[contains(@alt,'Menu')]'.</msg>
<status status="PASS" starttime="20231214 14:02:42.305" endtime="20231214 14:02:42.333"/>
</kw>
<status status="PASS" starttime="20231214 14:02:42.305" endtime="20231214 14:02:42.333"/>
</kw>
<kw name="Sair da página" library="VerificarTelaDeLoginResources">
<kw name="Go To" library="SeleniumLibrary">
<arg>https://www.portal-hro.com.br/portal/site/Multibra-Homolog/Action/Logout.aspx</arg>
<doc>Navigates the current browser window to the provided ``url``.</doc>
<msg timestamp="20231214 14:02:42.333" level="INFO">Opening url 'https://www.portal-hro.com.br/portal/site/Multibra-Homolog/Action/Logout.aspx'</msg>
<status status="PASS" starttime="20231214 14:02:42.333" endtime="20231214 14:02:43.277"/>
</kw>
<status status="PASS" starttime="20231214 14:02:42.333" endtime="20231214 14:02:43.277"/>
</kw>
<status status="PASS" starttime="20231214 14:02:39.515" endtime="20231214 14:02:43.277"/>
</branch>
<branch type="EXCEPT">
<pattern>Error message</pattern>
<kw name="Sair da página" library="VerificarTelaDeLoginResources">
<status status="NOT RUN" starttime="20231214 14:02:43.277" endtime="20231214 14:02:43.277"/>
</kw>
<status status="NOT RUN" starttime="20231214 14:02:43.277" endtime="20231214 14:02:43.278"/>
</branch>
<status status="PASS" starttime="20231214 14:02:39.515" endtime="20231214 14:02:43.278"/>
</try>
<status status="PASS" starttime="20231214 14:02:38.505" endtime="20231214 14:02:43.278"/>
</kw>
<kw name="Login com Usuário Assistido" library="VerificarTelaDeLoginResources">
<arg>ut.coatsbd.da1</arg>
<arg>ut.coatsbd.da1</arg>
<try>
<branch type="TRY">
<kw name="Maximize Browser Window" library="SeleniumLibrary">
<doc>Maximizes current browser window.</doc>
<status status="PASS" starttime="20231214 14:02:43.280" endtime="20231214 14:02:43.282"/>
</kw>
<status status="PASS" starttime="20231214 14:02:43.279" endtime="20231214 14:02:43.283"/>
</branch>
<branch type="EXCEPT">
<pattern>Error message</pattern>
<kw name="Log" library="BuiltIn">
<arg>message</arg>
<doc>Logs the given message with the given level.</doc>
<status status="NOT RUN" starttime="20231214 14:02:43.283" endtime="20231214 14:02:43.283"/>
</kw>
<status status="NOT RUN" starttime="20231214 14:02:43.283" endtime="20231214 14:02:43.283"/>
</branch>
<status status="PASS" starttime="20231214 14:02:43.279" endtime="20231214 14:02:43.283"/>
</try>
<kw name="Sleep" library="BuiltIn">
<arg>1s</arg>
<doc>Pauses the test executed for the given time.</doc>
<msg timestamp="20231214 14:02:44.284" level="INFO">Slept 1 second</msg>
<status status="PASS" starttime="20231214 14:02:43.283" endtime="20231214 14:02:44.284"/>
</kw>
<try>
<branch type="TRY">
<kw name="Scroll Element Into View" library="SeleniumLibrary">
<arg>${BOTAO_ACESSAR}</arg>
<doc>Scrolls the element identified by ``locator`` into view.</doc>
<status status="PASS" starttime="20231214 14:02:44.284" endtime="20231214 14:02:44.583"/>
</kw>
<kw name="Input Text" library="SeleniumLibrary">
<arg>${CAMPO_NOME}</arg>
<arg>${Usuario}</arg>
<doc>Types the given ``text`` into the text field identified by ``locator``.</doc>
<msg timestamp="20231214 14:02:44.583" level="INFO">Typing text 'ut.coatsbd.da1' into text field '//input[contains(@name,'ctl00$ContentPlaceHolder1$username')]'.</msg>
<status status="PASS" starttime="20231214 14:02:44.583" endtime="20231214 14:02:44.643"/>
</kw>
<kw name="Input Text" library="SeleniumLibrary">
<arg>${CAMPO_SENHA}</arg>
<arg>${Senha}</arg>
<doc>Types the given ``text`` into the text field identified by ``locator``.</doc>
<msg timestamp="20231214 14:02:44.643" level="INFO">Typing text 'ut.coatsbd.da1' into text field '//input[contains(@name,'ctl00$ContentPlaceHolder1$password')]'.</msg>
<status status="PASS" starttime="20231214 14:02:44.643" endtime="20231214 14:02:44.711"/>
</kw>
<kw name="Run Keyword And Return Status" library="BuiltIn">
<var>${is_button_visible}</var>
<arg>Element Should Be Visible</arg>
<arg>${BOTÃO_ENTENDIDO}</arg>
<doc>Runs the given keyword with given arguments and returns the status as a Boolean value.</doc>
<kw name="Element Should Be Visible" library="SeleniumLibrary">
<arg>${BOTÃO_ENTENDIDO}</arg>
<doc>Verifies that the element identified by ``locator`` is visible.</doc>
<msg timestamp="20231214 14:02:44.912" level="INFO" html="true">&lt;/td&gt;&lt;/tr&gt;&lt;tr&gt;&lt;td colspan="3"&gt;&lt;a href="selenium-screenshot-2889.png"&gt;&lt;img src="selenium-screenshot-2889.png" width="800px"&gt;&lt;/a&gt;</msg>
<msg timestamp="20231214 14:02:44.912" level="FAIL">The element 'cookieButton' should be visible, but it is not.</msg>
<status status="FAIL" starttime="20231214 14:02:44.712" endtime="20231214 14:02:44.913"/>
</kw>
<msg timestamp="20231214 14:02:44.913" level="INFO">${is_button_visible} = False</msg>
<status status="PASS" starttime="20231214 14:02:44.711" endtime="20231214 14:02:44.913"/>
</kw>
<kw name="Run Keyword And Return Status" library="BuiltIn">
<var>${button_existence}</var>
<arg>Log</arg>
<arg>Usuário com erro: ${Usuario}</arg>
<doc>Runs the given keyword with given arguments and returns the status as a Boolean value.</doc>
<kw name="Log" library="BuiltIn">
<arg>Usuário com erro: ${Usuario}</arg>
<doc>Logs the given message with the given level.</doc>
<msg timestamp="20231214 14:02:44.914" level="INFO">Usuário com erro: ut.coatsbd.da1</msg>
<status status="PASS" starttime="20231214 14:02:44.914" endtime="20231214 14:02:44.914"/>
</kw>
<msg timestamp="20231214 14:02:44.914" level="INFO">${button_existence} = True</msg>
<status status="PASS" starttime="20231214 14:02:44.913" endtime="20231214 14:02:44.914"/>
</kw>
<kw name="Run Keyword If" library="BuiltIn">
<arg>${is_button_visible}</arg>
<arg>Click Element</arg>
<arg>${BOTÃO_ENTENDIDO}</arg>
<doc>Runs the given keyword with the given arguments, if ``condition`` is true.</doc>
<status status="PASS" starttime="20231214 14:02:44.914" endtime="20231214 14:02:44.915"/>
</kw>
<kw name="Click Element" library="SeleniumLibrary">
<arg>${BOTAO_ACESSAR}</arg>
<doc>Click the element identified by ``locator``.</doc>
<msg timestamp="20231214 14:02:44.915" level="INFO">Clicking element 'ContentPlaceHolder1_btnEntrar2'.</msg>
<status status="PASS" starttime="20231214 14:02:44.915" endtime="20231214 14:02:47.171"/>
</kw>
<kw name="Run Keyword And Return Status" library="BuiltIn">
<var>${button_existence}</var>
<arg>Page Should Contain Element</arg>
<arg>btnFechar</arg>
<doc>Runs the given keyword with given arguments and returns the status as a Boolean value.</doc>
<kw name="Page Should Contain Element" library="SeleniumLibrary">
<arg>btnFechar</arg>
<doc>Verifies that element ``locator`` is found on the current page.</doc>
<msg timestamp="20231214 14:02:47.447" level="INFO" html="true">&lt;/td&gt;&lt;/tr&gt;&lt;tr&gt;&lt;td colspan="3"&gt;&lt;a href="selenium-screenshot-2890.png"&gt;&lt;img src="selenium-screenshot-2890.png" width="800px"&gt;&lt;/a&gt;</msg>
<msg timestamp="20231214 14:02:47.447" level="FAIL">Page should have contained element 'btnFechar' but did not.</msg>
<status status="FAIL" starttime="20231214 14:02:47.171" endtime="20231214 14:02:47.448"/>
</kw>
<msg timestamp="20231214 14:02:47.448" level="INFO">${button_existence} = False</msg>
<status status="PASS" starttime="20231214 14:02:47.171" endtime="20231214 14:02:47.448"/>
</kw>
<kw name="Run Keyword If" library="BuiltIn">
<arg>'${button_existence}' == 'True'</arg>
<arg>Append To File</arg>
<arg>file_with_variable.txt</arg>
<arg>${Usuario}\n</arg>
<doc>Runs the given keyword with the given arguments, if ``condition`` is true.</doc>
<status status="PASS" starttime="20231214 14:02:47.448" endtime="20231214 14:02:47.449"/>
</kw>
<kw name="Run Keyword If" library="BuiltIn">
<arg>'${button_existence}' == 'True'</arg>
<arg>Click Element</arg>
<arg>btnFechar</arg>
<doc>Runs the given keyword with the given arguments, if ``condition`` is true.</doc>
<status status="PASS" starttime="20231214 14:02:47.449" endtime="20231214 14:02:47.449"/>
</kw>
<kw name="Quando clicar em menu lateral" library="VerificarTelaDeLoginResources">
<kw name="Click Element" library="SeleniumLibrary">
<arg>${MENU_LATERAL_SAND}</arg>
<doc>Click the element identified by ``locator``.</doc>
<msg timestamp="20231214 14:02:47.450" level="INFO">Clicking element '//img[contains(@alt,'Menu')]'.</msg>
<status status="PASS" starttime="20231214 14:02:47.450" endtime="20231214 14:02:47.481"/>
</kw>
<status status="PASS" starttime="20231214 14:02:47.449" endtime="20231214 14:02:47.481"/>
</kw>
<kw name="Sair da página" library="VerificarTelaDeLoginResources">
<kw name="Go To" library="SeleniumLibrary">
<arg>https://www.portal-hro.com.br/portal/site/Multibra-Homolog/Action/Logout.aspx</arg>
<doc>Navigates the current browser window to the provided ``url``.</doc>
<msg timestamp="20231214 14:02:47.481" level="INFO">Opening url 'https://www.portal-hro.com.br/portal/site/Multibra-Homolog/Action/Logout.aspx'</msg>
<status status="PASS" starttime="20231214 14:02:47.481" endtime="20231214 14:02:48.447"/>
</kw>
<status status="PASS" starttime="20231214 14:02:47.481" endtime="20231214 14:02:48.447"/>
</kw>
<status status="PASS" starttime="20231214 14:02:44.284" endtime="20231214 14:02:48.448"/>
</branch>
<branch type="EXCEPT">
<pattern>Error message</pattern>
<kw name="Sair da página" library="VerificarTelaDeLoginResources">
<status status="NOT RUN" starttime="20231214 14:02:48.448" endtime="20231214 14:02:48.448"/>
</kw>
<status status="NOT RUN" starttime="20231214 14:02:48.448" endtime="20231214 14:02:48.448"/>
</branch>
<status status="PASS" starttime="20231214 14:02:44.284" endtime="20231214 14:02:48.448"/>
</try>
<status status="PASS" starttime="20231214 14:02:43.279" endtime="20231214 14:02:48.448"/>
</kw>
<kw name="Login com Usuário Assistido" library="VerificarTelaDeLoginResources">
<arg>ut.coatscd.da1</arg>
<arg>ut.coatscd.da1</arg>
<try>
<branch type="TRY">
<kw name="Maximize Browser Window" library="SeleniumLibrary">
<doc>Maximizes current browser window.</doc>
<status status="PASS" starttime="20231214 14:02:48.450" endtime="20231214 14:02:48.453"/>
</kw>
<status status="PASS" starttime="20231214 14:02:48.450" endtime="20231214 14:02:48.454"/>
</branch>
<branch type="EXCEPT">
<pattern>Error message</pattern>
<kw name="Log" library="BuiltIn">
<arg>message</arg>
<doc>Logs the given message with the given level.</doc>
<status status="NOT RUN" starttime="20231214 14:02:48.454" endtime="20231214 14:02:48.454"/>
</kw>
<status status="NOT RUN" starttime="20231214 14:02:48.454" endtime="20231214 14:02:48.454"/>
</branch>
<status status="PASS" starttime="20231214 14:02:48.449" endtime="20231214 14:02:48.454"/>
</try>
<kw name="Sleep" library="BuiltIn">
<arg>1s</arg>
<doc>Pauses the test executed for the given time.</doc>
<msg timestamp="20231214 14:02:49.455" level="INFO">Slept 1 second</msg>
<status status="PASS" starttime="20231214 14:02:48.454" endtime="20231214 14:02:49.455"/>
</kw>
<try>
<branch type="TRY">
<kw name="Scroll Element Into View" library="SeleniumLibrary">
<arg>${BOTAO_ACESSAR}</arg>
<doc>Scrolls the element identified by ``locator`` into view.</doc>
<status status="PASS" starttime="20231214 14:02:49.455" endtime="20231214 14:02:49.756"/>
</kw>
<kw name="Input Text" library="SeleniumLibrary">
<arg>${CAMPO_NOME}</arg>
<arg>${Usuario}</arg>
<doc>Types the given ``text`` into the text field identified by ``locator``.</doc>
<msg timestamp="20231214 14:02:49.757" level="INFO">Typing text 'ut.coatscd.da1' into text field '//input[contains(@name,'ctl00$ContentPlaceHolder1$username')]'.</msg>
<status status="PASS" starttime="20231214 14:02:49.756" endtime="20231214 14:02:49.861"/>
</kw>
<kw name="Input Text" library="SeleniumLibrary">
<arg>${CAMPO_SENHA}</arg>
<arg>${Senha}</arg>
<doc>Types the given ``text`` into the text field identified by ``locator``.</doc>
<msg timestamp="20231214 14:02:49.862" level="INFO">Typing text 'ut.coatscd.da1' into text field '//input[contains(@name,'ctl00$ContentPlaceHolder1$password')]'.</msg>
<status status="PASS" starttime="20231214 14:02:49.861" endtime="20231214 14:02:49.925"/>
</kw>
[...]
	GetHandleVerifier [0x00007FF7ED8D4D02+56194]
	(No symbol) [0x00007FF7ED8404B2]
	(No symbol) [0x00007FF7ED6E76AA]
	(No symbol) [0x00007FF7ED6C0AFD]
	(No symbol) [0x00007FF7ED75C9AB]
	(No symbol) [0x00007FF7ED77201F]
	(No symbol) [0x00007FF7ED755C23]
	(No symbol) [0x00007FF7ED724A45]
	(No symbol) [0x00007FF7ED725AD4]
	GetHandleVerifier [0x00007FF7EDC4D5BB+3695675]
	GetHandleVerifier [0x00007FF7EDCA6197+4059159]
	GetHandleVerifier [0x00007FF7EDC9DF63+4025827]
	GetHandleVerifier [0x00007FF7ED96F029+687785]
	(No symbol) [0x00007FF7ED84B508]
	(No symbol) [0x00007FF7ED847564]
	(No symbol) [0x00007FF7ED8476E9]
	(No symbol) [0x00007FF7ED838094]
	BaseThreadInitThunk [0x00007FFB12507344+20]
	RtlUserThreadStart [0x00007FFB140426B1+33]
</msg>
<msg timestamp="20231214 14:02:55.041" level="WARN">Keyword 'Capture Page Screenshot' could not be run on failure: Message: no such window: target window already closed
from unknown error: web view not found
  (Session info: chrome=120.0.6099.71)
Stacktrace:
	GetHandleVerifier [0x00007FF7ED8D4D02+56194]
	(No symbol) [0x00007FF7ED8404B2]
	(No symbol) [0x00007FF7ED6E76AA]
	(No symbol) [0x00007FF7ED6C0AFD]
	(No symbol) [0x00007FF7ED75C9AB]
	(No symbol) [0x00007FF7ED77201F]
	(No symbol) [0x00007FF7ED755C23]
	(No symbol) [0x00007FF7ED724A45]
	(No symbol) [0x00007FF7ED725AD4]
	GetHandleVerifier [0x00007FF7EDC4D5BB+3695675]
	GetHandleVerifier [0x00007FF7EDCA6197+4059159]
	GetHandleVerifier [0x00007FF7EDC9DF63+4025827]
	GetHandleVerifier [0x00007FF7ED96F029+687785]
	(No symbol) [0x00007FF7ED84B508]
	(No symbol) [0x00007FF7ED847564]
	(No symbol) [0x00007FF7ED8476E9]
	(No symbol) [0x00007FF7ED838094]
	BaseThreadInitThunk [0x00007FFB12507344+20]
	RtlUserThreadStart [0x00007FFB140426B1+33]
</msg>
<msg timestamp="20231214 14:02:55.133" level="WARN">Keyword 'Capture Page Screenshot' could not be run on failure: Message: no such window: target window already closed
from unknown error: web view not found
  (Session info: chrome=120.0.6099.71)
Stacktrace:
	GetHandleVerifier [0x00007FF7ED8D4D02+56194]
	(No symbol) [0x00007FF7ED8404B2]
	(No symbol) [0x00007FF7ED6E76AA]
	(No symbol) [0x00007FF7ED6C0AFD]
	(No symbol) [0x00007FF7ED75C9AB]
	(No symbol) [0x00007FF7ED77201F]
	(No symbol) [0x00007FF7ED755C23]
	(No symbol) [0x00007FF7ED724A45]
	(No symbol) [0x00007FF7ED725AD4]
	GetHandleVerifier [0x00007FF7EDC4D5BB+3695675]
	GetHandleVerifier [0x00007FF7EDCA6197+4059159]
	GetHandleVerifier [0x00007FF7EDC9DF63+4025827]
	GetHandleVerifier [0x00007FF7ED96F029+687785]
	(No symbol) [0x00007FF7ED84B508]
	(No symbol) [0x00007FF7ED847564]
	(No symbol) [0x00007FF7ED8476E9]
	(No symbol) [0x00007FF7ED838094]
	BaseThreadInitThunk [0x00007FFB12507344+20]
	RtlUserThreadStart [0x00007FFB140426B1+33]
</msg>
<msg timestamp="20231214 14:02:55.273" level="WARN">Keyword 'Capture Page Screenshot' could not be run on failure: Message: no such window: target window already closed
from unknown error: web view not found
  (Session info: chrome=120.0.6099.71)
Stacktrace:
	GetHandleVerifier [0x00007FF7ED8D4D02+56194]
	(No symbol) [0x00007FF7ED8404B2]
	(No symbol) [0x00007FF7ED6E76AA]
	(No symbol) [0x00007FF7ED6C0AFD]
	(No symbol) [0x00007FF7ED75C9AB]
	(No symbol) [0x00007FF7ED77201F]
	(No symbol) [0x00007FF7ED755C23]
	(No symbol) [0x00007FF7ED724A45]
	(No symbol) [0x00007FF7ED725AD4]
	GetHandleVerifier [0x00007FF7EDC4D5BB+3695675]
	GetHandleVerifier [0x00007FF7EDCA6197+4059159]
	GetHandleVerifier [0x00007FF7EDC9DF63+4025827]
	GetHandleVerifier [0x00007FF7ED96F029+687785]
	(No symbol) [0x00007FF7ED84B508]
	(No symbol) [0x00007FF7ED847564]
	(No symbol) [0x00007FF7ED8476E9]
	(No symbol) [0x00007FF7ED838094]
	BaseThreadInitThunk [0x00007FFB12507344+20]
	RtlUserThreadStart [0x00007FFB140426B1+33]
</msg>
<msg timestamp="20231214 14:02:55.382" level="WARN">Keyword 'Capture Page Screenshot' could not be run on failure: Message: no such window: target window already closed
from unknown error: web view not found
  (Session info: chrome=120.0.6099.71)
Stacktrace:
	GetHandleVerifier [0x00007FF7ED8D4D02+56194]
	(No symbol) [0x00007FF7ED8404B2]
	(No symbol) [0x00007FF7ED6E76AA]
	(No symbol) [0x00007FF7ED6C0AFD]
	(No symbol) [0x00007FF7ED75C9AB]
	(No symbol) [0x00007FF7ED77201F]
	(No symbol) [0x00007FF7ED755C23]
	(No symbol) [0x00007FF7ED724A45]
	(No symbol) [0x00007FF7ED725AD4]
	GetHandleVerifier [0x00007FF7EDC4D5BB+3695675]
	GetHandleVerifier [0x00007FF7EDCA6197+4059159]
	GetHandleVerifier [0x00007FF7EDC9DF63+4025827]
	GetHandleVerifier [0x00007FF7ED96F029+687785]
	(No symbol) [0x00007FF7ED84B508]
	(No symbol) [0x00007FF7ED847564]
	(No symbol) [0x00007FF7ED8476E9]
	(No symbol) [0x00007FF7ED838094]
	BaseThreadInitThunk [0x00007FFB12507344+20]
	RtlUserThreadStart [0x00007FFB140426B1+33]
</msg>
<msg timestamp="20231214 14:02:55.486" level="WARN">Keyword 'Capture Page Screenshot' could not be run on failure: Message: no such window: target window already closed
from unknown error: web view not found
  (Session info: chrome=120.0.6099.71)
Stacktrace:
	GetHandleVerifier [0x00007FF7ED8D4D02+56194]
	(No symbol) [0x00007FF7ED8404B2]
	(No symbol) [0x00007FF7ED6E76AA]
	(No symbol) [0x00007FF7ED6C0AFD]
	(No symbol) [0x00007FF7ED75C9AB]
	(No symbol) [0x00007FF7ED77201F]
	(No symbol) [0x00007FF7ED755C23]
	(No symbol) [0x00007FF7ED724A45]
	(No symbol) [0x00007FF7ED725AD4]
	GetHandleVerifier [0x00007FF7EDC4D5BB+3695675]
	GetHandleVerifier [0x00007FF7EDCA6197+4059159]
	GetHandleVerifier [0x00007FF7EDC9DF63+4025827]
	GetHandleVerifier [0x00007FF7ED96F029+687785]
	(No symbol) [0x00007FF7ED84B508]
	(No symbol) [0x00007FF7ED847564]
	(No symbol) [0x00007FF7ED8476E9]
	(No symbol) [0x00007FF7ED838094]
	BaseThreadInitThunk [0x00007FFB12507344+20]
	RtlUserThreadStart [0x00007FFB140426B1+33]
</msg>
<msg timestamp="20231214 14:02:55.711" level="WARN">Keyword 'Capture Page Screenshot' could not be run on failure: Message: no such window: target window already closed
from unknown error: web view not found
  (Session info: chrome=120.0.6099.71)
Stacktrace:
	GetHandleVerifier [0x00007FF7ED8D4D02+56194]
	(No symbol) [0x00007FF7ED8404B2]
	(No symbol) [0x00007FF7ED6E76AA]
	(No symbol) [0x00007FF7ED6C0AFD]
	(No symbol) [0x00007FF7ED75C9AB]
	(No symbol) [0x00007FF7ED77201F]
	(No symbol) [0x00007FF7ED755C23]
	(No symbol) [0x00007FF7ED724A45]
	(No symbol) [0x00007FF7ED725AD4]
	GetHandleVerifier [0x00007FF7EDC4D5BB+3695675]
	GetHandleVerifier [0x00007FF7EDCA6197+4059159]
	GetHandleVerifier [0x00007FF7EDC9DF63+4025827]
	GetHandleVerifier [0x00007FF7ED96F029+687785]
	(No symbol) [0x00007FF7ED84B508]
	(No symbol) [0x00007FF7ED847564]
	(No symbol) [0x00007FF7ED8476E9]
	(No symbol) [0x00007FF7ED838094]
	BaseThreadInitThunk [0x00007FFB12507344+20]
	RtlUserThreadStart [0x00007FFB140426B1+33]
</msg>
<msg timestamp="20231214 14:02:55.833" level="WARN">Keyword 'Capture Page Screenshot' could not be run on failure: Message: no such window: target window already closed
from unknown error: web view not found
  (Session info: chrome=120.0.6099.71)
Stacktrace:
	GetHandleVerifier [0x00007FF7ED8D4D02+56194]
	(No symbol) [0x00007FF7ED8404B2]
	(No symbol) [0x00007FF7ED6E76AA]
	(No symbol) [0x00007FF7ED6C0AFD]
	(No symbol) [0x00007FF7ED75C9AB]
	(No symbol) [0x00007FF7ED77201F]
	(No symbol) [0x00007FF7ED755C23]
	(No symbol) [0x00007FF7ED724A45]
	(No symbol) [0x00007FF7ED725AD4]
	GetHandleVerifier [0x00007FF7EDC4D5BB+3695675]
	GetHandleVerifier [0x00007FF7EDCA6197+4059159]
	GetHandleVerifier [0x00007FF7EDC9DF63+4025827]
	GetHandleVerifier [0x00007FF7ED96F029+687785]
	(No symbol) [0x00007FF7ED84B508]
	(No symbol) [0x00007FF7ED847564]
	(No symbol) [0x00007FF7ED8476E9]
	(No symbol) [0x00007FF7ED838094]
	BaseThreadInitThunk [0x00007FFB12507344+20]
	RtlUserThreadStart [0x00007FFB140426B1+33]
</msg>
<msg timestamp="20231214 14:02:55.930" level="WARN">Keyword 'Capture Page Screenshot' could not be run on failure: Message: no such window: target window already closed
from unknown error: web view not found
  (Session info: chrome=120.0.6099.71)
Stacktrace:
	GetHandleVerifier [0x00007FF7ED8D4D02+56194]
	(No symbol) [0x00007FF7ED8404B2]
	(No symbol) [0x00007FF7ED6E76AA]
	(No symbol) [0x00007FF7ED6C0AFD]
	(No symbol) [0x00007FF7ED75C9AB]
	(No symbol) [0x00007FF7ED77201F]
	(No symbol) [0x00007FF7ED755C23]
	(No symbol) [0x00007FF7ED724A45]
	(No symbol) [0x00007FF7ED725AD4]
	GetHandleVerifier [0x00007FF7EDC4D5BB+3695675]
	GetHandleVerifier [0x00007FF7EDCA6197+4059159]
	GetHandleVerifier [0x00007FF7EDC9DF63+4025827]
	GetHandleVerifier [0x00007FF7ED96F029+687785]
	(No symbol) [0x00007FF7ED84B508]
	(No symbol) [0x00007FF7ED847564]
	(No symbol) [0x00007FF7ED8476E9]
	(No symbol) [0x00007FF7ED838094]
	BaseThreadInitThunk [0x00007FFB12507344+20]
	RtlUserThreadStart [0x00007FFB140426B1+33]
</msg>
<msg timestamp="20231214 14:02:56.014" level="WARN">Keyword 'Capture Page Screenshot' could not be run on failure: Message: no such window: target window already closed
from unknown error: web view not found
  (Session info: chrome=120.0.6099.71)
Stacktrace:
	GetHandleVerifier [0x00007FF7ED8D4D02+56194]
	(No symbol) [0x00007FF7ED8404B2]
	(No symbol) [0x00007FF7ED6E76AA]
	(No symbol) [0x00007FF7ED6C0AFD]
	(No symbol) [0x00007FF7ED75C9AB]
	(No symbol) [0x00007FF7ED77201F]
	(No symbol) [0x00007FF7ED755C23]
	(No symbol) [0x00007FF7ED724A45]
	(No symbol) [0x00007FF7ED725AD4]
	GetHandleVerifier [0x00007FF7EDC4D5BB+3695675]
	GetHandleVerifier [0x00007FF7EDCA6197+4059159]
	GetHandleVerifier [0x00007FF7EDC9DF63+4025827]
	GetHandleVerifier [0x00007FF7ED96F029+687785]
	(No symbol) [0x00007FF7ED84B508]
	(No symbol) [0x00007FF7ED847564]
	(No symbol) [0x00007FF7ED8476E9]
	(No symbol) [0x00007FF7ED838094]
	BaseThreadInitThunk [0x00007FFB12507344+20]
	RtlUserThreadStart [0x00007FFB140426B1+33]
</msg>
<msg timestamp="20231214 14:02:56.098" level="WARN">Keyword 'Capture Page Screenshot' could not be run on failure: Message: no such window: target window already closed
from unknown error: web view not found
  (Session info: chrome=120.0.6099.71)
Stacktrace:
	GetHandleVerifier [0x00007FF7ED8D4D02+56194]
	(No symbol) [0x00007FF7ED8404B2]
	(No symbol) [0x00007FF7ED6E76AA]
	(No symbol) [0x00007FF7ED6C0AFD]
	(No symbol) [0x00007FF7ED75C9AB]
	(No symbol) [0x00007FF7ED77201F]
	(No symbol) [0x00007FF7ED755C23]
	(No symbol) [0x00007FF7ED724A45]
	(No symbol) [0x00007FF7ED725AD4]
	GetHandleVerifier [0x00007FF7EDC4D5BB+3695675]
	GetHandleVerifier [0x00007FF7EDCA6197+4059159]
	GetHandleVerifier [0x00007FF7EDC9DF63+4025827]
	GetHandleVerifier [0x00007FF7ED96F029+687785]
	(No symbol) [0x00007FF7ED84B508]
	(No symbol) [0x00007FF7ED847564]
	(No symbol) [0x00007FF7ED8476E9]
	(No symbol) [0x00007FF7ED838094]
	BaseThreadInitThunk [0x00007FFB12507344+20]
	RtlUserThreadStart [0x00007FFB140426B1+33]
</msg>
<msg timestamp="20231214 14:02:56.176" level="WARN">Keyword 'Capture Page Screenshot' could not be run on failure: Message: no such window: target window already closed
from unknown error: web view not found
  (Session info: chrome=120.0.6099.71)
Stacktrace:
	GetHandleVerifier [0x00007FF7ED8D4D02+56194]
	(No symbol) [0x00007FF7ED8404B2]
	(No symbol) [0x00007FF7ED6E76AA]
	(No symbol) [0x00007FF7ED6C0AFD]
	(No symbol) [0x00007FF7ED75C9AB]
	(No symbol) [0x00007FF7ED77201F]
	(No symbol) [0x00007FF7ED755C23]
	(No symbol) [0x00007FF7ED724A45]
	(No symbol) [0x00007FF7ED725AD4]
	GetHandleVerifier [0x00007FF7EDC4D5BB+3695675]
	GetHandleVerifier [0x00007FF7EDCA6197+4059159]
	GetHandleVerifier [0x00007FF7EDC9DF63+4025827]
	GetHandleVerifier [0x00007FF7ED96F029+687785]
	(No symbol) [0x00007FF7ED84B508]
	(No symbol) [0x00007FF7ED847564]
	(No symbol) [0x00007FF7ED8476E9]
	(No symbol) [0x00007FF7ED838094]
	BaseThreadInitThunk [0x00007FFB12507344+20]
	RtlUserThreadStart [0x00007FFB140426B1+33]
</msg>
<msg timestamp="20231214 14:02:56.315" level="WARN">Keyword 'Capture Page Screenshot' could not be run on failure: Message: no such window: target window already closed
from unknown error: web view not found
  (Session info: chrome=120.0.6099.71)
Stacktrace:
	GetHandleVerifier [0x00007FF7ED8D4D02+56194]
	(No symbol) [0x00007FF7ED8404B2]
	(No symbol) [0x00007FF7ED6E76AA]
	(No symbol) [0x00007FF7ED6C0AFD]
	(No symbol) [0x00007FF7ED75C9AB]
	(No symbol) [0x00007FF7ED77201F]
	(No symbol) [0x00007FF7ED755C23]
	(No symbol) [0x00007FF7ED724A45]
	(No symbol) [0x00007FF7ED725AD4]
	GetHandleVerifier [0x00007FF7EDC4D5BB+3695675]
	GetHandleVerifier [0x00007FF7EDCA6197+4059159]
	GetHandleVerifier [0x00007FF7EDC9DF63+4025827]
	GetHandleVerifier [0x00007FF7ED96F029+687785]
	(No symbol) [0x00007FF7ED84B508]
	(No symbol) [0x00007FF7ED847564]
	(No symbol) [0x00007FF7ED8476E9]
	(No symbol) [0x00007FF7ED838094]
	BaseThreadInitThunk [0x00007FFB12507344+20]
	RtlUserThreadStart [0x00007FFB140426B1+33]
</msg>
<msg timestamp="20231214 14:02:56.409" level="WARN">Keyword 'Capture Page Screenshot' could not be run on failure: Message: no such window: target window already closed
from unknown error: web view not found
  (Session info: chrome=120.0.6099.71)
Stacktrace:
	GetHandleVerifier [0x00007FF7ED8D4D02+56194]
	(No symbol) [0x00007FF7ED8404B2]
	(No symbol) [0x00007FF7ED6E76AA]
	(No symbol) [0x00007FF7ED6C0AFD]
	(No symbol) [0x00007FF7ED75C9AB]
	(No symbol) [0x00007FF7ED77201F]
	(No symbol) [0x00007FF7ED755C23]
	(No symbol) [0x00007FF7ED724A45]
	(No symbol) [0x00007FF7ED725AD4]
	GetHandleVerifier [0x00007FF7EDC4D5BB+3695675]
	GetHandleVerifier [0x00007FF7EDCA6197+4059159]
	GetHandleVerifier [0x00007FF7EDC9DF63+4025827]
	GetHandleVerifier [0x00007FF7ED96F029+687785]
	(No symbol) [0x00007FF7ED84B508]
	(No symbol) [0x00007FF7ED847564]
	(No symbol) [0x00007FF7ED8476E9]
	(No symbol) [0x00007FF7ED838094]
	BaseThreadInitThunk [0x00007FFB12507344+20]
	RtlUserThreadStart [0x00007FFB140426B1+33]
</msg>
<msg timestamp="20231214 14:02:56.489" level="WARN">Keyword 'Capture Page Screenshot' could not be run on failure: Message: no such window: target window already closed
from unknown error: web view not found
  (Session info: chrome=120.0.6099.71)
Stacktrace:
	GetHandleVerifier [0x00007FF7ED8D4D02+56194]
	(No symbol) [0x00007FF7ED8404B2]
	(No symbol) [0x00007FF7ED6E76AA]
	(No symbol) [0x00007FF7ED6C0AFD]
	(No symbol) [0x00007FF7ED75C9AB]
	(No symbol) [0x00007FF7ED77201F]
	(No symbol) [0x00007FF7ED755C23]
	(No symbol) [0x00007FF7ED724A45]
	(No symbol) [0x00007FF7ED725AD4]
	GetHandleVerifier [0x00007FF7EDC4D5BB+3695675]
	GetHandleVerifier [0x00007FF7EDCA6197+4059159]
	GetHandleVerifier [0x00007FF7EDC9DF63+4025827]
	GetHandleVerifier [0x00007FF7ED96F029+687785]
	(No symbol) [0x00007FF7ED84B508]
	(No symbol) [0x00007FF7ED847564]
	(No symbol) [0x00007FF7ED8476E9]
	(No symbol) [0x00007FF7ED838094]
	BaseThreadInitThunk [0x00007FFB12507344+20]
	RtlUserThreadStart [0x00007FFB140426B1+33]
</msg>
<msg timestamp="20231214 14:02:56.576" level="WARN">Keyword 'Capture Page Screenshot' could not be run on failure: Message: no such window: target window already closed
from unknown error: web view not found
  (Session info: chrome=120.0.6099.71)
Stacktrace:
	GetHandleVerifier [0x00007FF7ED8D4D02+56194]
	(No symbol) [0x00007FF7ED8404B2]
	(No symbol) [0x00007FF7ED6E76AA]
	(No symbol) [0x00007FF7ED6C0AFD]
	(No symbol) [0x00007FF7ED75C9AB]
	(No symbol) [0x00007FF7ED77201F]
	(No symbol) [0x00007FF7ED755C23]
	(No symbol) [0x00007FF7ED724A45]
	(No symbol) [0x00007FF7ED725AD4]
	GetHandleVerifier [0x00007FF7EDC4D5BB+3695675]
	GetHandleVerifier [0x00007FF7EDCA6197+4059159]
	GetHandleVerifier [0x00007FF7EDC9DF63+4025827]
	GetHandleVerifier [0x00007FF7ED96F029+687785]
	(No symbol) [0x00007FF7ED84B508]
	(No symbol) [0x00007FF7ED847564]
	(No symbol) [0x00007FF7ED8476E9]
	(No symbol) [0x00007FF7ED838094]
	BaseThreadInitThunk [0x00007FFB12507344+20]
	RtlUserThreadStart [0x00007FFB140426B1+33]
</msg>
<msg timestamp="20231214 14:02:56.668" level="WARN">Keyword 'Capture Page Screenshot' could not be run on failure: Message: no such window: target window already closed
from unknown error: web view not found
  (Session info: chrome=120.0.6099.71)
Stacktrace:
	GetHandleVerifier [0x00007FF7ED8D4D02+56194]
	(No symbol) [0x00007FF7ED8404B2]
	(No symbol) [0x00007FF7ED6E76AA]
	(No symbol) [0x00007FF7ED6C0AFD]
	(No symbol) [0x00007FF7ED75C9AB]
	(No symbol) [0x00007FF7ED77201F]
	(No symbol) [0x00007FF7ED755C23]
	(No symbol) [0x00007FF7ED724A45]
	(No symbol) [0x00007FF7ED725AD4]
	GetHandleVerifier [0x00007FF7EDC4D5BB+3695675]
	GetHandleVerifier [0x00007FF7EDCA6197+4059159]
	GetHandleVerifier [0x00007FF7EDC9DF63+4025827]
	GetHandleVerifier [0x00007FF7ED96F029+687785]
	(No symbol) [0x00007FF7ED84B508]
	(No symbol) [0x00007FF7ED847564]
	(No symbol) [0x00007FF7ED8476E9]
	(No symbol) [0x00007FF7ED838094]
	BaseThreadInitThunk [0x00007FFB12507344+20]
	RtlUserThreadStart [0x00007FFB140426B1+33]
</msg>
<msg timestamp="20231214 14:02:56.749" level="WARN">Keyword 'Capture Page Screenshot' could not be run on failure: Message: no such window: target window already closed
from unknown error: web view not found
  (Session info: chrome=120.0.6099.71)
Stacktrace:
	GetHandleVerifier [0x00007FF7ED8D4D02+56194]
	(No symbol) [0x00007FF7ED8404B2]
	(No symbol) [0x00007FF7ED6E76AA]
	(No symbol) [0x00007FF7ED6C0AFD]
	(No symbol) [0x00007FF7ED75C9AB]
	(No symbol) [0x00007FF7ED77201F]
	(No symbol) [0x00007FF7ED755C23]
	(No symbol) [0x00007FF7ED724A45]
	(No symbol) [0x00007FF7ED725AD4]
	GetHandleVerifier [0x00007FF7EDC4D5BB+3695675]
	GetHandleVerifier [0x00007FF7EDCA6197+4059159]
	GetHandleVerifier [0x00007FF7EDC9DF63+4025827]
	GetHandleVerifier [0x00007FF7ED96F029+687785]
	(No symbol) [0x00007FF7ED84B508]
	(No symbol) [0x00007FF7ED847564]
	(No symbol) [0x00007FF7ED8476E9]
	(No symbol) [0x00007FF7ED838094]
	BaseThreadInitThunk [0x00007FFB12507344+20]
	RtlUserThreadStart [0x00007FFB140426B1+33]
</msg>
<msg timestamp="20231214 14:02:56.835" level="WARN">Keyword 'Capture Page Screenshot' could not be run on failure: Message: no such window: target window already closed
from unknown error: web view not found
  (Session info: chrome=120.0.6099.71)
Stacktrace:
	GetHandleVerifier [0x00007FF7ED8D4D02+56194]
	(No symbol) [0x00007FF7ED8404B2]
	(No symbol) [0x00007FF7ED6E76AA]
	(No symbol) [0x00007FF7ED6C0AFD]
	(No symbol) [0x00007FF7ED75C9AB]
	(No symbol) [0x00007FF7ED77201F]
	(No symbol) [0x00007FF7ED755C23]
	(No symbol) [0x00007FF7ED724A45]
	(No symbol) [0x00007FF7ED725AD4]
	GetHandleVerifier [0x00007FF7EDC4D5BB+3695675]
	GetHandleVerifier [0x00007FF7EDCA6197+4059159]
	GetHandleVerifier [0x00007FF7EDC9DF63+4025827]
	GetHandleVerifier [0x00007FF7ED96F029+687785]
	(No symbol) [0x00007FF7ED84B508]
	(No symbol) [0x00007FF7ED847564]
	(No symbol) [0x00007FF7ED8476E9]
	(No symbol) [0x00007FF7ED838094]
	BaseThreadInitThunk [0x00007FFB12507344+20]
	RtlUserThreadStart [0x00007FFB140426B1+33]
</msg>
<msg timestamp="20231214 14:02:56.979" level="WARN">Keyword 'Capture Page Screenshot' could not be run on failure: Message: no such window: target window already closed
from unknown error: web view not found
  (Session info: chrome=120.0.6099.71)
Stacktrace:
	GetHandleVerifier [0x00007FF7ED8D4D02+56194]
	(No symbol) [0x00007FF7ED8404B2]
	(No symbol) [0x00007FF7ED6E76AA]
	(No symbol) [0x00007FF7ED6C0AFD]
	(No symbol) [0x00007FF7ED75C9AB]
	(No symbol) [0x00007FF7ED77201F]
	(No symbol) [0x00007FF7ED755C23]
	(No symbol) [0x00007FF7ED724A45]
	(No symbol) [0x00007FF7ED725AD4]
	GetHandleVerifier [0x00007FF7EDC4D5BB+3695675]
	GetHandleVerifier [0x00007FF7EDCA6197+4059159]
	GetHandleVerifier [0x00007FF7EDC9DF63+4025827]
	GetHandleVerifier [0x00007FF7ED96F029+687785]
	(No symbol) [0x00007FF7ED84B508]
	(No symbol) [0x00007FF7ED847564]
	(No symbol) [0x00007FF7ED8476E9]
	(No symbol) [0x00007FF7ED838094]
	BaseThreadInitThunk [0x00007FFB12507344+20]
	RtlUserThreadStart [0x00007FFB140426B1+33]
</msg>
<msg timestamp="20231214 14:02:57.003" level="WARN">Keyword 'Capture Page Screenshot' could not be run on failure: Execution terminated by signal</msg>
<msg timestamp="20231214 14:03:01.203" level="ERROR">Execution stopped by user.</msg>
</errors>
</robot>
