<?xml version="1.0" encoding="UTF-8"?>
<robot generator="Robot 6.1.1 (Python 3.12.0b4 on win32)" generated="20240129 18:09:09.982" rpa="false" schemaversion="4">
<suite id="s1" name="VerificarTelaAlteracaoPerfil" source="c:\Users\C5151356\Documents\Automa-o-Com-Robot-Framework-Web\Automacao_MultiBra\Tests\VerificarTelaAlteracaoPerfil.robot">
<test id="s1-t1" name="CT11: Logins Ativos - Conservadora e Tradicional" line="98">
<kw name="Open Browser" library="SeleniumLibrary" type="SETUP">
<arg>${URL}</arg>
<arg>chrome</arg>
<doc>Opens a new browser instance to the optional ``url``.</doc>
<msg timestamp="20240129 18:09:10.460" level="INFO">Opening browser 'chrome' to base url 'https://www.portal-hro.com.br/portal/site/Multibra-Homolog/Login.aspx'.</msg>
<status status="PASS" starttime="20240129 18:09:10.459" endtime="20240129 18:09:17.596"/>
</kw>
<kw name="Login com Usuários Ativos - Conservadora e Tradicional" library="VerificarTelaAlteracaoPerfilResources">
<arg>ut.andritz.ativo1</arg>
<arg>ut.andritz.ativo1</arg>
<try>
<branch type="TRY">
<kw name="Maximize Browser Window" library="SeleniumLibrary">
<doc>Maximizes current browser window.</doc>
<status status="PASS" starttime="20240129 18:09:17.599" endtime="20240129 18:09:17.714"/>
</kw>
<status status="PASS" starttime="20240129 18:09:17.598" endtime="20240129 18:09:17.714"/>
</branch>
<branch type="EXCEPT">
<pattern>Error message</pattern>
<kw name="Log" library="BuiltIn">
<arg>message</arg>
<doc>Logs the given message with the given level.</doc>
<status status="NOT RUN" starttime="20240129 18:09:17.715" endtime="20240129 18:09:17.715"/>
</kw>
<status status="NOT RUN" starttime="20240129 18:09:17.715" endtime="20240129 18:09:17.715"/>
</branch>
<status status="PASS" starttime="20240129 18:09:17.598" endtime="20240129 18:09:17.715"/>
</try>
<kw name="Sleep" library="BuiltIn">
<arg>1s</arg>
<doc>Pauses the test executed for the given time.</doc>
<msg timestamp="20240129 18:09:18.716" level="INFO">Slept 1 second</msg>
<status status="PASS" starttime="20240129 18:09:17.716" endtime="20240129 18:09:18.717"/>
</kw>
<kw name="Scroll Element Into View" library="SeleniumLibrary">
<arg>${BOTAO_ACESSAR}</arg>
<doc>Scrolls the element identified by ``locator`` into view.</doc>
<status status="PASS" starttime="20240129 18:09:18.717" endtime="20240129 18:09:19.012"/>
</kw>
<kw name="Input Text" library="SeleniumLibrary">
<arg>${CAMPO_NOME}</arg>
<arg>${Usuario}</arg>
<doc>Types the given ``text`` into the text field identified by ``locator``.</doc>
<msg timestamp="20240129 18:09:19.013" level="INFO">Typing text 'ut.andritz.ativo1' into text field '//input[contains(@name,'ctl00$ContentPlaceHolder1$username')]'.</msg>
<status status="PASS" starttime="20240129 18:09:19.012" endtime="20240129 18:09:19.127"/>
</kw>
<kw name="Input Text" library="SeleniumLibrary">
<arg>${CAMPO_SENHA}</arg>
<arg>${Senha}</arg>
<doc>Types the given ``text`` into the text field identified by ``locator``.</doc>
<msg timestamp="20240129 18:09:19.128" level="INFO">Typing text 'ut.andritz.ativo1' into text field '//input[contains(@name,'ctl00$ContentPlaceHolder1$password')]'.</msg>
<status status="PASS" starttime="20240129 18:09:19.127" endtime="20240129 18:09:19.230"/>
</kw>
<kw name="Run Keyword And Return Status" library="BuiltIn">
<var>${is_button_visible}</var>
<arg>Element Should Be Visible</arg>
<arg>${BOTÃO_ENTENDIDO}</arg>
<doc>Runs the given keyword with given arguments and returns the status as a Boolean value.</doc>
<kw name="Element Should Be Visible" library="SeleniumLibrary">
<arg>${BOTÃO_ENTENDIDO}</arg>
<doc>Verifies that the element identified by ``locator`` is visible.</doc>
<msg timestamp="20240129 18:09:19.275" level="INFO">Element 'cookieButton' is displayed.</msg>
<status status="PASS" starttime="20240129 18:09:19.232" endtime="20240129 18:09:19.275"/>
</kw>
<msg timestamp="20240129 18:09:19.275" level="INFO">${is_button_visible} = True</msg>
<status status="PASS" starttime="20240129 18:09:19.231" endtime="20240129 18:09:19.275"/>
</kw>
<kw name="Run Keyword If" library="BuiltIn">
<arg>${is_button_visible}</arg>
<arg>Click Element</arg>
<arg>${BOTÃO_ENTENDIDO}</arg>
<doc>Runs the given keyword with the given arguments, if ``condition`` is true.</doc>
<kw name="Click Element" library="SeleniumLibrary">
<arg>${BOTÃO_ENTENDIDO}</arg>
<doc>Click the element identified by ``locator``.</doc>
<msg timestamp="20240129 18:09:19.278" level="INFO">Clicking element 'cookieButton'.</msg>
<status status="PASS" starttime="20240129 18:09:19.277" endtime="20240129 18:09:19.329"/>
</kw>
<status status="PASS" starttime="20240129 18:09:19.276" endtime="20240129 18:09:19.330"/>
</kw>
<kw name="Click Element" library="SeleniumLibrary">
<arg>${BOTAO_ACESSAR}</arg>
<doc>Click the element identified by ``locator``.</doc>
<msg timestamp="20240129 18:09:19.330" level="INFO">Clicking element 'ContentPlaceHolder1_btnEntrar2'.</msg>
<status status="PASS" starttime="20240129 18:09:19.330" endtime="20240129 18:09:22.688"/>
</kw>
<kw name="Quando acesso Avaliação de perfil de investidor" library="VerificarTelaAlteracaoPerfilResources">
<kw name="Quando clico no menu lateral" library="VerificarTelaAlteracaoPerfilResources">
<kw name="Click Element" library="SeleniumLibrary">
<arg>${MENU_LATERAL_SAND}</arg>
<doc>Click the element identified by ``locator``.</doc>
<msg timestamp="20240129 18:09:22.690" level="INFO">Clicking element '//img[contains(@alt,'Menu')]'.</msg>
<status status="PASS" starttime="20240129 18:09:22.690" endtime="20240129 18:09:22.781"/>
</kw>
<status status="PASS" starttime="20240129 18:09:22.689" endtime="20240129 18:09:22.781"/>
</kw>
<kw name="E clico em módulo Alteração Perfil acesso Avaliação de Perfil de Investidor" library="VerificarTelaAlteracaoPerfilResources">
<kw name="Wait Until Element Is Visible" library="SeleniumLibrary">
<arg>${ALTERACAO_PERFIL_MODULO}</arg>
<doc>Waits until the element ``locator`` is visible.</doc>
<status status="PASS" starttime="20240129 18:09:22.782" endtime="20240129 18:09:22.811"/>
</kw>
<kw name="Scroll Element Into View" library="SeleniumLibrary">
<arg>${ALTERACAO_PERFIL_MODULO}</arg>
<doc>Scrolls the element identified by ``locator`` into view.</doc>
<status status="PASS" starttime="20240129 18:09:22.812" endtime="20240129 18:09:23.088"/>
</kw>
<kw name="Click Element" library="SeleniumLibrary">
<arg>${ALTERACAO_PERFIL_MODULO}</arg>
<doc>Click the element identified by ``locator``.</doc>
<msg timestamp="20240129 18:09:23.089" level="INFO">Clicking element '//a[contains(@class,'Menu2746')]'.</msg>
<status status="PASS" starttime="20240129 18:09:23.088" endtime="20240129 18:09:23.143"/>
</kw>
<kw name="Scroll Element Into View" library="SeleniumLibrary">
<arg>${AVALIA_PERFIL_INVESTIDOR}</arg>
<doc>Scrolls the element identified by ``locator`` into view.</doc>
<status status="PASS" starttime="20240129 18:09:23.143" endtime="20240129 18:09:23.450"/>
</kw>
<kw name="Click Element" library="SeleniumLibrary">
<arg>${AVALIA_PERFIL_INVESTIDOR}</arg>
<doc>Click the element identified by ``locator``.</doc>
<msg timestamp="20240129 18:09:23.451" level="INFO">Clicking element '//a[@href='/portal/site/Multibra-Homolog/Action/SuitabilityQuestionario.aspx']'.</msg>
<status status="PASS" starttime="20240129 18:09:23.451" endtime="20240129 18:09:25.054"/>
</kw>
<status status="PASS" starttime="20240129 18:09:22.782" endtime="20240129 18:09:25.054"/>
</kw>
<status status="PASS" starttime="20240129 18:09:22.689" endtime="20240129 18:09:25.055"/>
</kw>
<kw name="E preencho informações para perfil Conservadora e Tradicional" library="VerificarTelaAlteracaoPerfilResources">
<kw name="Wait Until Element Is Visible" library="SeleniumLibrary">
<arg>${RESPONDER_QUESTIONARIO}</arg>
<doc>Waits until the element ``locator`` is visible.</doc>
<status status="PASS" starttime="20240129 18:09:25.056" endtime="20240129 18:09:25.085"/>
</kw>
<kw name="Click Element" library="SeleniumLibrary">
<arg>${RESPONDER_QUESTIONARIO}</arg>
<doc>Click the element identified by ``locator``.</doc>
<msg timestamp="20240129 18:09:25.087" level="INFO">Clicking element '//input[contains(@onclick,'ResponderAgora()')]'.</msg>
<status status="PASS" starttime="20240129 18:09:25.086" endtime="20240129 18:09:25.224"/>
</kw>
<kw name="Wait Until Element Is Visible" library="SeleniumLibrary">
<arg>${REFE_DI_1ªPERG_5}</arg>
<doc>Waits until the element ``locator`` is visible.</doc>
<status status="PASS" starttime="20240129 18:09:25.224" endtime="20240129 18:09:25.257"/>
</kw>
<kw name="Click Element" library="SeleniumLibrary">
<arg>${REFE_DI_1ªPERG_5}</arg>
<doc>Click the element identified by ``locator``.</doc>
<msg timestamp="20240129 18:09:25.259" level="INFO">Clicking element '(//input[contains(@type,'radio')])[5]'.</msg>
<status status="PASS" starttime="20240129 18:09:25.258" endtime="20240129 18:09:25.310"/>
</kw>
<kw name="Scroll Element Into View" library="SeleniumLibrary">
<arg>${REFE_DI_2ªPERG_5}</arg>
<doc>Scrolls the element identified by ``locator`` into view.</doc>
<status status="PASS" starttime="20240129 18:09:25.311" endtime="20240129 18:09:25.598"/>
</kw>
<kw name="Click Element" library="SeleniumLibrary">
<arg>${REFE_DI_2ªPERG_5}</arg>
<doc>Click the element identified by ``locator``.</doc>
<msg timestamp="20240129 18:09:25.599" level="INFO">Clicking element '(//input[contains(@type,'radio')])[10]'.</msg>
<status status="PASS" starttime="20240129 18:09:25.598" endtime="20240129 18:09:25.647"/>
</kw>
<kw name="Scroll Element Into View" library="SeleniumLibrary">
<arg>${REFE_DI_3ªPERG_5}</arg>
<doc>Scrolls the element identified by ``locator`` into view.</doc>
<status status="PASS" starttime="20240129 18:09:25.647" endtime="20240129 18:09:25.941"/>
</kw>
<kw name="Click Element" library="SeleniumLibrary">
<arg>${REFE_DI_3ªPERG_5}</arg>
<doc>Click the element identified by ``locator``.</doc>
<msg timestamp="20240129 18:09:25.942" level="INFO">Clicking element '(//input[contains(@type,'radio')])[15]'.</msg>
<status status="PASS" starttime="20240129 18:09:25.942" endtime="20240129 18:09:25.976"/>
</kw>
<kw name="Scroll Element Into View" library="SeleniumLibrary">
<arg>${REFE_DI_4ªPERG_5}</arg>
<doc>Scrolls the element identified by ``locator`` into view.</doc>
<status status="PASS" starttime="20240129 18:09:25.977" endtime="20240129 18:09:26.266"/>
</kw>
<kw name="Click Element" library="SeleniumLibrary">
<arg>${REFE_DI_4ªPERG_5}</arg>
<doc>Click the element identified by ``locator``.</doc>
<msg timestamp="20240129 18:09:26.268" level="INFO">Clicking element '(//input[contains(@type,'radio')])[20]'.</msg>
<status status="PASS" starttime="20240129 18:09:26.267" endtime="20240129 18:09:26.304"/>
</kw>
<kw name="Scroll Element Into View" library="SeleniumLibrary">
<arg>${CONSERV_TRAD_5ªPERG_3}</arg>
<doc>Scrolls the element identified by ``locator`` into view.</doc>
<status status="PASS" starttime="20240129 18:09:26.304" endtime="20240129 18:09:26.592"/>
</kw>
<kw name="Click Element" library="SeleniumLibrary">
<arg>${CONSERV_TRAD_5ªPERG_3}</arg>
<doc>Click the element identified by ``locator``.</doc>
<msg timestamp="20240129 18:09:26.593" level="INFO">Clicking element '(//input[contains(@type,'radio')])[23]'.</msg>
<status status="PASS" starttime="20240129 18:09:26.592" endtime="20240129 18:09:26.628"/>
</kw>
<kw name="Scroll Element Into View" library="SeleniumLibrary">
<arg>${CONSERV_TRAD_6ªPERG_5}</arg>
<doc>Scrolls the element identified by ``locator`` into view.</doc>
<status status="PASS" starttime="20240129 18:09:26.628" endtime="20240129 18:09:26.916"/>
</kw>
<kw name="Click Element" library="SeleniumLibrary">
<arg>${CONSERV_TRAD_6ªPERG_5}</arg>
<doc>Click the element identified by ``locator``.</doc>
<msg timestamp="20240129 18:09:26.918" level="INFO">Clicking element '(//input[contains(@type,'radio')])[30]'.</msg>
<status status="PASS" starttime="20240129 18:09:26.917" endtime="20240129 18:09:26.958"/>
</kw>
<kw name="Scroll Element Into View" library="SeleniumLibrary">
<arg>${CONSERV_TRAD_7ªPERG_3}</arg>
<doc>Scrolls the element identified by ``locator`` into view.</doc>
<status status="PASS" starttime="20240129 18:09:26.958" endtime="20240129 18:09:27.240"/>
</kw>
<kw name="Click Element" library="SeleniumLibrary">
<arg>${CONSERV_TRAD_7ªPERG_3}</arg>
<doc>Click the element identified by ``locator``.</doc>
<msg timestamp="20240129 18:09:27.241" level="INFO">Clicking element '(//input[contains(@type,'radio')])[33]'.</msg>
<status status="PASS" starttime="20240129 18:09:27.240" endtime="20240129 18:09:27.280"/>
</kw>
<kw name="Scroll Element Into View" library="SeleniumLibrary">
<arg>${CONSERV_TRAD_8ªPERG_2}</arg>
<doc>Scrolls the element identified by ``locator`` into view.</doc>
<status status="PASS" starttime="20240129 18:09:27.280" endtime="20240129 18:09:27.580"/>
</kw>
<kw name="Click Element" library="SeleniumLibrary">
<arg>${CONSERV_TRAD_8ªPERG_2}</arg>
<doc>Click the element identified by ``locator``.</doc>
<msg timestamp="20240129 18:09:27.582" level="INFO">Clicking element '(//input[contains(@type,'radio')])[37]'.</msg>
<status status="PASS" starttime="20240129 18:09:27.580" endtime="20240129 18:09:27.629"/>
</kw>
<kw name="Scroll Element Into View" library="SeleniumLibrary">
<arg>${CONSERV_TRAD_9ªPERG_1}</arg>
<doc>Scrolls the element identified by ``locator`` into view.</doc>
<status status="PASS" starttime="20240129 18:09:27.630" endtime="20240129 18:09:27.922"/>
</kw>
<kw name="Click Element" library="SeleniumLibrary">
<arg>${CONSERV_TRAD_9ªPERG_1}</arg>
<doc>Click the element identified by ``locator``.</doc>
<msg timestamp="20240129 18:09:27.923" level="INFO">Clicking element '(//input[contains(@type,'radio')])[41]'.</msg>
<status status="PASS" starttime="20240129 18:09:27.923" endtime="20240129 18:09:27.974"/>
</kw>
<kw name="Scroll Element Into View" library="SeleniumLibrary">
<arg>${BOTAO_ENVIAR_QUESTIONARIO}</arg>
<doc>Scrolls the element identified by ``locator`` into view.</doc>
<status status="PASS" starttime="20240129 18:09:27.974" endtime="20240129 18:09:28.264"/>
</kw>
<kw name="Click Element" library="SeleniumLibrary">
<arg>${BOTAO_ENVIAR_QUESTIONARIO}</arg>
<doc>Click the element identified by ``locator``.</doc>
<msg timestamp="20240129 18:09:28.267" level="INFO">Clicking element '//input[contains(@onclick,'Validacoes()')]'.</msg>
<status status="PASS" starttime="20240129 18:09:28.265" endtime="20240129 18:09:28.326"/>
</kw>
<status status="PASS" starttime="20240129 18:09:25.055" endtime="20240129 18:09:28.326"/>
</kw>
<kw name="Então meu perfil de investidor será Conservadora e Tradicional" library="VerificarTelaAlteracaoPerfilResources">
<kw name="Wait Until Element Is Visible" library="SeleniumLibrary">
<arg>${BOTAO_CONFIRMAR}</arg>
<doc>Waits until the element ``locator`` is visible.</doc>
<status status="PASS" starttime="20240129 18:09:28.327" endtime="20240129 18:09:28.577"/>
</kw>
<kw name="Scroll Element Into View" library="SeleniumLibrary">
<arg>${BOTAO_CONFIRMAR}</arg>
<doc>Scrolls the element identified by ``locator`` into view.</doc>
<status status="PASS" starttime="20240129 18:09:28.577" endtime="20240129 18:09:28.870"/>
</kw>
<kw name="Page Should Contain" library="SeleniumLibrary">
<arg>${MODERADO_TEXT}</arg>
<doc>Verifies that current page contains ``text``.</doc>
<msg timestamp="20240129 18:09:28.888" level="INFO">Current page contains text 'ANDRITZ_CONSERVADORA_E_TRADICI'.</msg>
<status status="PASS" starttime="20240129 18:09:28.870" endtime="20240129 18:09:28.889"/>
</kw>
<kw name="Wait Until Element Is Visible" library="SeleniumLibrary">
<arg>${BOTAO_CONFIRMAR}</arg>
<doc>Waits until the element ``locator`` is visible.</doc>
<status status="PASS" starttime="20240129 18:09:28.889" endtime="20240129 18:09:28.908"/>
</kw>
<kw name="Click Element" library="SeleniumLibrary">
<arg>${BOTAO_CONFIRMAR}</arg>
<doc>Click the element identified by ``locator``.</doc>
<msg timestamp="20240129 18:09:28.909" level="INFO">Clicking element '//input[contains(@onclick,'ConfirmarRespostas()')]'.</msg>
<status status="PASS" starttime="20240129 18:09:28.908" endtime="20240129 18:09:28.958"/>
</kw>
<status status="PASS" starttime="20240129 18:09:28.326" endtime="20240129 18:09:28.958"/>
</kw>
<kw name="Sair da página" library="VerificarTelaAlteracaoPerfilResources">
<kw name="Go To" library="SeleniumLibrary">
<arg>https://www.portal-hro.com.br/portal/site/Multibra-Homolog/Action/Logout.aspx</arg>
<doc>Navigates the current browser window to the provided ``url``.</doc>
<msg timestamp="20240129 18:09:28.960" level="INFO">Opening url 'https://www.portal-hro.com.br/portal/site/Multibra-Homolog/Action/Logout.aspx'</msg>
<status status="PASS" starttime="20240129 18:09:28.959" endtime="20240129 18:09:29.966"/>
</kw>
<status status="PASS" starttime="20240129 18:09:28.959" endtime="20240129 18:09:29.966"/>
</kw>
<status status="PASS" starttime="20240129 18:09:17.597" endtime="20240129 18:09:29.966"/>
</kw>
<kw name="Login com Usuários Ativos - Conservadora e Tradicional" library="VerificarTelaAlteracaoPerfilResources">
<arg>ut.Andritz.ativo2</arg>
<arg>ut.Andritz.ativo2</arg>
<try>
<branch type="TRY">
<kw name="Maximize Browser Window" library="SeleniumLibrary">
<doc>Maximizes current browser window.</doc>
<status status="PASS" starttime="20240129 18:09:29.970" endtime="20240129 18:09:29.973"/>
</kw>
<status status="PASS" starttime="20240129 18:09:29.969" endtime="20240129 18:09:29.974"/>
</branch>
<branch type="EXCEPT">
<pattern>Error message</pattern>
<kw name="Log" library="BuiltIn">
<arg>message</arg>
<doc>Logs the given message with the given level.</doc>
<status status="NOT RUN" starttime="20240129 18:09:29.974" endtime="20240129 18:09:29.975"/>
</kw>
<status status="NOT RUN" starttime="20240129 18:09:29.974" endtime="20240129 18:09:29.975"/>
</branch>
<status status="PASS" starttime="20240129 18:09:29.969" endtime="20240129 18:09:29.975"/>
</try>
<kw name="Sleep" library="BuiltIn">
<arg>1s</arg>
<doc>Pauses the test executed for the given time.</doc>
<msg timestamp="20240129 18:09:30.977" level="INFO">Slept 1 second</msg>
<status status="PASS" starttime="20240129 18:09:29.976" endtime="20240129 18:09:30.978"/>
</kw>
<kw name="Scroll Element Into View" library="SeleniumLibrary">
<arg>${BOTAO_ACESSAR}</arg>
<doc>Scrolls the element identified by ``locator`` into view.</doc>
<status status="PASS" starttime="20240129 18:09:30.978" endtime="20240129 18:09:31.265"/>
</kw>
<kw name="Input Text" library="SeleniumLibrary">
<arg>${CAMPO_NOME}</arg>
<arg>${Usuario}</arg>
<doc>Types the given ``text`` into the text field identified by ``locator``.</doc>
<msg timestamp="20240129 18:09:31.268" level="INFO">Typing text 'ut.Andritz.ativo2' into text field '//input[contains(@name,'ctl00$ContentPlaceHolder1$username')]'.</msg>
<status status="PASS" starttime="20240129 18:09:31.265" endtime="20240129 18:09:31.495"/>
</kw>
<kw name="Input Text" library="SeleniumLibrary">
<arg>${CAMPO_SENHA}</arg>
<arg>${Senha}</arg>
<doc>Types the given ``text`` into the text field identified by ``locator``.</doc>
<msg timestamp="20240129 18:09:31.497" level="INFO">Typing text 'ut.Andritz.ativo2' into text field '//input[contains(@name,'ctl00$ContentPlaceHolder1$password')]'.</msg>
<status status="PASS" starttime="20240129 18:09:31.495" endtime="20240129 18:09:31.613"/>
</kw>
<kw name="Run Keyword And Return Status" library="BuiltIn">
<var>${is_button_visible}</var>
<arg>Element Should Be Visible</arg>
<arg>${BOTÃO_ENTENDIDO}</arg>
<doc>Runs the given keyword with given arguments and returns the status as a Boolean value.</doc>
<kw name="Element Should Be Visible" library="SeleniumLibrary">
<arg>${BOTÃO_ENTENDIDO}</arg>
<doc>Verifies that the element identified by ``locator`` is visible.</doc>
<msg timestamp="20240129 18:09:31.810" level="INFO" html="true">&lt;/td&gt;&lt;/tr&gt;&lt;tr&gt;&lt;td colspan="3"&gt;&lt;a href="selenium-screenshot-220.png"&gt;&lt;img src="selenium-screenshot-220.png" width="800px"&gt;&lt;/a&gt;</msg>
<msg timestamp="20240129 18:09:31.810" level="FAIL">The element 'cookieButton' should be visible, but it is not.</msg>
<status status="FAIL" starttime="20240129 18:09:31.614" endtime="20240129 18:09:31.820"/>
</kw>
<msg timestamp="20240129 18:09:31.820" level="INFO">${is_button_visible} = False</msg>
<status status="PASS" starttime="20240129 18:09:31.613" endtime="20240129 18:09:31.820"/>
</kw>
<kw name="Run Keyword If" library="BuiltIn">
<arg>${is_button_visible}</arg>
<arg>Click Element</arg>
<arg>${BOTÃO_ENTENDIDO}</arg>
<doc>Runs the given keyword with the given arguments, if ``condition`` is true.</doc>
<status status="PASS" starttime="20240129 18:09:31.821" endtime="20240129 18:09:31.822"/>
</kw>
<kw name="Click Element" library="SeleniumLibrary">
<arg>${BOTAO_ACESSAR}</arg>
<doc>Click the element identified by ``locator``.</doc>
<msg timestamp="20240129 18:09:31.823" level="INFO">Clicking element 'ContentPlaceHolder1_btnEntrar2'.</msg>
<status status="PASS" starttime="20240129 18:09:31.822" endtime="20240129 18:09:33.732"/>
</kw>
<kw name="Quando acesso Avaliação de perfil de investidor" library="VerificarTelaAlteracaoPerfilResources">
<kw name="Quando clico no menu lateral" library="VerificarTelaAlteracaoPerfilResources">
<kw name="Click Element" library="SeleniumLibrary">
<arg>${MENU_LATERAL_SAND}</arg>
<doc>Click the element identified by ``locator``.</doc>
<msg timestamp="20240129 18:09:33.734" level="INFO">Clicking element '//img[contains(@alt,'Menu')]'.</msg>
<status status="PASS" starttime="20240129 18:09:33.733" endtime="20240129 18:09:33.886"/>
</kw>
<status status="PASS" starttime="20240129 18:09:33.733" endtime="20240129 18:09:33.887"/>
</kw>
<kw name="E clico em módulo Alteração Perfil acesso Avaliação de Perfil de Investidor" library="VerificarTelaAlteracaoPerfilResources">
<kw name="Wait Until Element Is Visible" library="SeleniumLibrary">
<arg>${ALTERACAO_PERFIL_MODULO}</arg>
<doc>Waits until the element ``locator`` is visible.</doc>
<status status="PASS" starttime="20240129 18:09:33.888" endtime="20240129 18:09:34.146"/>
</kw>
<kw name="Scroll Element Into View" library="SeleniumLibrary">
<arg>${ALTERACAO_PERFIL_MODULO}</arg>
<doc>Scrolls the element identified by ``locator`` into view.</doc>
<status status="PASS" starttime="20240129 18:09:34.147" endtime="20240129 18:09:34.448"/>
</kw>
<kw name="Click Element" library="SeleniumLibrary">
<arg>${ALTERACAO_PERFIL_MODULO}</arg>
<doc>Click the element identified by ``locator``.</doc>
<msg timestamp="20240129 18:09:34.449" level="INFO">Clicking element '//a[contains(@class,'Menu2746')]'.</msg>
<status status="PASS" starttime="20240129 18:09:34.448" endtime="20240129 18:09:34.510"/>
</kw>
<kw name="Scroll Element Into View" library="SeleniumLibrary">
<arg>${AVALIA_PERFIL_INVESTIDOR}</arg>
<doc>Scrolls the element identified by ``locator`` into view.</doc>
<status status="PASS" starttime="20240129 18:09:34.510" endtime="20240129 18:09:34.878"/>
</kw>
<kw name="Click Element" library="SeleniumLibrary">
<arg>${AVALIA_PERFIL_INVESTIDOR}</arg>
<doc>Click the element identified by ``locator``.</doc>
<msg timestamp="20240129 18:09:34.880" level="INFO">Clicking element '//a[@href='/portal/site/Multibra-Homolog/Action/SuitabilityQuestionario.aspx']'.</msg>
<status status="PASS" starttime="20240129 18:09:34.878" endtime="20240129 18:09:36.063"/>
</kw>
<status status="PASS" starttime="20240129 18:09:33.887" endtime="20240129 18:09:36.063"/>
</kw>
<status status="PASS" starttime="20240129 18:09:33.732" endtime="20240129 18:09:36.063"/>
</kw>
<kw name="E preencho informações para perfil Conservadora e Tradicional" library="VerificarTelaAlteracaoPerfilResources">
<kw name="Wait Until Element Is Visible" library="SeleniumLibrary">
<arg>${RESPONDER_QUESTIONARIO}</arg>
<doc>Waits until the element ``locator`` is visible.</doc>
<status status="PASS" starttime="20240129 18:09:36.065" endtime="20240129 18:09:36.094"/>
</kw>
<kw name="Click Element" library="SeleniumLibrary">
<arg>${RESPONDER_QUESTIONARIO}</arg>
<doc>Click the element identified by ``locator``.</doc>
<msg timestamp="20240129 18:09:36.096" level="INFO">Clicking element '//input[contains(@onclick,'ResponderAgora()')]'.</msg>
<status status="PASS" starttime="20240129 18:09:36.095" endtime="20240129 18:09:36.234"/>
</kw>
<kw name="Wait Until Element Is Visible" library="SeleniumLibrary">
<arg>${REFE_DI_1ªPERG_5}</arg>
<doc>Waits until the element ``locator`` is visible.</doc>
<status status="PASS" starttime="20240129 18:09:36.234" endtime="20240129 18:09:36.258"/>
</kw>
<kw name="Click Element" library="SeleniumLibrary">
<arg>${REFE_DI_1ªPERG_5}</arg>
<doc>Click the element identified by ``locator``.</doc>
<msg timestamp="20240129 18:09:36.261" level="INFO">Clicking element '(//input[contains(@type,'radio')])[5]'.</msg>
<status status="PASS" starttime="20240129 18:09:36.259" endtime="20240129 18:09:36.328"/>
</kw>
<kw name="Scroll Element Into View" library="SeleniumLibrary">
<arg>${REFE_DI_2ªPERG_5}</arg>
<doc>Scrolls the element identified by ``locator`` into view.</doc>
<status status="PASS" starttime="20240129 18:09:36.328" endtime="20240129 18:09:36.611"/>
</kw>
<kw name="Click Element" library="SeleniumLibrary">
<arg>${REFE_DI_2ªPERG_5}</arg>
<doc>Click the element identified by ``locator``.</doc>
<msg timestamp="20240129 18:09:36.612" level="INFO">Clicking element '(//input[contains(@type,'radio')])[10]'.</msg>
<status status="PASS" starttime="20240129 18:09:36.612" endtime="20240129 18:09:36.659"/>
</kw>
<kw name="Scroll Element Into View" library="SeleniumLibrary">
<arg>${REFE_DI_3ªPERG_5}</arg>
<doc>Scrolls the element identified by ``locator`` into view.</doc>
<status status="PASS" starttime="20240129 18:09:36.660" endtime="20240129 18:09:36.938"/>
</kw>
<kw name="Click Element" library="SeleniumLibrary">
<arg>${REFE_DI_3ªPERG_5}</arg>
<doc>Click the element identified by ``locator``.</doc>
<msg timestamp="20240129 18:09:36.939" level="INFO">Clicking element '(//input[contains(@type,'radio')])[15]'.</msg>
<status status="PASS" starttime="20240129 18:09:36.939" endtime="20240129 18:09:36.985"/>
</kw>
<kw name="Scroll Element Into View" library="SeleniumLibrary">
<arg>${REFE_DI_4ªPERG_5}</arg>
<doc>Scrolls the element identified by ``locator`` into view.</doc>
<status status="PASS" starttime="20240129 18:09:36.985" endtime="20240129 18:09:37.277"/>
</kw>
<kw name="Click Element" library="SeleniumLibrary">
<arg>${REFE_DI_4ªPERG_5}</arg>
<doc>Click the element identified by ``locator``.</doc>
<msg timestamp="20240129 18:09:37.278" level="INFO">Clicking element '(//input[contains(@type,'radio')])[20]'.</msg>
<status status="PASS" starttime="20240129 18:09:37.277" endtime="20240129 18:09:37.319"/>
</kw>
<kw name="Scroll Element Into View" library="SeleniumLibrary">
<arg>${CONSERV_TRAD_5ªPERG_3}</arg>
<doc>Scrolls the element identified by ``locator`` into view.</doc>
<status status="PASS" starttime="20240129 18:09:37.320" endtime="20240129 18:09:37.618"/>
</kw>
<kw name="Click Element" library="SeleniumLibrary">
<arg>${CONSERV_TRAD_5ªPERG_3}</arg>
<doc>Click the element identified by ``locator``.</doc>
<msg timestamp="20240129 18:09:37.619" level="INFO">Clicking element '(//input[contains(@type,'radio')])[23]'.</msg>
<status status="PASS" starttime="20240129 18:09:37.618" endtime="20240129 18:09:37.669"/>
</kw>
<kw name="Scroll Element Into View" library="SeleniumLibrary">
<arg>${CONSERV_TRAD_6ªPERG_5}</arg>
<doc>Scrolls the element identified by ``locator`` into view.</doc>
<status status="PASS" starttime="20240129 18:09:37.670" endtime="20240129 18:09:37.960"/>
</kw>
<kw name="Click Element" library="SeleniumLibrary">
<arg>${CONSERV_TRAD_6ªPERG_5}</arg>
<doc>Click the element identified by ``locator``.</doc>
<msg timestamp="20240129 18:09:37.963" level="INFO">Clicking element '(//input[contains(@type,'radio')])[30]'.</msg>
<status status="PASS" starttime="20240129 18:09:37.962" endtime="20240129 18:09:38.007"/>
</kw>
<kw name="Scroll Element Into View" library="SeleniumLibrary">
<arg>${CONSERV_TRAD_7ªPERG_3}</arg>
<doc>Scrolls the element identified by ``locator`` into view.</doc>
<status status="PASS" starttime="20240129 18:09:38.008" endtime="20240129 18:09:38.288"/>
</kw>
<kw name="Click Element" library="SeleniumLibrary">
<arg>${CONSERV_TRAD_7ªPERG_3}</arg>
<doc>Click the element identified by ``locator``.</doc>
<msg timestamp="20240129 18:09:38.289" level="INFO">Clicking element '(//input[contains(@type,'radio')])[33]'.</msg>
<status status="PASS" starttime="20240129 18:09:38.289" endtime="20240129 18:09:38.325"/>
</kw>
<kw name="Scroll Element Into View" library="SeleniumLibrary">
<arg>${CONSERV_TRAD_8ªPERG_2}</arg>
<doc>Scrolls the element identified by ``locator`` into view.</doc>
<status status="PASS" starttime="20240129 18:09:38.325" endtime="20240129 18:09:38.615"/>
</kw>
<kw name="Click Element" library="SeleniumLibrary">
<arg>${CONSERV_TRAD_8ªPERG_2}</arg>
<doc>Click the element identified by ``locator``.</doc>
<msg timestamp="20240129 18:09:38.616" level="INFO">Clicking element '(//input[contains(@type,'radio')])[37]'.</msg>
<status status="PASS" starttime="20240129 18:09:38.616" endtime="20240129 18:09:38.660"/>
</kw>
<kw name="Scroll Element Into View" library="SeleniumLibrary">
<arg>${CONSERV_TRAD_9ªPERG_1}</arg>
<doc>Scrolls the element identified by ``locator`` into view.</doc>
<status status="PASS" starttime="20240129 18:09:38.660" endtime="20240129 18:09:38.941"/>
</kw>
<kw name="Click Element" library="SeleniumLibrary">
<arg>${CONSERV_TRAD_9ªPERG_1}</arg>
<doc>Click the element identified by ``locator``.</doc>
<msg timestamp="20240129 18:09:38.942" level="INFO">Clicking element '(//input[contains(@type,'radio')])[41]'.</msg>
<status status="PASS" starttime="20240129 18:09:38.941" endtime="20240129 18:09:39.003"/>
</kw>
<kw name="Scroll Element Into View" library="SeleniumLibrary">
<arg>${BOTAO_ENVIAR_QUESTIONARIO}</arg>
<doc>Scrolls the element identified by ``locator`` into view.</doc>
<status status="PASS" starttime="20240129 18:09:39.003" endtime="20240129 18:09:39.296"/>
</kw>
<kw name="Click Element" library="SeleniumLibrary">
<arg>${BOTAO_ENVIAR_QUESTIONARIO}</arg>
<doc>Click the element identified by ``locator``.</doc>
<msg timestamp="20240129 18:09:39.297" level="INFO">Clicking element '//input[contains(@onclick,'Validacoes()')]'.</msg>
<status status="PASS" starttime="20240129 18:09:39.296" endtime="20240129 18:09:39.342"/>
</kw>
<status status="PASS" starttime="20240129 18:09:36.063" endtime="20240129 18:09:39.343"/>
</kw>
<kw name="Então meu perfil de investidor será Conservadora e Tradicional" library="VerificarTelaAlteracaoPerfilResources">
<kw name="Wait Until Element Is Visible" library="SeleniumLibrary">
<arg>${BOTAO_CONFIRMAR}</arg>
<doc>Waits until the element ``locator`` is visible.</doc>
<status status="PASS" starttime="20240129 18:09:39.343" endtime="20240129 18:09:39.582"/>
</kw>
<kw name="Scroll Element Into View" library="SeleniumLibrary">
<arg>${BOTAO_CONFIRMAR}</arg>
<doc>Scrolls the element identified by ``locator`` into view.</doc>
<status status="PASS" starttime="20240129 18:09:39.582" endtime="20240129 18:09:39.855"/>
</kw>
<kw name="Page Should Contain" library="SeleniumLibrary">
<arg>${MODERADO_TEXT}</arg>
<doc>Verifies that current page contains ``text``.</doc>
<msg timestamp="20240129 18:09:39.871" level="INFO">Current page contains text 'ANDRITZ_CONSERVADORA_E_TRADICI'.</msg>
<status status="PASS" starttime="20240129 18:09:39.856" endtime="20240129 18:09:39.871"/>
</kw>
<kw name="Wait Until Element Is Visible" library="SeleniumLibrary">
<arg>${BOTAO_CONFIRMAR}</arg>
<doc>Waits until the element ``locator`` is visible.</doc>
<status status="PASS" starttime="20240129 18:09:39.872" endtime="20240129 18:09:39.893"/>
</kw>
<kw name="Click Element" library="SeleniumLibrary">
<arg>${BOTAO_CONFIRMAR}</arg>
<doc>Click the element identified by ``locator``.</doc>
<msg timestamp="20240129 18:09:39.895" level="INFO">Clicking element '//input[contains(@onclick,'ConfirmarRespostas()')]'.</msg>
<status status="PASS" starttime="20240129 18:09:39.894" endtime="20240129 18:09:39.936"/>
</kw>
<status status="PASS" starttime="20240129 18:09:39.343" endtime="20240129 18:09:39.936"/>
</kw>
<kw name="Sair da página" library="VerificarTelaAlteracaoPerfilResources">
<kw name="Go To" library="SeleniumLibrary">
<arg>https://www.portal-hro.com.br/portal/site/Multibra-Homolog/Action/Logout.aspx</arg>
<doc>Navigates the current browser window to the provided ``url``.</doc>
<msg timestamp="20240129 18:09:39.937" level="INFO">Opening url 'https://www.portal-hro.com.br/portal/site/Multibra-Homolog/Action/Logout.aspx'</msg>
<status status="PASS" starttime="20240129 18:09:39.937" endtime="20240129 18:09:41.208"/>
</kw>
<status status="PASS" starttime="20240129 18:09:39.936" endtime="20240129 18:09:41.208"/>
</kw>
<status status="PASS" starttime="20240129 18:09:29.968" endtime="20240129 18:09:41.208"/>
</kw>
<kw name="Login com Usuários Ativos - Conservadora e Tradicional" library="VerificarTelaAlteracaoPerfilResources">
<arg>ut.Andritz.ativo3</arg>
<arg>ut.Andritz.ativo3</arg>
<try>
<branch type="TRY">
<kw name="Maximize Browser Window" library="SeleniumLibrary">
<doc>Maximizes current browser window.</doc>
<status status="PASS" starttime="20240129 18:09:41.211" endtime="20240129 18:09:41.216"/>
</kw>
<status status="PASS" starttime="20240129 18:09:41.210" endtime="20240129 18:09:41.217"/>
</branch>
<branch type="EXCEPT">
<pattern>Error message</pattern>
<kw name="Log" library="BuiltIn">
<arg>message</arg>
<doc>Logs the given message with the given level.</doc>
<status status="NOT RUN" starttime="20240129 18:09:41.217" endtime="20240129 18:09:41.217"/>
</kw>
<status status="NOT RUN" starttime="20240129 18:09:41.217" endtime="20240129 18:09:41.217"/>
</branch>
<status status="PASS" starttime="20240129 18:09:41.210" endtime="20240129 18:09:41.218"/>
</try>
<kw name="Sleep" library="BuiltIn">
<arg>1s</arg>
<doc>Pauses the test executed for the given time.</doc>
<msg timestamp="20240129 18:09:42.219" level="INFO">Slept 1 second</msg>
<status status="PASS" starttime="20240129 18:09:41.218" endtime="20240129 18:09:42.219"/>
</kw>
<kw name="Scroll Element Into View" library="SeleniumLibrary">
<arg>${BOTAO_ACESSAR}</arg>
<doc>Scrolls the element identified by ``locator`` into view.</doc>
<status status="PASS" starttime="20240129 18:09:42.219" endtime="20240129 18:09:42.512"/>
</kw>
<kw name="Input Text" library="SeleniumLibrary">
<arg>${CAMPO_NOME}</arg>
<arg>${Usuario}</arg>
<doc>Types the given ``text`` into the text field identified by ``locator``.</doc>
<msg timestamp="20240129 18:09:42.514" level="INFO">Typing text 'ut.Andritz.ativo3' into text field '//input[contains(@name,'ctl00$ContentPlaceHolder1$username')]'.</msg>
<status status="PASS" starttime="20240129 18:09:42.513" endtime="20240129 18:09:42.656"/>
</kw>
<kw name="Input Text" library="SeleniumLibrary">
<arg>${CAMPO_SENHA}</arg>
<arg>${Senha}</arg>
<doc>Types the given ``text`` into the text field identified by ``locator``.</doc>
<msg timestamp="20240129 18:09:42.658" level="INFO">Typing text 'ut.Andritz.ativo3' into text field '//input[contains(@name,'ctl00$ContentPlaceHolder1$password')]'.</msg>
<status status="PASS" starttime="20240129 18:09:42.656" endtime="20240129 18:09:42.751"/>
</kw>
<kw name="Run Keyword And Return Status" library="BuiltIn">
<var>${is_button_visible}</var>
<arg>Element Should Be Visible</arg>
<arg>${BOTÃO_ENTENDIDO}</arg>
<doc>Runs the given keyword with given arguments and returns the status as a Boolean value.</doc>
<kw name="Element Should Be Visible" library="SeleniumLibrary">
<arg>${BOTÃO_ENTENDIDO}</arg>
<doc>Verifies that the element identified by ``locator`` is visible.</doc>
<msg timestamp="20240129 18:09:42.929" level="INFO" html="true">&lt;/td&gt;&lt;/tr&gt;&lt;tr&gt;&lt;td colspan="3"&gt;&lt;a href="selenium-screenshot-221.png"&gt;&lt;img src="selenium-screenshot-221.png" width="800px"&gt;&lt;/a&gt;</msg>
<msg timestamp="20240129 18:09:42.930" level="FAIL">The element 'cookieButton' should be visible, but it is not.</msg>
<status status="FAIL" starttime="20240129 18:09:42.753" endtime="20240129 18:09:42.932"/>
</kw>
<msg timestamp="20240129 18:09:42.932" level="INFO">${is_button_visible} = False</msg>
<status status="PASS" starttime="20240129 18:09:42.752" endtime="20240129 18:09:42.933"/>
</kw>
<kw name="Run Keyword If" library="BuiltIn">
<arg>${is_button_visible}</arg>
<arg>Click Element</arg>
<arg>${BOTÃO_ENTENDIDO}</arg>
<doc>Runs the given keyword with the given arguments, if ``condition`` is true.</doc>
<status status="PASS" starttime="20240129 18:09:42.933" endtime="20240129 18:09:42.934"/>
</kw>
<kw name="Click Element" library="SeleniumLibrary">
<arg>${BOTAO_ACESSAR}</arg>
<doc>Click the element identified by ``locator``.</doc>
<msg timestamp="20240129 18:09:42.936" level="INFO">Clicking element 'ContentPlaceHolder1_btnEntrar2'.</msg>
<status status="PASS" starttime="20240129 18:09:42.935" endtime="20240129 18:09:44.895"/>
</kw>
<kw name="Quando acesso Avaliação de perfil de investidor" library="VerificarTelaAlteracaoPerfilResources">
<kw name="Quando clico no menu lateral" library="VerificarTelaAlteracaoPerfilResources">
<kw name="Click Element" library="SeleniumLibrary">
<arg>${MENU_LATERAL_SAND}</arg>
<doc>Click the element identified by ``locator``.</doc>
<msg timestamp="20240129 18:09:44.898" level="INFO">Clicking element '//img[contains(@alt,'Menu')]'.</msg>
<status status="PASS" starttime="20240129 18:09:44.897" endtime="20240129 18:09:44.939"/>
</kw>
<status status="PASS" starttime="20240129 18:09:44.896" endtime="20240129 18:09:44.939"/>
</kw>
<kw name="E clico em módulo Alteração Perfil acesso Avaliação de Perfil de Investidor" library="VerificarTelaAlteracaoPerfilResources">
<kw name="Wait Until Element Is Visible" library="SeleniumLibrary">
<arg>${ALTERACAO_PERFIL_MODULO}</arg>
<doc>Waits until the element ``locator`` is visible.</doc>
<status status="PASS" starttime="20240129 18:09:44.940" endtime="20240129 18:09:45.230"/>
</kw>
<kw name="Scroll Element Into View" library="SeleniumLibrary">
<arg>${ALTERACAO_PERFIL_MODULO}</arg>
<doc>Scrolls the element identified by ``locator`` into view.</doc>
<status status="PASS" starttime="20240129 18:09:45.230" endtime="20240129 18:09:45.509"/>
</kw>
<kw name="Click Element" library="SeleniumLibrary">
<arg>${ALTERACAO_PERFIL_MODULO}</arg>
<doc>Click the element identified by ``locator``.</doc>
<msg timestamp="20240129 18:09:45.510" level="INFO">Clicking element '//a[contains(@class,'Menu2746')]'.</msg>
<status status="PASS" starttime="20240129 18:09:45.509" endtime="20240129 18:09:45.611"/>
</kw>
<kw name="Scroll Element Into View" library="SeleniumLibrary">
<arg>${AVALIA_PERFIL_INVESTIDOR}</arg>
<doc>Scrolls the element identified by ``locator`` into view.</doc>
<status status="PASS" starttime="20240129 18:09:45.612" endtime="20240129 18:09:45.895"/>
</kw>
<kw name="Click Element" library="SeleniumLibrary">
<arg>${AVALIA_PERFIL_INVESTIDOR}</arg>
<doc>Click the element identified by ``locator``.</doc>
<msg timestamp="20240129 18:09:45.896" level="INFO">Clicking element '//a[@href='/portal/site/Multibra-Homolog/Action/SuitabilityQuestionario.aspx']'.</msg>
<status status="PASS" starttime="20240129 18:09:45.896" endtime="20240129 18:09:47.183"/>
</kw>
<status status="PASS" starttime="20240129 18:09:44.940" endtime="20240129 18:09:47.183"/>
</kw>
<status status="PASS" starttime="20240129 18:09:44.896" endtime="20240129 18:09:47.183"/>
</kw>
<kw name="E preencho informações para perfil Conservadora e Tradicional" library="VerificarTelaAlteracaoPerfilResources">
<kw name="Wait Until Element Is Visible" library="SeleniumLibrary">
<arg>${RESPONDER_QUESTIONARIO}</arg>
<doc>Waits until the element ``locator`` is visible.</doc>
<status status="PASS" starttime="20240129 18:09:47.184" endtime="20240129 18:09:47.217"/>
</kw>
<kw name="Click Element" library="SeleniumLibrary">
<arg>${RESPONDER_QUESTIONARIO}</arg>
<doc>Click the element identified by ``locator``.</doc>
<msg timestamp="20240129 18:09:47.219" level="INFO">Clicking element '//input[contains(@onclick,'ResponderAgora()')]'.</msg>
<status status="PASS" starttime="20240129 18:09:47.218" endtime="20240129 18:09:47.328"/>
</kw>
<kw name="Wait Until Element Is Visible" library="SeleniumLibrary">
<arg>${REFE_DI_1ªPERG_5}</arg>
<doc>Waits until the element ``locator`` is visible.</doc>
<status status="PASS" starttime="20240129 18:09:47.329" endtime="20240129 18:09:47.358"/>
</kw>
<kw name="Click Element" library="SeleniumLibrary">
<arg>${REFE_DI_1ªPERG_5}</arg>
<doc>Click the element identified by ``locator``.</doc>
<msg timestamp="20240129 18:09:47.360" level="INFO">Clicking element '(//input[contains(@type,'radio')])[5]'.</msg>
<status status="PASS" starttime="20240129 18:09:47.359" endtime="20240129 18:09:47.418"/>
</kw>
<kw name="Scroll Element Into View" library="SeleniumLibrary">
<arg>${REFE_DI_2ªPERG_5}</arg>
<doc>Scrolls the element identified by ``locator`` into view.</doc>
<status status="PASS" starttime="20240129 18:09:47.419" endtime="20240129 18:09:47.712"/>
</kw>
<kw name="Click Element" library="SeleniumLibrary">
<arg>${REFE_DI_2ªPERG_5}</arg>
<doc>Click the element identified by ``locator``.</doc>
<msg timestamp="20240129 18:09:47.714" level="INFO">Clicking element '(//input[contains(@type,'radio')])[10]'.</msg>
<status status="PASS" starttime="20240129 18:09:47.713" endtime="20240129 18:09:47.779"/>
</kw>
<kw name="Scroll Element Into View" library="SeleniumLibrary">
<arg>${REFE_DI_3ªPERG_5}</arg>
<doc>Scrolls the element identified by ``locator`` into view.</doc>
<status status="PASS" starttime="20240129 18:09:47.780" endtime="20240129 18:09:48.067"/>
</kw>
<kw name="Click Element" library="SeleniumLibrary">
<arg>${REFE_DI_3ªPERG_5}</arg>
<doc>Click the element identified by ``locator``.</doc>
<msg timestamp="20240129 18:09:48.069" level="INFO">Clicking element '(//input[contains(@type,'radio')])[15]'.</msg>
<status status="PASS" starttime="20240129 18:09:48.067" endtime="20240129 18:09:48.112"/>
</kw>
<kw name="Scroll Element Into View" library="SeleniumLibrary">
<arg>${REFE_DI_4ªPERG_5}</arg>
<doc>Scrolls the element identified by ``locator`` into view.</doc>
<status status="PASS" starttime="20240129 18:09:48.113" endtime="20240129 18:09:48.389"/>
</kw>
<kw name="Click Element" library="SeleniumLibrary">
<arg>${REFE_DI_4ªPERG_5}</arg>
<doc>Click the element identified by ``locator``.</doc>
<msg timestamp="20240129 18:09:48.392" level="INFO">Clicking element '(//input[contains(@type,'radio')])[20]'.</msg>
<status status="PASS" starttime="20240129 18:09:48.389" endtime="20240129 18:09:48.441"/>
</kw>
<kw name="Scroll Element Into View" library="SeleniumLibrary">
<arg>${CONSERV_TRAD_5ªPERG_3}</arg>
<doc>Scrolls the element identified by ``locator`` into view.</doc>
<status status="PASS" starttime="20240129 18:09:48.442" endtime="20240129 18:09:48.732"/>
</kw>
<kw name="Click Element" library="SeleniumLibrary">
<arg>${CONSERV_TRAD_5ªPERG_3}</arg>
<doc>Click the element identified by ``locator``.</doc>
<msg timestamp="20240129 18:09:48.734" level="INFO">Clicking element '(//input[contains(@type,'radio')])[23]'.</msg>
<status status="PASS" starttime="20240129 18:09:48.733" endtime="20240129 18:09:48.776"/>
</kw>
<kw name="Scroll Element Into View" library="SeleniumLibrary">
<arg>${CONSERV_TRAD_6ªPERG_5}</arg>
<doc>Scrolls the element identified by ``locator`` into view.</doc>
<status status="PASS" starttime="20240129 18:09:48.776" endtime="20240129 18:09:49.058"/>
</kw>
<kw name="Click Element" library="SeleniumLibrary">
<arg>${CONSERV_TRAD_6ªPERG_5}</arg>
<doc>Click the element identified by ``locator``.</doc>
<msg timestamp="20240129 18:09:49.060" level="INFO">Clicking element '(//input[contains(@type,'radio')])[30]'.</msg>
<status status="PASS" starttime="20240129 18:09:49.059" endtime="20240129 18:09:49.101"/>
</kw>
<kw name="Scroll Element Into View" library="SeleniumLibrary">
<arg>${CONSERV_TRAD_7ªPERG_3}</arg>
<doc>Scrolls the element identified by ``locator`` into view.</doc>
<status status="PASS" starttime="20240129 18:09:49.102" endtime="20240129 18:09:49.400"/>
</kw>
<kw name="Click Element" library="SeleniumLibrary">
<arg>${CONSERV_TRAD_7ªPERG_3}</arg>
<doc>Click the element identified by ``locator``.</doc>
<msg timestamp="20240129 18:09:49.402" level="INFO">Clicking element '(//input[contains(@type,'radio')])[33]'.</msg>
<status status="PASS" starttime="20240129 18:09:49.401" endtime="20240129 18:09:49.447"/>
</kw>
<kw name="Scroll Element Into View" library="SeleniumLibrary">
<arg>${CONSERV_TRAD_8ªPERG_2}</arg>
<doc>Scrolls the element identified by ``locator`` into view.</doc>
<status status="PASS" starttime="20240129 18:09:49.447" endtime="20240129 18:09:49.726"/>
</kw>
<kw name="Click Element" library="SeleniumLibrary">
<arg>${CONSERV_TRAD_8ªPERG_2}</arg>
<doc>Click the element identified by ``locator``.</doc>
<msg timestamp="20240129 18:09:49.727" level="INFO">Clicking element '(//input[contains(@type,'radio')])[37]'.</msg>
<status status="PASS" starttime="20240129 18:09:49.726" endtime="20240129 18:09:49.767"/>
</kw>
<kw name="Scroll Element Into View" library="SeleniumLibrary">
<arg>${CONSERV_TRAD_9ªPERG_1}</arg>
<doc>Scrolls the element identified by ``locator`` into view.</doc>
<status status="PASS" starttime="20240129 18:09:49.767" endtime="20240129 18:09:50.049"/>
</kw>
<kw name="Click Element" library="SeleniumLibrary">
<arg>${CONSERV_TRAD_9ªPERG_1}</arg>
<doc>Click the element identified by ``locator``.</doc>
<msg timestamp="20240129 18:09:50.050" level="INFO">Clicking element '(//input[contains(@type,'radio')])[41]'.</msg>
<status status="PASS" starttime="20240129 18:09:50.049" endtime="20240129 18:09:50.093"/>
</kw>
<kw name="Scroll Element Into View" library="SeleniumLibrary">
<arg>${BOTAO_ENVIAR_QUESTIONARIO}</arg>
<doc>Scrolls the element identified by ``locator`` into view.</doc>
<status status="PASS" starttime="20240129 18:09:50.094" endtime="20240129 18:09:50.377"/>
</kw>
<kw name="Click Element" library="SeleniumLibrary">
<arg>${BOTAO_ENVIAR_QUESTIONARIO}</arg>
<doc>Click the element identified by ``locator``.</doc>
<msg timestamp="20240129 18:09:50.378" level="INFO">Clicking element '//input[contains(@onclick,'Validacoes()')]'.</msg>
<status status="PASS" starttime="20240129 18:09:50.377" endtime="20240129 18:09:50.416"/>
</kw>
<status status="PASS" starttime="20240129 18:09:47.184" endtime="20240129 18:09:50.416"/>
</kw>
<kw name="Então meu perfil de investidor será Conservadora e Tradicional" library="VerificarTelaAlteracaoPerfilResources">
<kw name="Wait Until Element Is Visible" library="SeleniumLibrary">
<arg>${BOTAO_CONFIRMAR}</arg>
<doc>Waits until the element ``locator`` is visible.</doc>
<status status="PASS" starttime="20240129 18:09:50.417" endtime="20240129 18:09:50.655"/>
</kw>
<kw name="Scroll Element Into View" library="SeleniumLibrary">
<arg>${BOTAO_CONFIRMAR}</arg>
<doc>Scrolls the element identified by ``locator`` into view.</doc>
<status status="PASS" starttime="20240129 18:09:50.655" endtime="20240129 18:09:50.952"/>
</kw>
<kw name="Page Should Contain" library="SeleniumLibrary">
<arg>${MODERADO_TEXT}</arg>
<doc>Verifies that current page contains ``text``.</doc>
<msg timestamp="20240129 18:09:50.970" level="INFO">Current page contains text 'ANDRITZ_CONSERVADORA_E_TRADICI'.</msg>
<status status="PASS" starttime="20240129 18:09:50.953" endtime="20240129 18:09:50.970"/>
</kw>
<kw name="Wait Until Element Is Visible" library="SeleniumLibrary">
<arg>${BOTAO_CONFIRMAR}</arg>
<doc>Waits until the element ``locator`` is visible.</doc>
<status status="PASS" starttime="20240129 18:09:50.970" endtime="20240129 18:09:50.992"/>
</kw>
<kw name="Click Element" library="SeleniumLibrary">
<arg>${BOTAO_CONFIRMAR}</arg>
<doc>Click the element identified by ``locator``.</doc>
<msg timestamp="20240129 18:09:50.993" level="INFO">Clicking element '//input[contains(@onclick,'ConfirmarRespostas()')]'.</msg>
<status status="PASS" starttime="20240129 18:09:50.992" endtime="20240129 18:09:51.037"/>
</kw>
<status status="PASS" starttime="20240129 18:09:50.417" endtime="20240129 18:09:51.037"/>
</kw>
<kw name="Sair da página" library="VerificarTelaAlteracaoPerfilResources">
<kw name="Go To" library="SeleniumLibrary">
<arg>https://www.portal-hro.com.br/portal/site/Multibra-Homolog/Action/Logout.aspx</arg>
<doc>Navigates the current browser window to the provided ``url``.</doc>
<msg timestamp="20240129 18:09:51.038" level="INFO">Opening url 'https://www.portal-hro.com.br/portal/site/Multibra-Homolog/Action/Logout.aspx'</msg>
<status status="PASS" starttime="20240129 18:09:51.038" endtime="20240129 18:09:52.443"/>
</kw>
<status status="PASS" starttime="20240129 18:09:51.038" endtime="20240129 18:09:52.443"/>
</kw>
<status status="PASS" starttime="20240129 18:09:41.210" endtime="20240129 18:09:52.444"/>
</kw>
<kw name="Login com Usuários Ativos - Conservadora e Tradicional" library="VerificarTelaAlteracaoPerfilResources">
<arg>ut.Andritz.ativo4</arg>
<arg>ut.Andritz.ativo4</arg>
<try>
<branch type="TRY">
<kw name="Maximize Browser Window" library="SeleniumLibrary">
<doc>Maximizes current browser window.</doc>
<status status="PASS" starttime="20240129 18:09:52.445" endtime="20240129 18:09:52.452"/>
</kw>
<status status="PASS" starttime="20240129 18:09:52.445" endtime="20240129 18:09:52.453"/>
</branch>
<branch type="EXCEPT">
<pattern>Error message</pattern>
<kw name="Log" library="BuiltIn">
<arg>message</arg>
<doc>Logs the given message with the given level.</doc>
<status status="NOT RUN" starttime="20240129 18:09:52.453" endtime="20240129 18:09:52.454"/>
</kw>
<status status="NOT RUN" starttime="20240129 18:09:52.453" endtime="20240129 18:09:52.454"/>
</branch>
<status status="PASS" starttime="20240129 18:09:52.445" endtime="20240129 18:09:52.454"/>
</try>
<kw name="Sleep" library="BuiltIn">
<arg>1s</arg>
<doc>Pauses the test executed for the given time.</doc>
<msg timestamp="20240129 18:09:53.455" level="INFO">Slept 1 second</msg>
<status status="PASS" starttime="20240129 18:09:52.455" endtime="20240129 18:09:53.455"/>
</kw>
<kw name="Scroll Element Into View" library="SeleniumLibrary">
<arg>${BOTAO_ACESSAR}</arg>
<doc>Scrolls the element identified by ``locator`` into view.</doc>
<status status="PASS" starttime="20240129 18:09:53.455" endtime="20240129 18:09:53.750"/>
</kw>
<kw name="Input Text" library="SeleniumLibrary">
<arg>${CAMPO_NOME}</arg>
<arg>${Usuario}</arg>
<doc>Types the given ``text`` into the text field identified by ``locator``.</doc>
<msg timestamp="20240129 18:09:53.751" level="INFO">Typing text 'ut.Andritz.ativo4' into text field '//input[contains(@name,'ctl00$ContentPlaceHolder1$username')]'.</msg>
<status status="PASS" starttime="20240129 18:09:53.750" endtime="20240129 18:09:53.838"/>
</kw>
<kw name="Input Text" library="SeleniumLibrary">
<arg>${CAMPO_SENHA}</arg>
<arg>${Senha}</arg>
<doc>Types the given ``text`` into the text field identified by ``locator``.</doc>
<msg timestamp="20240129 18:09:53.840" level="INFO">Typing text 'ut.Andritz.ativo4' into text field '//input[contains(@name,'ctl00$ContentPlaceHolder1$password')]'.</msg>
<status status="PASS" starttime="20240129 18:09:53.839" endtime="20240129 18:09:53.947"/>
</kw>
<kw name="Run Keyword And Return Status" library="BuiltIn">
<var>${is_button_visible}</var>
<arg>Element Should Be Visible</arg>
<arg>${BOTÃO_ENTENDIDO}</arg>
<doc>Runs the given keyword with given arguments and returns the status as a Boolean value.</doc>
<kw name="Element Should Be Visible" library="SeleniumLibrary">
<arg>${BOTÃO_ENTENDIDO}</arg>
<doc>Verifies that the element identified by ``locator`` is visible.</doc>
<msg timestamp="20240129 18:09:54.108" level="INFO" html="true">&lt;/td&gt;&lt;/tr&gt;&lt;tr&gt;&lt;td colspan="3"&gt;&lt;a href="selenium-screenshot-222.png"&gt;&lt;img src="selenium-screenshot-222.png" width="800px"&gt;&lt;/a&gt;</msg>
<msg timestamp="20240129 18:09:54.108" level="FAIL">The element 'cookieButton' should be visible, but it is not.</msg>
<status status="FAIL" starttime="20240129 18:09:53.949" endtime="20240129 18:09:54.111"/>
</kw>
<msg timestamp="20240129 18:09:54.111" level="INFO">${is_button_visible} = False</msg>
<status status="PASS" starttime="20240129 18:09:53.948" endtime="20240129 18:09:54.111"/>
</kw>
<kw name="Run Keyword If" library="BuiltIn">
<arg>${is_button_visible}</arg>
<arg>Click Element</arg>
<arg>${BOTÃO_ENTENDIDO}</arg>
<doc>Runs the given keyword with the given arguments, if ``condition`` is true.</doc>
<status status="PASS" starttime="20240129 18:09:54.112" endtime="20240129 18:09:54.113"/>
</kw>
<kw name="Click Element" library="SeleniumLibrary">
<arg>${BOTAO_ACESSAR}</arg>
<doc>Click the element identified by ``locator``.</doc>
<msg timestamp="20240129 18:09:54.115" level="INFO">Clicking element 'ContentPlaceHolder1_btnEntrar2'.</msg>
<status status="PASS" starttime="20240129 18:09:54.113" endtime="20240129 18:09:55.857"/>
</kw>
<kw name="Quando acesso Avaliação de perfil de investidor" library="VerificarTelaAlteracaoPerfilResources">
<kw name="Quando clico no menu lateral" library="VerificarTelaAlteracaoPerfilResources">
<kw name="Click Element" library="SeleniumLibrary">
<arg>${MENU_LATERAL_SAND}</arg>
<doc>Click the element identified by ``locator``.</doc>
<msg timestamp="20240129 18:09:55.859" level="INFO">Clicking element '//img[contains(@alt,'Menu')]'.</msg>
<status status="PASS" starttime="20240129 18:09:55.858" endtime="20240129 18:09:55.901"/>
</kw>
<status status="PASS" starttime="20240129 18:09:55.857" endtime="20240129 18:09:55.901"/>
</kw>
<kw name="E clico em módulo Alteração Perfil acesso Avaliação de Perfil de Investidor" library="VerificarTelaAlteracaoPerfilResources">
<kw name="Wait Until Element Is Visible" library="SeleniumLibrary">
<arg>${ALTERACAO_PERFIL_MODULO}</arg>
<doc>Waits until the element ``locator`` is visible.</doc>
<status status="PASS" starttime="20240129 18:09:55.903" endtime="20240129 18:09:56.196"/>
</kw>
<kw name="Scroll Element Into View" library="SeleniumLibrary">
<arg>${ALTERACAO_PERFIL_MODULO}</arg>
<doc>Scrolls the element identified by ``locator`` into view.</doc>
<status status="PASS" starttime="20240129 18:09:56.196" endtime="20240129 18:09:56.479"/>
</kw>
<kw name="Click Element" library="SeleniumLibrary">
<arg>${ALTERACAO_PERFIL_MODULO}</arg>
<doc>Click the element identified by ``locator``.</doc>
<msg timestamp="20240129 18:09:56.479" level="INFO">Clicking element '//a[contains(@class,'Menu2746')]'.</msg>
<status status="PASS" starttime="20240129 18:09:56.479" endtime="20240129 18:09:56.522"/>
</kw>
<kw name="Scroll Element Into View" library="SeleniumLibrary">
<arg>${AVALIA_PERFIL_INVESTIDOR}</arg>
<doc>Scrolls the element identified by ``locator`` into view.</doc>
<status status="PASS" starttime="20240129 18:09:56.523" endtime="20240129 18:09:56.820"/>
</kw>
<kw name="Click Element" library="SeleniumLibrary">
<arg>${AVALIA_PERFIL_INVESTIDOR}</arg>
<doc>Click the element identified by ``locator``.</doc>
<msg timestamp="20240129 18:09:56.821" level="INFO">Clicking element '//a[@href='/portal/site/Multibra-Homolog/Action/SuitabilityQuestionario.aspx']'.</msg>
<status status="PASS" starttime="20240129 18:09:56.820" endtime="20240129 18:09:57.877"/>
</kw>
<status status="PASS" starttime="20240129 18:09:55.902" endtime="20240129 18:09:57.877"/>
</kw>
<status status="PASS" starttime="20240129 18:09:55.857" endtime="20240129 18:09:57.878"/>
</kw>
<kw name="E preencho informações para perfil Conservadora e Tradicional" library="VerificarTelaAlteracaoPerfilResources">
<kw name="Wait Until Element Is Visible" library="SeleniumLibrary">
<arg>${RESPONDER_QUESTIONARIO}</arg>
<doc>Waits until the element ``locator`` is visible.</doc>
<status status="PASS" starttime="20240129 18:09:57.878" endtime="20240129 18:09:57.905"/>
</kw>
<kw name="Click Element" library="SeleniumLibrary">
<arg>${RESPONDER_QUESTIONARIO}</arg>
<doc>Click the element identified by ``locator``.</doc>
<msg timestamp="20240129 18:09:57.907" level="INFO">Clicking element '//input[contains(@onclick,'ResponderAgora()')]'.</msg>
<status status="PASS" starttime="20240129 18:09:57.906" endtime="20240129 18:09:58.030"/>
</kw>
<kw name="Wait Until Element Is Visible" library="SeleniumLibrary">
<arg>${REFE_DI_1ªPERG_5}</arg>
<doc>Waits until the element ``locator`` is visible.</doc>
<status status="PASS" starttime="20240129 18:09:58.031" endtime="20240129 18:09:58.059"/>
</kw>
<kw name="Click Element" library="SeleniumLibrary">
<arg>${REFE_DI_1ªPERG_5}</arg>
<doc>Click the element identified by ``locator``.</doc>
<msg timestamp="20240129 18:09:58.061" level="INFO">Clicking element '(//input[contains(@type,'radio')])[5]'.</msg>
<status status="PASS" starttime="20240129 18:09:58.059" endtime="20240129 18:09:58.113"/>
</kw>
<kw name="Scroll Element Into View" library="SeleniumLibrary">
<arg>${REFE_DI_2ªPERG_5}</arg>
<doc>Scrolls the element identified by ``locator`` into view.</doc>
<status status="PASS" starttime="20240129 18:09:58.113" endtime="20240129 18:09:58.448"/>
</kw>
<kw name="Click Element" library="SeleniumLibrary">
<arg>${REFE_DI_2ªPERG_5}</arg>
<doc>Click the element identified by ``locator``.</doc>
<msg timestamp="20240129 18:09:58.449" level="INFO">Clicking element '(//input[contains(@type,'radio')])[10]'.</msg>
<status status="PASS" starttime="20240129 18:09:58.448" endtime="20240129 18:09:58.496"/>
</kw>
<kw name="Scroll Element Into View" library="SeleniumLibrary">
<arg>${REFE_DI_3ªPERG_5}</arg>
<doc>Scrolls the element identified by ``locator`` into view.</doc>
<status status="PASS" starttime="20240129 18:09:58.496" endtime="20240129 18:09:58.774"/>
</kw>
<kw name="Click Element" library="SeleniumLibrary">
<arg>${REFE_DI_3ªPERG_5}</arg>
<doc>Click the element identified by ``locator``.</doc>
<msg timestamp="20240129 18:09:58.776" level="INFO">Clicking element '(//input[contains(@type,'radio')])[15]'.</msg>
<status status="PASS" starttime="20240129 18:09:58.774" endtime="20240129 18:09:58.824"/>
</kw>
<kw name="Scroll Element Into View" library="SeleniumLibrary">
<arg>${REFE_DI_4ªPERG_5}</arg>
<doc>Scrolls the element identified by ``locator`` into view.</doc>
<status status="PASS" starttime="20240129 18:09:58.825" endtime="20240129 18:09:59.117"/>
</kw>
<kw name="Click Element" library="SeleniumLibrary">
<arg>${REFE_DI_4ªPERG_5}</arg>
<doc>Click the element identified by ``locator``.</doc>
<msg timestamp="20240129 18:09:59.118" level="INFO">Clicking element '(//input[contains(@type,'radio')])[20]'.</msg>
<status status="PASS" starttime="20240129 18:09:59.118" endtime="20240129 18:09:59.157"/>
</kw>
<kw name="Scroll Element Into View" library="SeleniumLibrary">
<arg>${CONSERV_TRAD_5ªPERG_3}</arg>
<doc>Scrolls the element identified by ``locator`` into view.</doc>
<status status="PASS" starttime="20240129 18:09:59.157" endtime="20240129 18:09:59.442"/>
</kw>
<kw name="Click Element" library="SeleniumLibrary">
<arg>${CONSERV_TRAD_5ªPERG_3}</arg>
<doc>Click the element identified by ``locator``.</doc>
<msg timestamp="20240129 18:09:59.444" level="INFO">Clicking element '(//input[contains(@type,'radio')])[23]'.</msg>
<status status="PASS" starttime="20240129 18:09:59.443" endtime="20240129 18:09:59.485"/>
</kw>
<kw name="Scroll Element Into View" library="SeleniumLibrary">
<arg>${CONSERV_TRAD_6ªPERG_5}</arg>
<doc>Scrolls the element identified by ``locator`` into view.</doc>
<status status="PASS" starttime="20240129 18:09:59.485" endtime="20240129 18:09:59.768"/>
</kw>
<kw name="Click Element" library="SeleniumLibrary">
<arg>${CONSERV_TRAD_6ªPERG_5}</arg>
<doc>Click the element identified by ``locator``.</doc>
<msg timestamp="20240129 18:09:59.771" level="INFO">Clicking element '(//input[contains(@type,'radio')])[30]'.</msg>
<status status="PASS" starttime="20240129 18:09:59.769" endtime="20240129 18:09:59.813"/>
</kw>
<kw name="Scroll Element Into View" library="SeleniumLibrary">
<arg>${CONSERV_TRAD_7ªPERG_3}</arg>
<doc>Scrolls the element identified by ``locator`` into view.</doc>
<status status="PASS" starttime="20240129 18:09:59.814" endtime="20240129 18:10:00.095"/>
</kw>
<kw name="Click Element" library="SeleniumLibrary">
<arg>${CONSERV_TRAD_7ªPERG_3}</arg>
<doc>Click the element identified by ``locator``.</doc>
<msg timestamp="20240129 18:10:00.097" level="INFO">Clicking element '(//input[contains(@type,'radio')])[33]'.</msg>
<status status="PASS" starttime="20240129 18:10:00.095" endtime="20240129 18:10:00.138"/>
</kw>
<kw name="Scroll Element Into View" library="SeleniumLibrary">
<arg>${CONSERV_TRAD_8ªPERG_2}</arg>
<doc>Scrolls the element identified by ``locator`` into view.</doc>
<status status="PASS" starttime="20240129 18:10:00.138" endtime="20240129 18:10:00.422"/>
</kw>
<kw name="Click Element" library="SeleniumLibrary">
<arg>${CONSERV_TRAD_8ªPERG_2}</arg>
<doc>Click the element identified by ``locator``.</doc>
<msg timestamp="20240129 18:10:00.423" level="INFO">Clicking element '(//input[contains(@type,'radio')])[37]'.</msg>
<status status="PASS" starttime="20240129 18:10:00.422" endtime="20240129 18:10:00.464"/>
</kw>
<kw name="Scroll Element Into View" library="SeleniumLibrary">
<arg>${CONSERV_TRAD_9ªPERG_1}</arg>
<doc>Scrolls the element identified by ``locator`` into view.</doc>
<status status="PASS" starttime="20240129 18:10:00.464" endtime="20240129 18:10:00.749"/>
</kw>
<kw name="Click Element" library="SeleniumLibrary">
<arg>${CONSERV_TRAD_9ªPERG_1}</arg>
<doc>Click the element identified by ``locator``.</doc>
<msg timestamp="20240129 18:10:00.751" level="INFO">Clicking element '(//input[contains(@type,'radio')])[41]'.</msg>
<status status="PASS" starttime="20240129 18:10:00.749" endtime="20240129 18:10:00.792"/>
</kw>
<kw name="Scroll Element Into View" library="SeleniumLibrary">
<arg>${BOTAO_ENVIAR_QUESTIONARIO}</arg>
<doc>Scrolls the element identified by ``locator`` into view.</doc>
<status status="PASS" starttime="20240129 18:10:00.792" endtime="20240129 18:10:01.088"/>
</kw>
<kw name="Click Element" library="SeleniumLibrary">
<arg>${BOTAO_ENVIAR_QUESTIONARIO}</arg>
<doc>Click the element identified by ``locator``.</doc>
<msg timestamp="20240129 18:10:01.089" level="INFO">Clicking element '//input[contains(@onclick,'Validacoes()')]'.</msg>
<status status="PASS" starttime="20240129 18:10:01.088" endtime="20240129 18:10:01.131"/>
</kw>
<status status="PASS" starttime="20240129 18:09:57.878" endtime="20240129 18:10:01.132"/>
</kw>
<kw name="Então meu perfil de investidor será Conservadora e Tradicional" library="VerificarTelaAlteracaoPerfilResources">
<kw name="Wait Until Element Is Visible" library="SeleniumLibrary">
<arg>${BOTAO_CONFIRMAR}</arg>
<doc>Waits until the element ``locator`` is visible.</doc>
<status status="PASS" starttime="20240129 18:10:01.134" endtime="20240129 18:10:01.810"/>
</kw>
<kw name="Scroll Element Into View" library="SeleniumLibrary">
<arg>${BOTAO_CONFIRMAR}</arg>
<doc>Scrolls the element identified by ``locator`` into view.</doc>
<status status="PASS" starttime="20240129 18:10:01.810" endtime="20240129 18:10:02.097"/>
</kw>
<kw name="Page Should Contain" library="SeleniumLibrary">
<arg>${MODERADO_TEXT}</arg>
<doc>Verifies that current page contains ``text``.</doc>
<msg timestamp="20240129 18:10:02.109" level="INFO">Current page contains text 'ANDRITZ_CONSERVADORA_E_TRADICI'.</msg>
<status status="PASS" starttime="20240129 18:10:02.098" endtime="20240129 18:10:02.109"/>
</kw>
<kw name="Wait Until Element Is Visible" library="SeleniumLibrary">
<arg>${BOTAO_CONFIRMAR}</arg>
<doc>Waits until the element ``locator`` is visible.</doc>
<status status="PASS" starttime="20240129 18:10:02.110" endtime="20240129 18:10:02.128"/>
</kw>
<kw name="Click Element" library="SeleniumLibrary">
<arg>${BOTAO_CONFIRMAR}</arg>
<doc>Click the element identified by ``locator``.</doc>
<msg timestamp="20240129 18:10:02.130" level="INFO">Clicking element '//input[contains(@onclick,'ConfirmarRespostas()')]'.</msg>
<status status="PASS" starttime="20240129 18:10:02.129" endtime="20240129 18:10:02.167"/>
</kw>
<status status="PASS" starttime="20240129 18:10:01.132" endtime="20240129 18:10:02.168"/>
</kw>
<kw name="Sair da página" library="VerificarTelaAlteracaoPerfilResources">
<kw name="Go To" library="SeleniumLibrary">
<arg>https://www.portal-hro.com.br/portal/site/Multibra-Homolog/Action/Logout.aspx</arg>
<doc>Navigates the current browser window to the provided ``url``.</doc>
<msg timestamp="20240129 18:10:02.169" level="INFO">Opening url 'https://www.portal-hro.com.br/portal/site/Multibra-Homolog/Action/Logout.aspx'</msg>
<status status="PASS" starttime="20240129 18:10:02.168" endtime="20240129 18:10:03.435"/>
</kw>
<status status="PASS" starttime="20240129 18:10:02.168" endtime="20240129 18:10:03.435"/>
</kw>
<status status="PASS" starttime="20240129 18:09:52.445" endtime="20240129 18:10:03.437"/>
</kw>
<kw name="Login com Usuários Ativos - Conservadora e Tradicional" library="VerificarTelaAlteracaoPerfilResources">
<arg>ut.Andritz.ativo5</arg>
<arg>ut.Andritz.ativo5</arg>
<try>
<branch type="TRY">
<kw name="Maximize Browser Window" library="SeleniumLibrary">
<doc>Maximizes current browser window.</doc>
<status status="PASS" starttime="20240129 18:10:03.439" endtime="20240129 18:10:03.448"/>
</kw>
<status status="PASS" starttime="20240129 18:10:03.438" endtime="20240129 18:10:03.448"/>
</branch>
<branch type="EXCEPT">
<pattern>Error message</pattern>
<kw name="Log" library="BuiltIn">
<arg>message</arg>
<doc>Logs the given message with the given level.</doc>
<status status="NOT RUN" starttime="20240129 18:10:03.449" endtime="20240129 18:10:03.449"/>
</kw>
<status status="NOT RUN" starttime="20240129 18:10:03.448" endtime="20240129 18:10:03.449"/>
</branch>
<status status="PASS" starttime="20240129 18:10:03.438" endtime="20240129 18:10:03.449"/>
</try>
<kw name="Sleep" library="BuiltIn">
<arg>1s</arg>
<doc>Pauses the test executed for the given time.</doc>
<msg timestamp="20240129 18:10:04.451" level="INFO">Slept 1 second</msg>
<status status="PASS" starttime="20240129 18:10:03.449" endtime="20240129 18:10:04.451"/>
</kw>
<kw name="Scroll Element Into View" library="SeleniumLibrary">
<arg>${BOTAO_ACESSAR}</arg>
<doc>Scrolls the element identified by ``locator`` into view.</doc>
<status status="PASS" starttime="20240129 18:10:04.452" endtime="20240129 18:10:04.745"/>
</kw>
<kw name="Input Text" library="SeleniumLibrary">
<arg>${CAMPO_NOME}</arg>
<arg>${Usuario}</arg>
<doc>Types the given ``text`` into the text field identified by ``locator``.</doc>
<msg timestamp="20240129 18:10:04.747" level="INFO">Typing text 'ut.Andritz.ativo5' into text field '//input[contains(@name,'ctl00$ContentPlaceHolder1$username')]'.</msg>
<status status="PASS" starttime="20240129 18:10:04.745" endtime="20240129 18:10:04.862"/>
</kw>
<kw name="Input Text" library="SeleniumLibrary">
<arg>${CAMPO_SENHA}</arg>
<arg>${Senha}</arg>
<doc>Types the given ``text`` into the text field identified by ``locator``.</doc>
<msg timestamp="20240129 18:10:04.864" level="INFO">Typing text 'ut.Andritz.ativo5' into text field '//input[contains(@name,'ctl00$ContentPlaceHolder1$password')]'.</msg>
<status status="PASS" starttime="20240129 18:10:04.862" endtime="20240129 18:10:04.963"/>
</kw>
<kw name="Run Keyword And Return Status" library="BuiltIn">
<var>${is_button_visible}</var>
<arg>Element Should Be Visible</arg>
<arg>${BOTÃO_ENTENDIDO}</arg>
<doc>Runs the given keyword with given arguments and returns the status as a Boolean value.</doc>
<kw name="Element Should Be Visible" library="SeleniumLibrary">
<arg>${BOTÃO_ENTENDIDO}</arg>
<doc>Verifies that the element identified by ``locator`` is visible.</doc>
<msg timestamp="20240129 18:10:05.130" level="INFO" html="true">&lt;/td&gt;&lt;/tr&gt;&lt;tr&gt;&lt;td colspan="3"&gt;&lt;a href="selenium-screenshot-223.png"&gt;&lt;img src="selenium-screenshot-223.png" width="800px"&gt;&lt;/a&gt;</msg>
<msg timestamp="20240129 18:10:05.131" level="FAIL">The element 'cookieButton' should be visible, but it is not.</msg>
<status status="FAIL" starttime="20240129 18:10:04.964" endtime="20240129 18:10:05.132"/>
</kw>
<msg timestamp="20240129 18:10:05.132" level="INFO">${is_button_visible} = False</msg>
<status status="PASS" starttime="20240129 18:10:04.963" endtime="20240129 18:10:05.132"/>
</kw>
<kw name="Run Keyword If" library="BuiltIn">
<arg>${is_button_visible}</arg>
<arg>Click Element</arg>
<arg>${BOTÃO_ENTENDIDO}</arg>
<doc>Runs the given keyword with the given arguments, if ``condition`` is true.</doc>
<status status="PASS" starttime="20240129 18:10:05.133" endtime="20240129 18:10:05.133"/>
</kw>
<kw name="Click Element" library="SeleniumLibrary">
<arg>${BOTAO_ACESSAR}</arg>
<doc>Click the element identified by ``locator``.</doc>
<msg timestamp="20240129 18:10:05.135" level="INFO">Clicking element 'ContentPlaceHolder1_btnEntrar2'.</msg>
<status status="PASS" starttime="20240129 18:10:05.134" endtime="20240129 18:10:07.128"/>
</kw>
<kw name="Quando acesso Avaliação de perfil de investidor" library="VerificarTelaAlteracaoPerfilResources">
<kw name="Quando clico no menu lateral" library="VerificarTelaAlteracaoPerfilResources">
<kw name="Click Element" library="SeleniumLibrary">
<arg>${MENU_LATERAL_SAND}</arg>
<doc>Click the element identified by ``locator``.</doc>
<msg timestamp="20240129 18:10:07.131" level="INFO">Clicking element '//img[contains(@alt,'Menu')]'.</msg>
<status status="PASS" starttime="20240129 18:10:07.130" endtime="20240129 18:10:07.228"/>
</kw>
<status status="PASS" starttime="20240129 18:10:07.129" endtime="20240129 18:10:07.228"/>
</kw>
<kw name="E clico em módulo Alteração Perfil acesso Avaliação de Perfil de Investidor" library="VerificarTelaAlteracaoPerfilResources">
<kw name="Wait Until Element Is Visible" library="SeleniumLibrary">
<arg>${ALTERACAO_PERFIL_MODULO}</arg>
<doc>Waits until the element ``locator`` is visible.</doc>
<status status="PASS" starttime="20240129 18:10:07.229" endtime="20240129 18:10:07.474"/>
</kw>
<kw name="Scroll Element Into View" library="SeleniumLibrary">
<arg>${ALTERACAO_PERFIL_MODULO}</arg>
<doc>Scrolls the element identified by ``locator`` into view.</doc>
<status status="PASS" starttime="20240129 18:10:07.475" endtime="20240129 18:10:07.772"/>
</kw>
<kw name="Click Element" library="SeleniumLibrary">
<arg>${ALTERACAO_PERFIL_MODULO}</arg>
<doc>Click the element identified by ``locator``.</doc>
<msg timestamp="20240129 18:10:07.773" level="INFO">Clicking element '//a[contains(@class,'Menu2746')]'.</msg>
<status status="PASS" starttime="20240129 18:10:07.772" endtime="20240129 18:10:07.819"/>
</kw>
<kw name="Scroll Element Into View" library="SeleniumLibrary">
<arg>${AVALIA_PERFIL_INVESTIDOR}</arg>
<doc>Scrolls the element identified by ``locator`` into view.</doc>
<status status="PASS" starttime="20240129 18:10:07.819" endtime="20240129 18:10:08.111"/>
</kw>
<kw name="Click Element" library="SeleniumLibrary">
<arg>${AVALIA_PERFIL_INVESTIDOR}</arg>
<doc>Click the element identified by ``locator``.</doc>
<msg timestamp="20240129 18:10:08.113" level="INFO">Clicking element '//a[@href='/portal/site/Multibra-Homolog/Action/SuitabilityQuestionario.aspx']'.</msg>
<status status="PASS" starttime="20240129 18:10:08.111" endtime="20240129 18:10:09.426"/>
</kw>
<status status="PASS" starttime="20240129 18:10:07.228" endtime="20240129 18:10:09.426"/>
</kw>
<status status="PASS" starttime="20240129 18:10:07.128" endtime="20240129 18:10:09.426"/>
</kw>
<kw name="E preencho informações para perfil Conservadora e Tradicional" library="VerificarTelaAlteracaoPerfilResources">
<kw name="Wait Until Element Is Visible" library="SeleniumLibrary">
<arg>${RESPONDER_QUESTIONARIO}</arg>
<doc>Waits until the element ``locator`` is visible.</doc>
<status status="PASS" starttime="20240129 18:10:09.428" endtime="20240129 18:10:09.453"/>
</kw>
<kw name="Click Element" library="SeleniumLibrary">
<arg>${RESPONDER_QUESTIONARIO}</arg>
<doc>Click the element identified by ``locator``.</doc>
<msg timestamp="20240129 18:10:09.455" level="INFO">Clicking element '//input[contains(@onclick,'ResponderAgora()')]'.</msg>
<status status="PASS" starttime="20240129 18:10:09.453" endtime="20240129 18:10:09.523"/>
</kw>
<kw name="Wait Until Element Is Visible" library="SeleniumLibrary">
<arg>${REFE_DI_1ªPERG_5}</arg>
<doc>Waits until the element ``locator`` is visible.</doc>
<status status="PASS" starttime="20240129 18:10:09.523" endtime="20240129 18:10:09.551"/>
</kw>
<kw name="Click Element" library="SeleniumLibrary">
<arg>${REFE_DI_1ªPERG_5}</arg>
<doc>Click the element identified by ``locator``.</doc>
<msg timestamp="20240129 18:10:09.552" level="INFO">Clicking element '(//input[contains(@type,'radio')])[5]'.</msg>
<status status="PASS" starttime="20240129 18:10:09.552" endtime="20240129 18:10:09.604"/>
</kw>
<kw name="Scroll Element Into View" library="SeleniumLibrary">
<arg>${REFE_DI_2ªPERG_5}</arg>
<doc>Scrolls the element identified by ``locator`` into view.</doc>
<status status="PASS" starttime="20240129 18:10:09.605" endtime="20240129 18:10:09.893"/>
</kw>
<kw name="Click Element" library="SeleniumLibrary">
<arg>${REFE_DI_2ªPERG_5}</arg>
<doc>Click the element identified by ``locator``.</doc>
<msg timestamp="20240129 18:10:09.895" level="INFO">Clicking element '(//input[contains(@type,'radio')])[10]'.</msg>
<status status="PASS" starttime="20240129 18:10:09.894" endtime="20240129 18:10:09.940"/>
</kw>
<kw name="Scroll Element Into View" library="SeleniumLibrary">
<arg>${REFE_DI_3ªPERG_5}</arg>
<doc>Scrolls the element identified by ``locator`` into view.</doc>
<status status="PASS" starttime="20240129 18:10:09.940" endtime="20240129 18:10:10.237"/>
</kw>
<kw name="Click Element" library="SeleniumLibrary">
<arg>${REFE_DI_3ªPERG_5}</arg>
<doc>Click the element identified by ``locator``.</doc>
<msg timestamp="20240129 18:10:10.239" level="INFO">Clicking element '(//input[contains(@type,'radio')])[15]'.</msg>
<status status="PASS" starttime="20240129 18:10:10.238" endtime="20240129 18:10:10.352"/>
</kw>
<kw name="Scroll Element Into View" library="SeleniumLibrary">
<arg>${REFE_DI_4ªPERG_5}</arg>
<doc>Scrolls the element identified by ``locator`` into view.</doc>
<status status="PASS" starttime="20240129 18:10:10.353" endtime="20240129 18:10:10.652"/>
</kw>
<kw name="Click Element" library="SeleniumLibrary">
<arg>${REFE_DI_4ªPERG_5}</arg>
<doc>Click the element identified by ``locator``.</doc>
<msg timestamp="20240129 18:10:10.655" level="INFO">Clicking element '(//input[contains(@type,'radio')])[20]'.</msg>
<status status="PASS" starttime="20240129 18:10:10.654" endtime="20240129 18:10:10.694"/>
</kw>
<kw name="Scroll Element Into View" library="SeleniumLibrary">
<arg>${CONSERV_TRAD_5ªPERG_3}</arg>
<doc>Scrolls the element identified by ``locator`` into view.</doc>
<status status="PASS" starttime="20240129 18:10:10.694" endtime="20240129 18:10:10.975"/>
</kw>
<kw name="Click Element" library="SeleniumLibrary">
<arg>${CONSERV_TRAD_5ªPERG_3}</arg>
<doc>Click the element identified by ``locator``.</doc>
<msg timestamp="20240129 18:10:10.977" level="INFO">Clicking element '(//input[contains(@type,'radio')])[23]'.</msg>
<status status="PASS" starttime="20240129 18:10:10.976" endtime="20240129 18:10:11.014"/>
</kw>
<kw name="Scroll Element Into View" library="SeleniumLibrary">
<arg>${CONSERV_TRAD_6ªPERG_5}</arg>
<doc>Scrolls the element identified by ``locator`` into view.</doc>
<status status="PASS" starttime="20240129 18:10:11.014" endtime="20240129 18:10:11.300"/>
</kw>
<kw name="Click Element" library="SeleniumLibrary">
<arg>${CONSERV_TRAD_6ªPERG_5}</arg>
<doc>Click the element identified by ``locator``.</doc>
<msg timestamp="20240129 18:10:11.302" level="INFO">Clicking element '(//input[contains(@type,'radio')])[30]'.</msg>
<status status="PASS" starttime="20240129 18:10:11.301" endtime="20240129 18:10:11.341"/>
</kw>
<kw name="Scroll Element Into View" library="SeleniumLibrary">
<arg>${CONSERV_TRAD_7ªPERG_3}</arg>
<doc>Scrolls the element identified by ``locator`` into view.</doc>
<status status="PASS" starttime="20240129 18:10:11.341" endtime="20240129 18:10:11.627"/>
</kw>
<kw name="Click Element" library="SeleniumLibrary">
<arg>${CONSERV_TRAD_7ªPERG_3}</arg>
<doc>Click the element identified by ``locator``.</doc>
<msg timestamp="20240129 18:10:11.628" level="INFO">Clicking element '(//input[contains(@type,'radio')])[33]'.</msg>
<status status="PASS" starttime="20240129 18:10:11.627" endtime="20240129 18:10:11.674"/>
</kw>
<kw name="Scroll Element Into View" library="SeleniumLibrary">
<arg>${CONSERV_TRAD_8ªPERG_2}</arg>
<doc>Scrolls the element identified by ``locator`` into view.</doc>
<status status="PASS" starttime="20240129 18:10:11.674" endtime="20240129 18:10:11.970"/>
</kw>
<kw name="Click Element" library="SeleniumLibrary">
<arg>${CONSERV_TRAD_8ªPERG_2}</arg>
<doc>Click the element identified by ``locator``.</doc>
<msg timestamp="20240129 18:10:11.971" level="INFO">Clicking element '(//input[contains(@type,'radio')])[37]'.</msg>
<status status="PASS" starttime="20240129 18:10:11.970" endtime="20240129 18:10:12.012"/>
</kw>
<kw name="Scroll Element Into View" library="SeleniumLibrary">
<arg>${CONSERV_TRAD_9ªPERG_1}</arg>
<doc>Scrolls the element identified by ``locator`` into view.</doc>
<status status="PASS" starttime="20240129 18:10:12.012" endtime="20240129 18:10:12.294"/>
</kw>
<kw name="Click Element" library="SeleniumLibrary">
<arg>${CONSERV_TRAD_9ªPERG_1}</arg>
<doc>Click the element identified by ``locator``.</doc>
<msg timestamp="20240129 18:10:12.295" level="INFO">Clicking element '(//input[contains(@type,'radio')])[41]'.</msg>
<status status="PASS" starttime="20240129 18:10:12.294" endtime="20240129 18:10:12.337"/>
</kw>
<kw name="Scroll Element Into View" library="SeleniumLibrary">
<arg>${BOTAO_ENVIAR_QUESTIONARIO}</arg>
<doc>Scrolls the element identified by ``locator`` into view.</doc>
<status status="PASS" starttime="20240129 18:10:12.338" endtime="20240129 18:10:12.635"/>
</kw>
<kw name="Click Element" library="SeleniumLibrary">
<arg>${BOTAO_ENVIAR_QUESTIONARIO}</arg>
<doc>Click the element identified by ``locator``.</doc>
<msg timestamp="20240129 18:10:12.637" level="INFO">Clicking element '//input[contains(@onclick,'Validacoes()')]'.</msg>
<status status="PASS" starttime="20240129 18:10:12.635" endtime="20240129 18:10:12.677"/>
</kw>
<status status="PASS" starttime="20240129 18:10:09.427" endtime="20240129 18:10:12.678"/>
</kw>
<kw name="Então meu perfil de investidor será Conservadora e Tradicional" library="VerificarTelaAlteracaoPerfilResources">
<kw name="Wait Until Element Is Visible" library="SeleniumLibrary">
<arg>${BOTAO_CONFIRMAR}</arg>
<doc>Waits until the element ``locator`` is visible.</doc>
<status status="PASS" starttime="20240129 18:10:12.679" endtime="20240129 18:10:12.917"/>
</kw>
<kw name="Scroll Element Into View" library="SeleniumLibrary">
<arg>${BOTAO_CONFIRMAR}</arg>
<doc>Scrolls the element identified by ``locator`` into view.</doc>
<status status="PASS" starttime="20240129 18:10:12.918" endtime="20240129 18:10:13.196"/>
</kw>
<kw name="Page Should Contain" library="SeleniumLibrary">
<arg>${MODERADO_TEXT}</arg>
<doc>Verifies that current page contains ``text``.</doc>
<msg timestamp="20240129 18:10:13.209" level="INFO">Current page contains text 'ANDRITZ_CONSERVADORA_E_TRADICI'.</msg>
<status status="PASS" starttime="20240129 18:10:13.196" endtime="20240129 18:10:13.209"/>
</kw>
<kw name="Wait Until Element Is Visible" library="SeleniumLibrary">
<arg>${BOTAO_CONFIRMAR}</arg>
<doc>Waits until the element ``locator`` is visible.</doc>
<status status="PASS" starttime="20240129 18:10:13.209" endtime="20240129 18:10:13.228"/>
</kw>
<kw name="Click Element" library="SeleniumLibrary">
<arg>${BOTAO_CONFIRMAR}</arg>
<doc>Click the element identified by ``locator``.</doc>
<msg timestamp="20240129 18:10:13.229" level="INFO">Clicking element '//input[contains(@onclick,'ConfirmarRespostas()')]'.</msg>
<status status="PASS" starttime="20240129 18:10:13.228" endtime="20240129 18:10:13.272"/>
</kw>
<status status="PASS" starttime="20240129 18:10:12.678" endtime="20240129 18:10:13.272"/>
</kw>
<kw name="Sair da página" library="VerificarTelaAlteracaoPerfilResources">
<kw name="Go To" library="SeleniumLibrary">
<arg>https://www.portal-hro.com.br/portal/site/Multibra-Homolog/Action/Logout.aspx</arg>
<doc>Navigates the current browser window to the provided ``url``.</doc>
<msg timestamp="20240129 18:10:13.273" level="INFO">Opening url 'https://www.portal-hro.com.br/portal/site/Multibra-Homolog/Action/Logout.aspx'</msg>
<status status="PASS" starttime="20240129 18:10:13.273" endtime="20240129 18:10:14.216"/>
</kw>
<status status="PASS" starttime="20240129 18:10:13.273" endtime="20240129 18:10:14.216"/>
</kw>
<status status="PASS" starttime="20240129 18:10:03.438" endtime="20240129 18:10:14.217"/>
</kw>
<kw name="Close All Browsers" library="SeleniumLibrary" type="TEARDOWN">
<doc>Closes all open browsers and resets the browser cache.</doc>
<status status="PASS" starttime="20240129 18:10:14.219" endtime="20240129 18:10:21.178"/>
</kw>
<doc>Automação Verificar o questionário com preenchimento com média ponderada 0,61</doc>
<tag>CT11</tag>
<status status="PASS" starttime="20240129 18:09:10.458" endtime="20240129 18:10:21.179"/>
</test>
<status status="PASS" starttime="20240129 18:09:09.993" endtime="20240129 18:10:21.180"/>
</suite>
<statistics>
<total>
<stat pass="1" fail="0" skip="0">All Tests</stat>
</total>
<tag>
<stat pass="1" fail="0" skip="0">CT11</stat>
</tag>
<suite>
<stat pass="1" fail="0" skip="0" id="s1" name="VerificarTelaAlteracaoPerfil">VerificarTelaAlteracaoPerfil</stat>
</suite>
</statistics>
<errors>
</errors>
</robot>
