<?xml version="1.0" encoding="UTF-8"?>
<robot generator="Robot 6.1.1 (Python 3.12.0b4 on win32)" generated="20240102 14:28:00.221" rpa="false" schemaversion="4">
<suite id="s1" name="VerificarTelaArquivosAtuariais" source="c:\Users\C5151356\Documents\Automa-o-Com-Robot-Framework-Web\Automacao_PrevCummins\Tests\VerificarTelaArquivosAtuariais.robot">
<test id="s1-t1" name="CT01: Acessar tela Arquivos Atuariais" line="10">
<kw name="Open Browser" library="SeleniumLibrary" type="SETUP">
<arg>${URL}</arg>
<arg>chrome</arg>
<doc>Opens a new browser instance to the optional ``url``.</doc>
<msg timestamp="20240102 14:28:00.469" level="INFO">Opening browser 'chrome' to base url 'https://www.portal-hro.com.br/portal/site/Prevcummins-Homolog/LoginAuto.aspx'.</msg>
<status status="PASS" starttime="20240102 14:28:00.469" endtime="20240102 14:28:12.552"/>
</kw>
<kw name="Dado que acesso o portal Prevcummins com os usuarios &quot;ua.application&quot; - &quot;Conduent@1&quot;" library="VerificarTelaDeLoginResources" sourcename="Dado que acesso o portal Prevcummins com os usuarios &quot;${Usuario}&quot; - &quot;${Senha}&quot;">
<kw name="Maximize Browser Window" library="SeleniumLibrary">
<doc>Maximizes current browser window.</doc>
<status status="PASS" starttime="20240102 14:28:12.553" endtime="20240102 14:28:12.680"/>
</kw>
<kw name="Wait Until Page Contains Element" library="SeleniumLibrary">
<arg>${BOTAO_ENTRAR}</arg>
<arg>timeout=10s</arg>
<doc>Waits until the element ``locator`` appears on the current page.</doc>
<status status="PASS" starttime="20240102 14:28:12.680" endtime="20240102 14:28:12.699"/>
</kw>
<kw name="Scroll Element Into View" library="SeleniumLibrary">
<arg>${BOTAO_ENTRAR}</arg>
<doc>Scrolls the element identified by ``locator`` into view.</doc>
<status status="PASS" starttime="20240102 14:28:12.700" endtime="20240102 14:28:12.971"/>
</kw>
<kw name="Input Text" library="SeleniumLibrary">
<arg>${CAMPO_NOME}</arg>
<arg>${Usuario}</arg>
<doc>Types the given ``text`` into the text field identified by ``locator``.</doc>
<msg timestamp="20240102 14:28:12.974" level="INFO">Typing text 'ua.application' into text field '//input[contains(@name,'ctl00$ContentPlaceHolder1$username')]'.</msg>
<status status="PASS" starttime="20240102 14:28:12.972" endtime="20240102 14:28:13.053"/>
</kw>
<kw name="Input Text" library="SeleniumLibrary">
<arg>${CAMPO_SENHA}</arg>
<arg>${Senha}</arg>
<doc>Types the given ``text`` into the text field identified by ``locator``.</doc>
<msg timestamp="20240102 14:28:13.053" level="INFO">Typing text 'Conduent@1' into text field '//input[contains(@name,'ctl00$ContentPlaceHolder1$password')]'.</msg>
<status status="PASS" starttime="20240102 14:28:13.053" endtime="20240102 14:28:13.104"/>
</kw>
<kw name="Wait Until Page Contains Element" library="SeleniumLibrary">
<arg>${BOTAO_ENTENDIDO}</arg>
<doc>Waits until the element ``locator`` appears on the current page.</doc>
<status status="PASS" starttime="20240102 14:28:13.104" endtime="20240102 14:28:13.113"/>
</kw>
<kw name="Click Element" library="SeleniumLibrary">
<arg>${BOTAO_ENTENDIDO}</arg>
<doc>Click the element identified by ``locator``.</doc>
<msg timestamp="20240102 14:28:13.114" level="INFO">Clicking element 'cookieButton'.</msg>
<status status="PASS" starttime="20240102 14:28:13.114" endtime="20240102 14:28:13.143"/>
</kw>
<kw name="Click Element" library="SeleniumLibrary">
<arg>${BOTAO_ENTRAR}</arg>
<doc>Click the element identified by ``locator``.</doc>
<msg timestamp="20240102 14:28:13.144" level="INFO">Clicking element '//input[contains(@id,'btnEntrar')]'.</msg>
<status status="PASS" starttime="20240102 14:28:13.143" endtime="20240102 14:28:15.673"/>
</kw>
<status status="PASS" starttime="20240102 14:28:12.553" endtime="20240102 14:28:15.673"/>
</kw>
<kw name="Quando clico em Arquivos Atuariais" library="VerificarTelaArquivosAtuariaisResouces">
<kw name="Wait Until Element Is Visible" library="SeleniumLibrary">
<arg>${ARQUIVOS_ATUARIAIS_INI}</arg>
<arg>timeout=10s</arg>
<doc>Waits until the element ``locator`` is visible.</doc>
<status status="PASS" starttime="20240102 14:28:15.675" endtime="20240102 14:28:15.700"/>
</kw>
<kw name="Click Element" library="SeleniumLibrary">
<arg>${ARQUIVOS_ATUARIAIS_INI}</arg>
<doc>Click the element identified by ``locator``.</doc>
<msg timestamp="20240102 14:28:15.701" level="INFO">Clicking element '//h7[contains(.,'ARQUIVOS ATUARIAIS')]'.</msg>
<status status="PASS" starttime="20240102 14:28:15.701" endtime="20240102 14:28:16.684"/>
</kw>
<status status="PASS" starttime="20240102 14:28:15.674" endtime="20240102 14:28:16.684"/>
</kw>
<kw name="Então serei direcionado para página Arquivos Atuariais" library="VerificarTelaArquivosAtuariaisResouces">
<kw name="Run Keyword And Return Status" library="BuiltIn">
<var>${mensagem_visivel}</var>
<arg>Page Should Contain</arg>
<arg>ERROR!</arg>
<doc>Runs the given keyword with given arguments and returns the status as a Boolean value.</doc>
<kw name="Page Should Contain" library="SeleniumLibrary">
<arg>ERROR!</arg>
<doc>Verifies that current page contains ``text``.</doc>
<msg timestamp="20240102 14:28:16.700" level="INFO">Current page contains text 'ERROR!'.</msg>
<status status="PASS" starttime="20240102 14:28:16.686" endtime="20240102 14:28:16.700"/>
</kw>
<msg timestamp="20240102 14:28:16.700" level="INFO">${mensagem_visivel} = True</msg>
<status status="PASS" starttime="20240102 14:28:16.686" endtime="20240102 14:28:16.700"/>
</kw>
<kw name="Run Keyword If" library="BuiltIn">
<arg>'${mensagem_visivel}' == 'True'</arg>
<arg>Log</arg>
<arg>A mensagem de erro não está presente</arg>
<doc>Runs the given keyword with the given arguments, if ``condition`` is true.</doc>
<kw name="Log" library="BuiltIn">
<arg>A mensagem de erro não está presente</arg>
<doc>Logs the given message with the given level.</doc>
<msg timestamp="20240102 14:28:16.700" level="INFO">A mensagem de erro não está presente</msg>
<status status="PASS" starttime="20240102 14:28:16.700" endtime="20240102 14:28:16.701"/>
</kw>
<status status="PASS" starttime="20240102 14:28:16.700" endtime="20240102 14:28:16.701"/>
</kw>
<kw name="Run Keyword If" library="BuiltIn">
<arg>'${mensagem_visivel}' == 'False'</arg>
<arg>Log</arg>
<arg>A mensagem de erro não está presente</arg>
<doc>Runs the given keyword with the given arguments, if ``condition`` is true.</doc>
<status status="PASS" starttime="20240102 14:28:16.701" endtime="20240102 14:28:16.701"/>
</kw>
<kw name="Get Location" library="SeleniumLibrary">
<var>${URL_ARQUIVOS_ATUARIAIS_GET}</var>
<doc>Returns the current browser window URL.</doc>
<msg timestamp="20240102 14:28:16.706" level="INFO">${URL_ARQUIVOS_ATUARIAIS_GET} = https://www.portal-hro.com.br/portal/site/Prevcummins-Homolog/Action/Drive/Drive.aspx?drive_type=arquivos_atuario</msg>
<status status="PASS" starttime="20240102 14:28:16.701" endtime="20240102 14:28:16.706"/>
</kw>
<kw name="Should Be Equal" library="BuiltIn">
<arg>${URL_ARQUIVOS_ATUARIAIS_GET}</arg>
<arg>${URL_ARQUIVOS_ATUARIAIS}</arg>
<doc>Fails if the given objects are unequal.</doc>
<status status="PASS" starttime="20240102 14:28:16.707" endtime="20240102 14:28:16.707"/>
</kw>
<status status="PASS" starttime="20240102 14:28:16.685" endtime="20240102 14:28:16.707"/>
</kw>
<kw name="Close Browser" library="SeleniumLibrary" type="TEARDOWN">
<doc>Closes the current browser.</doc>
<status status="PASS" starttime="20240102 14:28:16.708" endtime="20240102 14:28:19.087"/>
</kw>
<doc>Automação acessa a tela de Arquivos Atuariais</doc>
<tag>CT01</tag>
<status status="PASS" starttime="20240102 14:28:00.468" endtime="20240102 14:28:19.088"/>
</test>
<status status="PASS" starttime="20240102 14:28:00.229" endtime="20240102 14:28:19.091"/>
</suite>
<statistics>
<total>
<stat pass="1" fail="0" skip="0">All Tests</stat>
</total>
<tag>
<stat pass="1" fail="0" skip="0">CT01</stat>
</tag>
<suite>
<stat pass="1" fail="0" skip="0" id="s1" name="VerificarTelaArquivosAtuariais">VerificarTelaArquivosAtuariais</stat>
</suite>
</statistics>
<errors>
</errors>
</robot>
