<?xml version="1.0" encoding="UTF-8"?>
<robot generator="Robot 6.1.1 (Python 3.12.0b4 on win32)" generated="20231222 13:08:49.405" rpa="false" schemaversion="4">
<suite id="s1" name="VerificarTelaRentabilidade" source="c:\Users\C5151356\Documents\Automa-o-Com-Robot-Framework-Web\Automacao_MultiBra\Tests\VerificarTelaRentabilidade.robot">
<test id="s1-t1" name="CT01:Verificar Tela de Rentabilidade no potal MultiBra" line="11">
<kw name="Open Browser" library="SeleniumLibrary" type="SETUP">
<arg>${URL}</arg>
<arg>chrome</arg>
<doc>Opens a new browser instance to the optional ``url``.</doc>
<msg timestamp="20231222 13:08:49.778" level="INFO">Opening browser 'chrome' to base url 'https://www.portal-hro.com.br/portal/site/Multibra-Homolog/Login.aspx'.</msg>
<status status="PASS" starttime="20231222 13:08:49.777" endtime="20231222 13:08:57.384"/>
</kw>
<kw name="Dado que acesso o portal MultiBra com os usuarios &quot;adm.gdbprev.teste1&quot; - &quot;adm.gdbprev.teste1&quot;" library="VerificarTelaDeLoginResources" sourcename="Dado que acesso o portal MultiBra com os usuarios &quot;${Usuario}&quot; - &quot;${Senha}&quot;">
<kw name="Maximize Browser Window" library="SeleniumLibrary">
<doc>Maximizes current browser window.</doc>
<status status="PASS" starttime="20231222 13:08:57.385" endtime="20231222 13:08:57.547"/>
</kw>
<kw name="Wait Until Page Contains Element" library="SeleniumLibrary">
<arg>${BOTAO_ACESSAR}</arg>
<arg>timeout=10s</arg>
<doc>Waits until the element ``locator`` appears on the current page.</doc>
<status status="PASS" starttime="20231222 13:08:57.547" endtime="20231222 13:08:57.600"/>
</kw>
<kw name="Scroll Element Into View" library="SeleniumLibrary">
<arg>${BOTAO_ACESSAR}</arg>
<doc>Scrolls the element identified by ``locator`` into view.</doc>
<status status="PASS" starttime="20231222 13:08:57.601" endtime="20231222 13:08:58.050"/>
</kw>
<kw name="Input Text" library="SeleniumLibrary">
<arg>${CAMPO_NOME}</arg>
<arg>${Usuario}</arg>
<doc>Types the given ``text`` into the text field identified by ``locator``.</doc>
<msg timestamp="20231222 13:08:58.051" level="INFO">Typing text 'adm.gdbprev.teste1' into text field '//input[contains(@name,'ctl00$ContentPlaceHolder1$username')]'.</msg>
<status status="PASS" starttime="20231222 13:08:58.050" endtime="20231222 13:08:58.163"/>
</kw>
<kw name="Input Text" library="SeleniumLibrary">
<arg>${CAMPO_SENHA}</arg>
<arg>${Senha}</arg>
<doc>Types the given ``text`` into the text field identified by ``locator``.</doc>
<msg timestamp="20231222 13:08:58.164" level="INFO">Typing text 'adm.gdbprev.teste1' into text field '//input[contains(@name,'ctl00$ContentPlaceHolder1$password')]'.</msg>
<status status="PASS" starttime="20231222 13:08:58.164" endtime="20231222 13:08:58.251"/>
</kw>
<kw name="Wait Until Page Contains Element" library="SeleniumLibrary">
<arg>${BOTÃO_ENTENDIDO}</arg>
<arg>timeout=10s</arg>
<doc>Waits until the element ``locator`` appears on the current page.</doc>
<status status="PASS" starttime="20231222 13:08:58.251" endtime="20231222 13:08:58.263"/>
</kw>
<kw name="Click Element" library="SeleniumLibrary">
<arg>${BOTÃO_ENTENDIDO}</arg>
<doc>Click the element identified by ``locator``.</doc>
<msg timestamp="20231222 13:08:58.264" level="INFO">Clicking element 'cookieButton'.</msg>
<status status="PASS" starttime="20231222 13:08:58.263" endtime="20231222 13:08:58.297"/>
</kw>
<kw name="Click Element" library="SeleniumLibrary">
<arg>${BOTAO_ACESSAR}</arg>
<doc>Click the element identified by ``locator``.</doc>
<msg timestamp="20231222 13:08:58.297" level="INFO">Clicking element 'ContentPlaceHolder1_btnEntrar2'.</msg>
<status status="PASS" starttime="20231222 13:08:58.297" endtime="20231222 13:09:00.596"/>
</kw>
<status status="PASS" starttime="20231222 13:08:57.385" endtime="20231222 13:09:00.596"/>
</kw>
<kw name="E clico em Rentabilidade" library="VerificarTelaRentabilidadeResources">
<kw name="Scroll Element Into View" library="SeleniumLibrary">
<arg>${RENTABILIDADE}</arg>
<doc>Scrolls the element identified by ``locator`` into view.</doc>
<msg timestamp="20231222 13:09:00.743" level="INFO" html="true">&lt;/td&gt;&lt;/tr&gt;&lt;tr&gt;&lt;td colspan="3"&gt;&lt;a href="selenium-screenshot-1.png"&gt;&lt;img src="selenium-screenshot-1.png" width="800px"&gt;&lt;/a&gt;</msg>
<msg timestamp="20231222 13:09:00.744" level="FAIL">Element with locator '//a[contains(.,'Rentabilidade')]' not found.</msg>
<status status="FAIL" starttime="20231222 13:09:00.597" endtime="20231222 13:09:00.777"/>
</kw>
<kw name="Click Element" library="SeleniumLibrary">
<arg>${RENTABILIDADE}</arg>
<doc>Click the element identified by ``locator``.</doc>
<status status="NOT RUN" starttime="20231222 13:09:00.777" endtime="20231222 13:09:00.777"/>
</kw>
<status status="FAIL" starttime="20231222 13:09:00.597" endtime="20231222 13:09:00.778"/>
</kw>
<kw name="Então serei direcionado para página Rentabilidade" library="VerificarTelaRentabilidadeResources">
<status status="NOT RUN" starttime="20231222 13:09:00.778" endtime="20231222 13:09:00.779"/>
</kw>
<kw name="Close Browser" library="SeleniumLibrary" type="TEARDOWN">
<doc>Closes the current browser.</doc>
<status status="PASS" starttime="20231222 13:09:00.779" endtime="20231222 13:09:03.121"/>
</kw>
<doc>Automação Verificar tela Rentabilidade</doc>
<tag>CT01</tag>
<status status="FAIL" starttime="20231222 13:08:49.775" endtime="20231222 13:09:03.122">Element with locator '//a[contains(.,'Rentabilidade')]' not found.</status>
</test>
<status status="FAIL" starttime="20231222 13:08:49.413" endtime="20231222 13:09:03.124"/>
</suite>
<statistics>
<total>
<stat pass="0" fail="1" skip="0">All Tests</stat>
</total>
<tag>
<stat pass="0" fail="1" skip="0">CT01</stat>
</tag>
<suite>
<stat pass="0" fail="1" skip="0" id="s1" name="VerificarTelaRentabilidade">VerificarTelaRentabilidade</stat>
</suite>
</statistics>
<errors>
</errors>
</robot>
