<?xml version="1.0" encoding="UTF-8"?>
<robot generator="Robot 6.1.1 (Python 3.12.0b4 on win32)" generated="20231213 17:23:01.660" rpa="false" schemaversion="4">
<suite id="s1" name="Teste" source="C:\Users\C5151356\Documents\Automa-o-Com-Robot-Framework-Web\Automacao_MultiBra\Tests\Teste.robot">
<test id="s1-t1" name="CT05:Acessar com logins assistidos" line="9">
<kw name="Open Browser" library="SeleniumLibrary" type="SETUP">
<arg>${URL}</arg>
<arg>chrome</arg>
<doc>Opens a new browser instance to the optional ``url``.</doc>
<msg timestamp="20231213 17:23:01.923" level="INFO">Opening browser 'chrome' to base url 'https://www.portal-hro.com.br/portal/site/Multibra-Homolog/Login.aspx'.</msg>
<status status="PASS" starttime="20231213 17:23:01.923" endtime="20231213 17:23:08.050"/>
</kw>
<kw name="Login com Usuário Assistido" library="VerificarTelaDeLoginResources">
<arg>ut.gdb.assistido1</arg>
<arg>ut.gdb.assistido1</arg>
<try>
<branch type="TRY">
<kw name="Maximize Browser Window" library="SeleniumLibrary">
<doc>Maximizes current browser window.</doc>
<status status="PASS" starttime="20231213 17:23:08.050" endtime="20231213 17:23:08.171"/>
</kw>
<status status="PASS" starttime="20231213 17:23:08.050" endtime="20231213 17:23:08.171"/>
</branch>
<branch type="EXCEPT">
<pattern>Error message</pattern>
<kw name="Log" library="BuiltIn">
<arg>message</arg>
<doc>Logs the given message with the given level.</doc>
<status status="NOT RUN" starttime="20231213 17:23:08.172" endtime="20231213 17:23:08.172"/>
</kw>
<status status="NOT RUN" starttime="20231213 17:23:08.171" endtime="20231213 17:23:08.172"/>
</branch>
<status status="PASS" starttime="20231213 17:23:08.050" endtime="20231213 17:23:08.172"/>
</try>
<kw name="Sleep" library="BuiltIn">
<arg>1s</arg>
<doc>Pauses the test executed for the given time.</doc>
<msg timestamp="20231213 17:23:09.172" level="INFO">Slept 1 second</msg>
<status status="PASS" starttime="20231213 17:23:08.172" endtime="20231213 17:23:09.172"/>
</kw>
<try>
<branch type="TRY">
<kw name="Scroll Element Into View" library="SeleniumLibrary">
<arg>${BOTAO_ACESSAR}</arg>
<doc>Scrolls the element identified by ``locator`` into view.</doc>
<status status="PASS" starttime="20231213 17:23:09.172" endtime="20231213 17:23:09.471"/>
</kw>
<kw name="Input Text" library="SeleniumLibrary">
<arg>${CAMPO_NOME}</arg>
<arg>${Usuario}</arg>
<doc>Types the given ``text`` into the text field identified by ``locator``.</doc>
<msg timestamp="20231213 17:23:09.472" level="INFO">Typing text 'ut.gdb.assistido1' into text field '//input[contains(@name,'ctl00$ContentPlaceHolder1$username')]'.</msg>
<status status="PASS" starttime="20231213 17:23:09.471" endtime="20231213 17:23:09.554"/>
</kw>
<kw name="Input Text" library="SeleniumLibrary">
<arg>${CAMPO_SENHA}</arg>
<arg>${Senha}</arg>
<doc>Types the given ``text`` into the text field identified by ``locator``.</doc>
<msg timestamp="20231213 17:23:09.555" level="INFO">Typing text 'ut.gdb.assistido1' into text field '//input[contains(@name,'ctl00$ContentPlaceHolder1$password')]'.</msg>
<status status="PASS" starttime="20231213 17:23:09.554" endtime="20231213 17:23:09.628"/>
</kw>
<kw name="Run Keyword And Return Status" library="BuiltIn">
<var>${is_button_visible}</var>
<arg>Element Should Be Visible</arg>
<arg>${BOTÃO_ENTENDIDO}</arg>
<doc>Runs the given keyword with given arguments and returns the status as a Boolean value.</doc>
<kw name="Element Should Be Visible" library="SeleniumLibrary">
<arg>${BOTÃO_ENTENDIDO}</arg>
<doc>Verifies that the element identified by ``locator`` is visible.</doc>
<msg timestamp="20231213 17:23:09.654" level="INFO">Element 'cookieButton' is displayed.</msg>
<status status="PASS" starttime="20231213 17:23:09.629" endtime="20231213 17:23:09.655"/>
</kw>
<msg timestamp="20231213 17:23:09.655" level="INFO">${is_button_visible} = True</msg>
<status status="PASS" starttime="20231213 17:23:09.628" endtime="20231213 17:23:09.655"/>
</kw>
<kw name="Run Keyword If" library="BuiltIn">
<arg>${is_button_visible}</arg>
<arg>Click Element</arg>
<arg>${BOTÃO_ENTENDIDO}</arg>
<doc>Runs the given keyword with the given arguments, if ``condition`` is true.</doc>
<kw name="Click Element" library="SeleniumLibrary">
<arg>${BOTÃO_ENTENDIDO}</arg>
<doc>Click the element identified by ``locator``.</doc>
<msg timestamp="20231213 17:23:09.656" level="INFO">Clicking element 'cookieButton'.</msg>
<status status="PASS" starttime="20231213 17:23:09.656" endtime="20231213 17:23:09.694"/>
</kw>
<status status="PASS" starttime="20231213 17:23:09.655" endtime="20231213 17:23:09.695"/>
</kw>
<kw name="Click Element" library="SeleniumLibrary">
<arg>${BOTAO_ACESSAR}</arg>
<doc>Click the element identified by ``locator``.</doc>
<msg timestamp="20231213 17:23:09.695" level="INFO">Clicking element 'ContentPlaceHolder1_btnEntrar2'.</msg>
<status status="PASS" starttime="20231213 17:23:09.695" endtime="20231213 17:23:14.004"/>
</kw>
<kw name="Run Keyword And Return Status" library="BuiltIn">
<var>${button_existence}</var>
<arg>Page Should Contain Element</arg>
<arg>btnFechar</arg>
<doc>Runs the given keyword with given arguments and returns the status as a Boolean value.</doc>
<kw name="Page Should Contain Element" library="SeleniumLibrary">
<arg>btnFechar</arg>
<doc>Verifies that element ``locator`` is found on the current page.</doc>
<msg timestamp="20231213 17:23:14.220" level="INFO" html="true">&lt;/td&gt;&lt;/tr&gt;&lt;tr&gt;&lt;td colspan="3"&gt;&lt;a href="selenium-screenshot-58.png"&gt;&lt;img src="selenium-screenshot-58.png" width="800px"&gt;&lt;/a&gt;</msg>
<msg timestamp="20231213 17:23:14.220" level="FAIL">Page should have contained element 'btnFechar' but did not.</msg>
<status status="FAIL" starttime="20231213 17:23:14.004" endtime="20231213 17:23:14.225"/>
</kw>
<msg timestamp="20231213 17:23:14.225" level="INFO">${button_existence} = False</msg>
<status status="PASS" starttime="20231213 17:23:14.004" endtime="20231213 17:23:14.225"/>
</kw>
<kw name="Run Keyword If" library="BuiltIn">
<arg>'${button_existence}' == 'True'</arg>
<arg>Create List</arg>
<arg>${Usuario}</arg>
<doc>Runs the given keyword with the given arguments, if ``condition`` is true.</doc>
<status status="PASS" starttime="20231213 17:23:14.225" endtime="20231213 17:23:14.225"/>
</kw>
<kw name="Run Keyword If" library="BuiltIn">
<arg>'${button_existence}' == 'True'</arg>
<arg>Click Element</arg>
<arg>btnFechar</arg>
<doc>Runs the given keyword with the given arguments, if ``condition`` is true.</doc>
<status status="PASS" starttime="20231213 17:23:14.225" endtime="20231213 17:23:14.225"/>
</kw>
<kw name="Quando clicar em menu lateral" library="VerificarTelaDeLoginResources">
<kw name="Click Element" library="SeleniumLibrary">
<arg>${MENU_LATERAL_SAND}</arg>
<doc>Click the element identified by ``locator``.</doc>
<msg timestamp="20231213 17:23:14.226" level="INFO">Clicking element '//img[contains(@alt,'Menu')]'.</msg>
<status status="PASS" starttime="20231213 17:23:14.225" endtime="20231213 17:23:14.275"/>
</kw>
<status status="PASS" starttime="20231213 17:23:14.225" endtime="20231213 17:23:14.275"/>
</kw>
<kw name="Sair da página" library="VerificarTelaDeLoginResources">
<kw name="Go To" library="SeleniumLibrary">
<arg>https://www.portal-hro.com.br/portal/site/Multibra-Homolog/Action/Logout.aspx</arg>
<doc>Navigates the current browser window to the provided ``url``.</doc>
<msg timestamp="20231213 17:23:14.276" level="INFO">Opening url 'https://www.portal-hro.com.br/portal/site/Multibra-Homolog/Action/Logout.aspx'</msg>
<status status="PASS" starttime="20231213 17:23:14.276" endtime="20231213 17:23:15.319"/>
</kw>
<status status="PASS" starttime="20231213 17:23:14.275" endtime="20231213 17:23:15.319"/>
</kw>
<status status="PASS" starttime="20231213 17:23:09.172" endtime="20231213 17:23:15.319"/>
</branch>
<branch type="EXCEPT">
<pattern>Error message</pattern>
<kw name="Sair da página" library="VerificarTelaDeLoginResources">
<status status="NOT RUN" starttime="20231213 17:23:15.319" endtime="20231213 17:23:15.319"/>
</kw>
<status status="NOT RUN" starttime="20231213 17:23:15.319" endtime="20231213 17:23:15.319"/>
</branch>
<status status="PASS" starttime="20231213 17:23:09.172" endtime="20231213 17:23:15.319"/>
</try>
<status status="PASS" starttime="20231213 17:23:08.050" endtime="20231213 17:23:15.319"/>
</kw>
<kw name="Login com Usuário Assistido" library="VerificarTelaDeLoginResources">
<arg>ut.coatscd.assistido1</arg>
<arg>ut.coatscd.assistido1</arg>
<try>
<branch type="TRY">
<kw name="Maximize Browser Window" library="SeleniumLibrary">
<doc>Maximizes current browser window.</doc>
<status status="PASS" starttime="20231213 17:23:15.321" endtime="20231213 17:23:15.331"/>
</kw>
<status status="PASS" starttime="20231213 17:23:15.321" endtime="20231213 17:23:15.331"/>
</branch>
<branch type="EXCEPT">
<pattern>Error message</pattern>
<kw name="Log" library="BuiltIn">
<arg>message</arg>
<doc>Logs the given message with the given level.</doc>
<status status="NOT RUN" starttime="20231213 17:23:15.331" endtime="20231213 17:23:15.331"/>
</kw>
<status status="NOT RUN" starttime="20231213 17:23:15.331" endtime="20231213 17:23:15.331"/>
</branch>
<status status="PASS" starttime="20231213 17:23:15.321" endtime="20231213 17:23:15.331"/>
</try>
<kw name="Sleep" library="BuiltIn">
<arg>1s</arg>
<doc>Pauses the test executed for the given time.</doc>
<msg timestamp="20231213 17:23:16.333" level="INFO">Slept 1 second</msg>
<status status="PASS" starttime="20231213 17:23:15.332" endtime="20231213 17:23:16.333"/>
</kw>
<try>
<branch type="TRY">
<kw name="Scroll Element Into View" library="SeleniumLibrary">
<arg>${BOTAO_ACESSAR}</arg>
<doc>Scrolls the element identified by ``locator`` into view.</doc>
<status status="PASS" starttime="20231213 17:23:16.333" endtime="20231213 17:23:16.640"/>
</kw>
<kw name="Input Text" library="SeleniumLibrary">
<arg>${CAMPO_NOME}</arg>
<arg>${Usuario}</arg>
<doc>Types the given ``text`` into the text field identified by ``locator``.</doc>
<msg timestamp="20231213 17:23:16.641" level="INFO">Typing text 'ut.coatscd.assistido1' into text field '//input[contains(@name,'ctl00$ContentPlaceHolder1$username')]'.</msg>
<status status="PASS" starttime="20231213 17:23:16.640" endtime="20231213 17:23:16.759"/>
</kw>
<kw name="Input Text" library="SeleniumLibrary">
<arg>${CAMPO_SENHA}</arg>
<arg>${Senha}</arg>
<doc>Types the given ``text`` into the text field identified by ``locator``.</doc>
<msg timestamp="20231213 17:23:16.760" level="INFO">Typing text 'ut.coatscd.assistido1' into text field '//input[contains(@name,'ctl00$ContentPlaceHolder1$password')]'.</msg>
<status status="PASS" starttime="20231213 17:23:16.759" endtime="20231213 17:23:16.859"/>
</kw>
<kw name="Run Keyword And Return Status" library="BuiltIn">
<var>${is_button_visible}</var>
<arg>Element Should Be Visible</arg>
<arg>${BOTÃO_ENTENDIDO}</arg>
<doc>Runs the given keyword with given arguments and returns the status as a Boolean value.</doc>
<kw name="Element Should Be Visible" library="SeleniumLibrary">
<arg>${BOTÃO_ENTENDIDO}</arg>
<doc>Verifies that the element identified by ``locator`` is visible.</doc>
<msg timestamp="20231213 17:23:16.990" level="INFO" html="true">&lt;/td&gt;&lt;/tr&gt;&lt;tr&gt;&lt;td colspan="3"&gt;&lt;a href="selenium-screenshot-59.png"&gt;&lt;img src="selenium-screenshot-59.png" width="800px"&gt;&lt;/a&gt;</msg>
<msg timestamp="20231213 17:23:16.990" level="FAIL">The element 'cookieButton' should be visible, but it is not.</msg>
<status status="FAIL" starttime="20231213 17:23:16.859" endtime="20231213 17:23:16.991"/>
</kw>
<msg timestamp="20231213 17:23:16.991" level="INFO">${is_button_visible} = False</msg>
<status status="PASS" starttime="20231213 17:23:16.859" endtime="20231213 17:23:16.991"/>
</kw>
<kw name="Run Keyword If" library="BuiltIn">
<arg>${is_button_visible}</arg>
<arg>Click Element</arg>
<arg>${BOTÃO_ENTENDIDO}</arg>
<doc>Runs the given keyword with the given arguments, if ``condition`` is true.</doc>
<status status="PASS" starttime="20231213 17:23:16.991" endtime="20231213 17:23:16.991"/>
</kw>
<kw name="Click Element" library="SeleniumLibrary">
<arg>${BOTAO_ACESSAR}</arg>
<doc>Click the element identified by ``locator``.</doc>
<msg timestamp="20231213 17:23:16.992" level="INFO">Clicking element 'ContentPlaceHolder1_btnEntrar2'.</msg>
<status status="PASS" starttime="20231213 17:23:16.991" endtime="20231213 17:23:18.004"/>
</kw>
<kw name="Run Keyword And Return Status" library="BuiltIn">
<var>${button_existence}</var>
<arg>Page Should Contain Element</arg>
<arg>btnFechar</arg>
<doc>Runs the given keyword with given arguments and returns the status as a Boolean value.</doc>
<kw name="Page Should Contain Element" library="SeleniumLibrary">
<arg>btnFechar</arg>
<doc>Verifies that element ``locator`` is found on the current page.</doc>
<msg timestamp="20231213 17:23:18.016" level="INFO">Current page contains element 'btnFechar'.</msg>
<status status="PASS" starttime="20231213 17:23:18.004" endtime="20231213 17:23:18.016"/>
</kw>
<msg timestamp="20231213 17:23:18.016" level="INFO">${button_existence} = True</msg>
<status status="PASS" starttime="20231213 17:23:18.004" endtime="20231213 17:23:18.016"/>
</kw>
<kw name="Run Keyword If" library="BuiltIn">
<arg>'${button_existence}' == 'True'</arg>
<arg>Create List</arg>
<arg>${Usuario}</arg>
<doc>Runs the given keyword with the given arguments, if ``condition`` is true.</doc>
<kw name="Create List" library="BuiltIn">
<arg>${Usuario}</arg>
<doc>Returns a list containing given items.</doc>
<status status="PASS" starttime="20231213 17:23:18.018" endtime="20231213 17:23:18.018"/>
</kw>
<status status="PASS" starttime="20231213 17:23:18.016" endtime="20231213 17:23:18.018"/>
</kw>
<kw name="Run Keyword If" library="BuiltIn">
<arg>'${button_existence}' == 'True'</arg>
<arg>Click Element</arg>
<arg>btnFechar</arg>
<doc>Runs the given keyword with the given arguments, if ``condition`` is true.</doc>
<kw name="Click Element" library="SeleniumLibrary">
<arg>btnFechar</arg>
<doc>Click the element identified by ``locator``.</doc>
<msg timestamp="20231213 17:23:18.019" level="INFO">Clicking element 'btnFechar'.</msg>
<status status="PASS" starttime="20231213 17:23:18.019" endtime="20231213 17:23:18.069"/>
</kw>
<status status="PASS" starttime="20231213 17:23:18.019" endtime="20231213 17:23:18.069"/>
</kw>
<kw name="Quando clicar em menu lateral" library="VerificarTelaDeLoginResources">
<kw name="Click Element" library="SeleniumLibrary">
<arg>${MENU_LATERAL_SAND}</arg>
<doc>Click the element identified by ``locator``.</doc>
<msg timestamp="20231213 17:23:18.070" level="INFO">Clicking element '//img[contains(@alt,'Menu')]'.</msg>
<msg timestamp="20231213 17:23:18.213" level="INFO" html="true">&lt;/td&gt;&lt;/tr&gt;&lt;tr&gt;&lt;td colspan="3"&gt;&lt;a href="selenium-screenshot-60.png"&gt;&lt;img src="selenium-screenshot-60.png" width="800px"&gt;&lt;/a&gt;</msg>
<msg timestamp="20231213 17:23:18.213" level="FAIL">Element with locator '//img[contains(@alt,'Menu')]' not found.</msg>
<status status="FAIL" starttime="20231213 17:23:18.070" endtime="20231213 17:23:18.217"/>
</kw>
<status status="FAIL" starttime="20231213 17:23:18.070" endtime="20231213 17:23:18.217"/>
</kw>
<kw name="Sair da página" library="VerificarTelaDeLoginResources">
<status status="NOT RUN" starttime="20231213 17:23:18.218" endtime="20231213 17:23:18.218"/>
</kw>
<status status="FAIL" starttime="20231213 17:23:16.333" endtime="20231213 17:23:18.218"/>
</branch>
<branch type="EXCEPT">
<pattern>Error message</pattern>
<kw name="Sair da página" library="VerificarTelaDeLoginResources">
<status status="NOT RUN" starttime="20231213 17:23:18.218" endtime="20231213 17:23:18.218"/>
</kw>
<status status="NOT RUN" starttime="20231213 17:23:18.218" endtime="20231213 17:23:18.218"/>
</branch>
<status status="FAIL" starttime="20231213 17:23:16.333" endtime="20231213 17:23:18.218"/>
</try>
<status status="FAIL" starttime="20231213 17:23:15.321" endtime="20231213 17:23:18.218"/>
</kw>
<kw name="Login com Usuário Assistido" library="VerificarTelaDeLoginResources">
<arg>ut.phillipmorris.assistido1</arg>
<arg>ut.phillipmorris.assistido1</arg>
<try>
<branch type="TRY">
<kw name="Maximize Browser Window" library="SeleniumLibrary">
<doc>Maximizes current browser window.</doc>
<status status="PASS" starttime="20231213 17:23:18.221" endtime="20231213 17:23:18.224"/>
</kw>
<status status="PASS" starttime="20231213 17:23:18.220" endtime="20231213 17:23:18.224"/>
</branch>
<branch type="EXCEPT">
<pattern>Error message</pattern>
<kw name="Log" library="BuiltIn">
<arg>message</arg>
<doc>Logs the given message with the given level.</doc>
<status status="NOT RUN" starttime="20231213 17:23:18.224" endtime="20231213 17:23:18.225"/>
</kw>
<status status="NOT RUN" starttime="20231213 17:23:18.224" endtime="20231213 17:23:18.225"/>
</branch>
<status status="PASS" starttime="20231213 17:23:18.220" endtime="20231213 17:23:18.225"/>
</try>
<kw name="Sleep" library="BuiltIn">
<arg>1s</arg>
<doc>Pauses the test executed for the given time.</doc>
<msg timestamp="20231213 17:23:19.225" level="INFO">Slept 1 second</msg>
<status status="PASS" starttime="20231213 17:23:18.225" endtime="20231213 17:23:19.225"/>
</kw>
<try>
<branch type="TRY">
<kw name="Scroll Element Into View" library="SeleniumLibrary">
<arg>${BOTAO_ACESSAR}</arg>
<doc>Scrolls the element identified by ``locator`` into view.</doc>
<status status="PASS" starttime="20231213 17:23:19.225" endtime="20231213 17:23:19.521"/>
</kw>
<kw name="Input Text" library="SeleniumLibrary">
<arg>${CAMPO_NOME}</arg>
<arg>${Usuario}</arg>
<doc>Types the given ``text`` into the text field identified by ``locator``.</doc>
<msg timestamp="20231213 17:23:19.521" level="INFO">Typing text 'ut.phillipmorris.assistido1' into text field '//input[contains(@name,'ctl00$ContentPlaceHolder1$username')]'.</msg>
<status status="PASS" starttime="20231213 17:23:19.521" endtime="20231213 17:23:19.661"/>
</kw>
<kw name="Input Text" library="SeleniumLibrary">
<arg>${CAMPO_SENHA}</arg>
<arg>${Senha}</arg>
<doc>Types the given ``text`` into the text field identified by ``locator``.</doc>
<msg timestamp="20231213 17:23:19.661" level="INFO">Typing text 'ut.phillipmorris.assistido1' into text field '//input[contains(@name,'ctl00$ContentPlaceHolder1$password')]'.</msg>
<status status="PASS" starttime="20231213 17:23:19.661" endtime="20231213 17:23:19.720"/>
</kw>
<kw name="Run Keyword And Return Status" library="BuiltIn">
<var>${is_button_visible}</var>
<arg>Element Should Be Visible</arg>
<arg>${BOTÃO_ENTENDIDO}</arg>
<doc>Runs the given keyword with given arguments and returns the status as a Boolean value.</doc>
<kw name="Element Should Be Visible" library="SeleniumLibrary">
<arg>${BOTÃO_ENTENDIDO}</arg>
<doc>Verifies that the element identified by ``locator`` is visible.</doc>
<msg timestamp="20231213 17:23:19.854" level="INFO" html="true">&lt;/td&gt;&lt;/tr&gt;&lt;tr&gt;&lt;td colspan="3"&gt;&lt;a href="selenium-screenshot-61.png"&gt;&lt;img src="selenium-screenshot-61.png" width="800px"&gt;&lt;/a&gt;</msg>
<msg timestamp="20231213 17:23:19.854" level="FAIL">The element 'cookieButton' should be visible, but it is not.</msg>
<status status="FAIL" starttime="20231213 17:23:19.720" endtime="20231213 17:23:19.854"/>
</kw>
<msg timestamp="20231213 17:23:19.854" level="INFO">${is_button_visible} = False</msg>
<status status="PASS" starttime="20231213 17:23:19.720" endtime="20231213 17:23:19.856"/>
</kw>
<kw name="Run Keyword If" library="BuiltIn">
<arg>${is_button_visible}</arg>
<arg>Click Element</arg>
<arg>${BOTÃO_ENTENDIDO}</arg>
<doc>Runs the given keyword with the given arguments, if ``condition`` is true.</doc>
<status status="PASS" starttime="20231213 17:23:19.856" endtime="20231213 17:23:19.856"/>
</kw>
<kw name="Click Element" library="SeleniumLibrary">
<arg>${BOTAO_ACESSAR}</arg>
<doc>Click the element identified by ``locator``.</doc>
<msg timestamp="20231213 17:23:19.857" level="INFO">Clicking element 'ContentPlaceHolder1_btnEntrar2'.</msg>
<status status="PASS" starttime="20231213 17:23:19.856" endtime="20231213 17:23:21.845"/>
</kw>
<kw name="Run Keyword And Return Status" library="BuiltIn">
<var>${button_existence}</var>
<arg>Page Should Contain Element</arg>
<arg>btnFechar</arg>
<doc>Runs the given keyword with given arguments and returns the status as a Boolean value.</doc>
<kw name="Page Should Contain Element" library="SeleniumLibrary">
<arg>btnFechar</arg>
<doc>Verifies that element ``locator`` is found on the current page.</doc>
<msg timestamp="20231213 17:23:21.858" level="INFO">Current page contains element 'btnFechar'.</msg>
<status status="PASS" starttime="20231213 17:23:21.846" endtime="20231213 17:23:21.858"/>
</kw>
<msg timestamp="20231213 17:23:21.858" level="INFO">${button_existence} = True</msg>
<status status="PASS" starttime="20231213 17:23:21.846" endtime="20231213 17:23:21.858"/>
</kw>
<kw name="Run Keyword If" library="BuiltIn">
<arg>'${button_existence}' == 'True'</arg>
<arg>Create List</arg>
<arg>${Usuario}</arg>
<doc>Runs the given keyword with the given arguments, if ``condition`` is true.</doc>
<kw name="Create List" library="BuiltIn">
<arg>${Usuario}</arg>
<doc>Returns a list containing given items.</doc>
<status status="PASS" starttime="20231213 17:23:21.858" endtime="20231213 17:23:21.858"/>
</kw>
<status status="PASS" starttime="20231213 17:23:21.858" endtime="20231213 17:23:21.858"/>
</kw>
<kw name="Run Keyword If" library="BuiltIn">
<arg>'${button_existence}' == 'True'</arg>
<arg>Click Element</arg>
<arg>btnFechar</arg>
<doc>Runs the given keyword with the given arguments, if ``condition`` is true.</doc>
<kw name="Click Element" library="SeleniumLibrary">
<arg>btnFechar</arg>
<doc>Click the element identified by ``locator``.</doc>
<msg timestamp="20231213 17:23:21.859" level="INFO">Clicking element 'btnFechar'.</msg>
<status status="PASS" starttime="20231213 17:23:21.859" endtime="20231213 17:23:21.919"/>
</kw>
<status status="PASS" starttime="20231213 17:23:21.859" endtime="20231213 17:23:21.920"/>
</kw>
<kw name="Quando clicar em menu lateral" library="VerificarTelaDeLoginResources">
<kw name="Click Element" library="SeleniumLibrary">
<arg>${MENU_LATERAL_SAND}</arg>
<doc>Click the element identified by ``locator``.</doc>
<msg timestamp="20231213 17:23:21.920" level="INFO">Clicking element '//img[contains(@alt,'Menu')]'.</msg>
<msg timestamp="20231213 17:23:22.035" level="INFO" html="true">&lt;/td&gt;&lt;/tr&gt;&lt;tr&gt;&lt;td colspan="3"&gt;&lt;a href="selenium-screenshot-62.png"&gt;&lt;img src="selenium-screenshot-62.png" width="800px"&gt;&lt;/a&gt;</msg>
<msg timestamp="20231213 17:23:22.035" level="FAIL">Element with locator '//img[contains(@alt,'Menu')]' not found.</msg>
<status status="FAIL" starttime="20231213 17:23:21.920" endtime="20231213 17:23:22.037"/>
</kw>
<status status="FAIL" starttime="20231213 17:23:21.920" endtime="20231213 17:23:22.037"/>
</kw>
<kw name="Sair da página" library="VerificarTelaDeLoginResources">
<status status="NOT RUN" starttime="20231213 17:23:22.037" endtime="20231213 17:23:22.038"/>
</kw>
<status status="FAIL" starttime="20231213 17:23:19.225" endtime="20231213 17:23:22.038"/>
</branch>
<branch type="EXCEPT">
<pattern>Error message</pattern>
<kw name="Sair da página" library="VerificarTelaDeLoginResources">
<status status="NOT RUN" starttime="20231213 17:23:22.038" endtime="20231213 17:23:22.038"/>
</kw>
<status status="NOT RUN" starttime="20231213 17:23:22.038" endtime="20231213 17:23:22.038"/>
</branch>
<status status="FAIL" starttime="20231213 17:23:19.225" endtime="20231213 17:23:22.038"/>
</try>
<status status="FAIL" starttime="20231213 17:23:18.220" endtime="20231213 17:23:22.038"/>
</kw>
<kw name="Login com Usuário Assistido" library="VerificarTelaDeLoginResources">
<arg>ut.nadirprev.assistido1</arg>
<arg>ut.nadirprev.assistido1</arg>
<try>
<branch type="TRY">
<kw name="Maximize Browser Window" library="SeleniumLibrary">
<doc>Maximizes current browser window.</doc>
<status status="PASS" starttime="20231213 17:23:22.039" endtime="20231213 17:23:22.043"/>
</kw>
<status status="PASS" starttime="20231213 17:23:22.039" endtime="20231213 17:23:22.043"/>
</branch>
<branch type="EXCEPT">
<pattern>Error message</pattern>
<kw name="Log" library="BuiltIn">
<arg>message</arg>
<doc>Logs the given message with the given level.</doc>
<status status="NOT RUN" starttime="20231213 17:23:22.044" endtime="20231213 17:23:22.044"/>
</kw>
<status status="NOT RUN" starttime="20231213 17:23:22.044" endtime="20231213 17:23:22.044"/>
</branch>
<status status="PASS" starttime="20231213 17:23:22.039" endtime="20231213 17:23:22.044"/>
</try>
<kw name="Sleep" library="BuiltIn">
<arg>1s</arg>
<doc>Pauses the test executed for the given time.</doc>
<msg timestamp="20231213 17:23:23.044" level="INFO">Slept 1 second</msg>
<status status="PASS" starttime="20231213 17:23:22.044" endtime="20231213 17:23:23.044"/>
</kw>
<try>
<branch type="TRY">
<kw name="Scroll Element Into View" library="SeleniumLibrary">
<arg>${BOTAO_ACESSAR}</arg>
<doc>Scrolls the element identified by ``locator`` into view.</doc>
<status status="PASS" starttime="20231213 17:23:23.044" endtime="20231213 17:23:23.344"/>
</kw>
<kw name="Input Text" library="SeleniumLibrary">
<arg>${CAMPO_NOME}</arg>
<arg>${Usuario}</arg>
<doc>Types the given ``text`` into the text field identified by ``locator``.</doc>
<msg timestamp="20231213 17:23:23.345" level="INFO">Typing text 'ut.nadirprev.assistido1' into text field '//input[contains(@name,'ctl00$ContentPlaceHolder1$username')]'.</msg>
<status status="PASS" starttime="20231213 17:23:23.344" endtime="20231213 17:23:23.436"/>
</kw>
<kw name="Input Text" library="SeleniumLibrary">
<arg>${CAMPO_SENHA}</arg>
<arg>${Senha}</arg>
<doc>Types the given ``text`` into the text field identified by ``locator``.</doc>
<msg timestamp="20231213 17:23:23.437" level="INFO">Typing text 'ut.nadirprev.assistido1' into text field '//input[contains(@name,'ctl00$ContentPlaceHolder1$password')]'.</msg>
<status status="PASS" starttime="20231213 17:23:23.437" endtime="20231213 17:23:23.507"/>
</kw>
<kw name="Run Keyword And Return Status" library="BuiltIn">
<var>${is_button_visible}</var>
<arg>Element Should Be Visible</arg>
<arg>${BOTÃO_ENTENDIDO}</arg>
<doc>Runs the given keyword with given arguments and returns the status as a Boolean value.</doc>
<kw name="Element Should Be Visible" library="SeleniumLibrary">
<arg>${BOTÃO_ENTENDIDO}</arg>
<doc>Verifies that the element identified by ``locator`` is visible.</doc>
<msg timestamp="20231213 17:23:23.617" level="INFO" html="true">&lt;/td&gt;&lt;/tr&gt;&lt;tr&gt;&lt;td colspan="3"&gt;&lt;a href="selenium-screenshot-63.png"&gt;&lt;img src="selenium-screenshot-63.png" width="800px"&gt;&lt;/a&gt;</msg>
<msg timestamp="20231213 17:23:23.617" level="FAIL">The element 'cookieButton' should be visible, but it is not.</msg>
<status status="FAIL" starttime="20231213 17:23:23.507" endtime="20231213 17:23:23.618"/>
</kw>
<msg timestamp="20231213 17:23:23.618" level="INFO">${is_button_visible} = False</msg>
<status status="PASS" starttime="20231213 17:23:23.507" endtime="20231213 17:23:23.618"/>
</kw>
<kw name="Run Keyword If" library="BuiltIn">
<arg>${is_button_visible}</arg>
<arg>Click Element</arg>
<arg>${BOTÃO_ENTENDIDO}</arg>
<doc>Runs the given keyword with the given arguments, if ``condition`` is true.</doc>
<status status="PASS" starttime="20231213 17:23:23.618" endtime="20231213 17:23:23.618"/>
</kw>
<kw name="Click Element" library="SeleniumLibrary">
<arg>${BOTAO_ACESSAR}</arg>
<doc>Click the element identified by ``locator``.</doc>
<msg timestamp="20231213 17:23:23.619" level="INFO">Clicking element 'ContentPlaceHolder1_btnEntrar2'.</msg>
<status status="PASS" starttime="20231213 17:23:23.618" endtime="20231213 17:23:27.461"/>
</kw>
<kw name="Run Keyword And Return Status" library="BuiltIn">
<var>${button_existence}</var>
<arg>Page Should Contain Element</arg>
<arg>btnFechar</arg>
<doc>Runs the given keyword with given arguments and returns the status as a Boolean value.</doc>
<kw name="Page Should Contain Element" library="SeleniumLibrary">
<arg>btnFechar</arg>
<doc>Verifies that element ``locator`` is found on the current page.</doc>
<msg timestamp="20231213 17:23:27.650" level="INFO" html="true">&lt;/td&gt;&lt;/tr&gt;&lt;tr&gt;&lt;td colspan="3"&gt;&lt;a href="selenium-screenshot-64.png"&gt;&lt;img src="selenium-screenshot-64.png" width="800px"&gt;&lt;/a&gt;</msg>
<msg timestamp="20231213 17:23:27.651" level="FAIL">Page should have contained element 'btnFechar' but did not.</msg>
<status status="FAIL" starttime="20231213 17:23:27.461" endtime="20231213 17:23:27.651"/>
</kw>
<msg timestamp="20231213 17:23:27.651" level="INFO">${button_existence} = False</msg>
<status status="PASS" starttime="20231213 17:23:27.461" endtime="20231213 17:23:27.651"/>
</kw>
<kw name="Run Keyword If" library="BuiltIn">
<arg>'${button_existence}' == 'True'</arg>
<arg>Create List</arg>
<arg>${Usuario}</arg>
<doc>Runs the given keyword with the given arguments, if ``condition`` is true.</doc>
<status status="PASS" starttime="20231213 17:23:27.651" endtime="20231213 17:23:27.652"/>
</kw>
<kw name="Run Keyword If" library="BuiltIn">
<arg>'${button_existence}' == 'True'</arg>
<arg>Click Element</arg>
<arg>btnFechar</arg>
<doc>Runs the given keyword with the given arguments, if ``condition`` is true.</doc>
<status status="PASS" starttime="20231213 17:23:27.652" endtime="20231213 17:23:27.652"/>
</kw>
<kw name="Quando clicar em menu lateral" library="VerificarTelaDeLoginResources">
<kw name="Click Element" library="SeleniumLibrary">
<arg>${MENU_LATERAL_SAND}</arg>
<doc>Click the element identified by ``locator``.</doc>
<msg timestamp="20231213 17:23:27.654" level="INFO">Clicking element '//img[contains(@alt,'Menu')]'.</msg>
<status status="PASS" starttime="20231213 17:23:27.653" endtime="20231213 17:23:27.691"/>
</kw>
<status status="PASS" starttime="20231213 17:23:27.653" endtime="20231213 17:23:27.691"/>
</kw>
<kw name="Sair da página" library="VerificarTelaDeLoginResources">
<kw name="Go To" library="SeleniumLibrary">
<arg>https://www.portal-hro.com.br/portal/site/Multibra-Homolog/Action/Logout.aspx</arg>
<doc>Navigates the current browser window to the provided ``url``.</doc>
<msg timestamp="20231213 17:23:27.691" level="INFO">Opening url 'https://www.portal-hro.com.br/portal/site/Multibra-Homolog/Action/Logout.aspx'</msg>
<status status="PASS" starttime="20231213 17:23:27.691" endtime="20231213 17:23:28.573"/>
</kw>
<status status="PASS" starttime="20231213 17:23:27.691" endtime="20231213 17:23:28.574"/>
</kw>
<status status="PASS" starttime="20231213 17:23:23.044" endtime="20231213 17:23:28.574"/>
</branch>
<branch type="EXCEPT">
<pattern>Error message</pattern>
<kw name="Sair da página" library="VerificarTelaDeLoginResources">
<status status="NOT RUN" starttime="20231213 17:23:28.574" endtime="20231213 17:23:28.574"/>
</kw>
<status status="NOT RUN" starttime="20231213 17:23:28.574" endtime="20231213 17:23:28.574"/>
</branch>
<status status="PASS" starttime="20231213 17:23:23.044" endtime="20231213 17:23:28.574"/>
</try>
<status status="PASS" starttime="20231213 17:23:22.039" endtime="20231213 17:23:28.574"/>
</kw>
<kw name="Login com Usuário Assistido" library="VerificarTelaDeLoginResources">
<arg>ut.rabobank.assistido1</arg>
<arg>ut.rabobank.assistido1</arg>
<try>
<branch type="TRY">
<kw name="Maximize Browser Window" library="SeleniumLibrary">
<doc>Maximizes current browser window.</doc>
<status status="PASS" starttime="20231213 17:23:28.575" endtime="20231213 17:23:28.578"/>
</kw>
<status status="PASS" starttime="20231213 17:23:28.575" endtime="20231213 17:23:28.578"/>
</branch>
<branch type="EXCEPT">
<pattern>Error message</pattern>
<kw name="Log" library="BuiltIn">
<arg>message</arg>
<doc>Logs the given message with the given level.</doc>
<status status="NOT RUN" starttime="20231213 17:23:28.578" endtime="20231213 17:23:28.578"/>
</kw>
<status status="NOT RUN" starttime="20231213 17:23:28.578" endtime="20231213 17:23:28.578"/>
</branch>
<status status="PASS" starttime="20231213 17:23:28.575" endtime="20231213 17:23:28.578"/>
</try>
<kw name="Sleep" library="BuiltIn">
<arg>1s</arg>
<doc>Pauses the test executed for the given time.</doc>
<msg timestamp="20231213 17:23:29.578" level="INFO">Slept 1 second</msg>
<status status="PASS" starttime="20231213 17:23:28.578" endtime="20231213 17:23:29.578"/>
</kw>
<try>
<branch type="TRY">
<kw name="Scroll Element Into View" library="SeleniumLibrary">
<arg>${BOTAO_ACESSAR}</arg>
<doc>Scrolls the element identified by ``locator`` into view.</doc>
<status status="PASS" starttime="20231213 17:23:29.578" endtime="20231213 17:23:29.855"/>
</kw>
<kw name="Input Text" library="SeleniumLibrary">
<arg>${CAMPO_NOME}</arg>
<arg>${Usuario}</arg>
<doc>Types the given ``text`` into the text field identified by ``locator``.</doc>
<msg timestamp="20231213 17:23:29.855" level="INFO">Typing text 'ut.rabobank.assistido1' into text field '//input[contains(@name,'ctl00$ContentPlaceHolder1$username')]'.</msg>
<status status="PASS" starttime="20231213 17:23:29.855" endtime="20231213 17:23:29.913"/>
</kw>
<kw name="Input Text" library="SeleniumLibrary">
<arg>${CAMPO_SENHA}</arg>
<arg>${Senha}</arg>
<doc>Types the given ``text`` into the text field identified by ``locator``.</doc>
<msg timestamp="20231213 17:23:29.914" level="INFO">Typing text 'ut.rabobank.assistido1' into text field '//input[contains(@name,'ctl00$ContentPlaceHolder1$password')]'.</msg>
<status status="PASS" starttime="20231213 17:23:29.913" endtime="20231213 17:23:29.987"/>
</kw>
<kw name="Run Keyword And Return Status" library="BuiltIn">
<var>${is_button_visible}</var>
<arg>Element Should Be Visible</arg>
<arg>${BOTÃO_ENTENDIDO}</arg>
<doc>Runs the given keyword with given arguments and returns the status as a Boolean value.</doc>
<kw name="Element Should Be Visible" library="SeleniumLibrary">
<arg>${BOTÃO_ENTENDIDO}</arg>
<doc>Verifies that the element identified by ``locator`` is visible.</doc>
<msg timestamp="20231213 17:23:30.095" level="INFO" html="true">&lt;/td&gt;&lt;/tr&gt;&lt;tr&gt;&lt;td colspan="3"&gt;&lt;a href="selenium-screenshot-65.png"&gt;&lt;img src="selenium-screenshot-65.png" width="800px"&gt;&lt;/a&gt;</msg>
<msg timestamp="20231213 17:23:30.095" level="FAIL">The element 'cookieButton' should be visible, but it is not.</msg>
<status status="FAIL" starttime="20231213 17:23:29.987" endtime="20231213 17:23:30.096"/>
</kw>
<msg timestamp="20231213 17:23:30.096" level="INFO">${is_button_visible} = False</msg>
<status status="PASS" starttime="20231213 17:23:29.987" endtime="20231213 17:23:30.096"/>
</kw>
<kw name="Run Keyword If" library="BuiltIn">
<arg>${is_button_visible}</arg>
<arg>Click Element</arg>
<arg>${BOTÃO_ENTENDIDO}</arg>
<doc>Runs the given keyword with the given arguments, if ``condition`` is true.</doc>
<status status="PASS" starttime="20231213 17:23:30.096" endtime="20231213 17:23:30.096"/>
</kw>
<kw name="Click Element" library="SeleniumLibrary">
<arg>${BOTAO_ACESSAR}</arg>
<doc>Click the element identified by ``locator``.</doc>
<msg timestamp="20231213 17:23:30.097" level="INFO">Clicking element 'ContentPlaceHolder1_btnEntrar2'.</msg>
<status status="PASS" starttime="20231213 17:23:30.096" endtime="20231213 17:23:33.411"/>
</kw>
<kw name="Run Keyword And Return Status" library="BuiltIn">
<var>${button_existence}</var>
<arg>Page Should Contain Element</arg>
<arg>btnFechar</arg>
<doc>Runs the given keyword with given arguments and returns the status as a Boolean value.</doc>
<kw name="Page Should Contain Element" library="SeleniumLibrary">
<arg>btnFechar</arg>
<doc>Verifies that element ``locator`` is found on the current page.</doc>
<msg timestamp="20231213 17:23:33.606" level="INFO" html="true">&lt;/td&gt;&lt;/tr&gt;&lt;tr&gt;&lt;td colspan="3"&gt;&lt;a href="selenium-screenshot-66.png"&gt;&lt;img src="selenium-screenshot-66.png" width="800px"&gt;&lt;/a&gt;</msg>
<msg timestamp="20231213 17:23:33.606" level="FAIL">Page should have contained element 'btnFechar' but did not.</msg>
<status status="FAIL" starttime="20231213 17:23:33.411" endtime="20231213 17:23:33.607"/>
</kw>
<msg timestamp="20231213 17:23:33.607" level="INFO">${button_existence} = False</msg>
<status status="PASS" starttime="20231213 17:23:33.411" endtime="20231213 17:23:33.607"/>
</kw>
<kw name="Run Keyword If" library="BuiltIn">
<arg>'${button_existence}' == 'True'</arg>
<arg>Create List</arg>
<arg>${Usuario}</arg>
<doc>Runs the given keyword with the given arguments, if ``condition`` is true.</doc>
<status status="PASS" starttime="20231213 17:23:33.608" endtime="20231213 17:23:33.608"/>
</kw>
<kw name="Run Keyword If" library="BuiltIn">
<arg>'${button_existence}' == 'True'</arg>
<arg>Click Element</arg>
<arg>btnFechar</arg>
<doc>Runs the given keyword with the given arguments, if ``condition`` is true.</doc>
<status status="PASS" starttime="20231213 17:23:33.608" endtime="20231213 17:23:33.608"/>
</kw>
<kw name="Quando clicar em menu lateral" library="VerificarTelaDeLoginResources">
<kw name="Click Element" library="SeleniumLibrary">
<arg>${MENU_LATERAL_SAND}</arg>
<doc>Click the element identified by ``locator``.</doc>
<msg timestamp="20231213 17:23:33.609" level="INFO">Clicking element '//img[contains(@alt,'Menu')]'.</msg>
<status status="PASS" starttime="20231213 17:23:33.609" endtime="20231213 17:23:33.665"/>
</kw>
<status status="PASS" starttime="20231213 17:23:33.608" endtime="20231213 17:23:33.665"/>
</kw>
<kw name="Sair da página" library="VerificarTelaDeLoginResources">
<kw name="Go To" library="SeleniumLibrary">
<arg>https://www.portal-hro.com.br/portal/site/Multibra-Homolog/Action/Logout.aspx</arg>
<doc>Navigates the current browser window to the provided ``url``.</doc>
<msg timestamp="20231213 17:23:33.665" level="INFO">Opening url 'https://www.portal-hro.com.br/portal/site/Multibra-Homolog/Action/Logout.aspx'</msg>
<status status="PASS" starttime="20231213 17:23:33.665" endtime="20231213 17:23:34.620"/>
</kw>
<status status="PASS" starttime="20231213 17:23:33.665" endtime="20231213 17:23:34.620"/>
</kw>
<status status="PASS" starttime="20231213 17:23:29.578" endtime="20231213 17:23:34.620"/>
</branch>
<branch type="EXCEPT">
<pattern>Error message</pattern>
<kw name="Sair da página" library="VerificarTelaDeLoginResources">
<status status="NOT RUN" starttime="20231213 17:23:34.620" endtime="20231213 17:23:34.620"/>
</kw>
<status status="NOT RUN" starttime="20231213 17:23:34.620" endtime="20231213 17:23:34.620"/>
</branch>
<status status="PASS" starttime="20231213 17:23:29.578" endtime="20231213 17:23:34.620"/>
</try>
<status status="PASS" starttime="20231213 17:23:28.574" endtime="20231213 17:23:34.620"/>
</kw>
<kw name="Login com Usuário Assistido" library="VerificarTelaDeLoginResources">
<arg>ut.tecprev.assistido1</arg>
<arg>ut.tecprev.assistido1</arg>
<try>
<branch type="TRY">
<kw name="Maximize Browser Window" library="SeleniumLibrary">
<doc>Maximizes current browser window.</doc>
<status status="PASS" starttime="20231213 17:23:34.621" endtime="20231213 17:23:34.623"/>
</kw>
<status status="PASS" starttime="20231213 17:23:34.621" endtime="20231213 17:23:34.623"/>
</branch>
<branch type="EXCEPT">
<pattern>Error message</pattern>
<kw name="Log" library="BuiltIn">
<arg>message</arg>
<doc>Logs the given message with the given level.</doc>
<status status="NOT RUN" starttime="20231213 17:23:34.623" endtime="20231213 17:23:34.623"/>
</kw>
<status status="NOT RUN" starttime="20231213 17:23:34.623" endtime="20231213 17:23:34.623"/>
</branch>
<status status="PASS" starttime="20231213 17:23:34.621" endtime="20231213 17:23:34.623"/>
</try>
<kw name="Sleep" library="BuiltIn">
<arg>1s</arg>
<doc>Pauses the test executed for the given time.</doc>
<msg timestamp="20231213 17:23:35.624" level="INFO">Slept 1 second</msg>
<status status="PASS" starttime="20231213 17:23:34.623" endtime="20231213 17:23:35.624"/>
</kw>
<try>
<branch type="TRY">
<kw name="Scroll Element Into View" library="SeleniumLibrary">
<arg>${BOTAO_ACESSAR}</arg>
<doc>Scrolls the element identified by ``locator`` into view.</doc>
<status status="PASS" starttime="20231213 17:23:35.624" endtime="20231213 17:23:35.921"/>
</kw>
<kw name="Input Text" library="SeleniumLibrary">
<arg>${CAMPO_NOME}</arg>
<arg>${Usuario}</arg>
<doc>Types the given ``text`` into the text field identified by ``locator``.</doc>
<msg timestamp="20231213 17:23:35.921" level="INFO">Typing text 'ut.tecprev.assistido1' into text field '//input[contains(@name,'ctl00$ContentPlaceHolder1$username')]'.</msg>
<status status="PASS" starttime="20231213 17:23:35.921" endtime="20231213 17:23:36.010"/>
</kw>
<kw name="Input Text" library="SeleniumLibrary">
<arg>${CAMPO_SENHA}</arg>
<arg>${Senha}</arg>
<doc>Types the given ``text`` into the text field identified by ``locator``.</doc>
<msg timestamp="20231213 17:23:36.011" level="INFO">Typing text 'ut.tecprev.assistido1' into text field '//input[contains(@name,'ctl00$ContentPlaceHolder1$password')]'.</msg>
<status status="PASS" starttime="20231213 17:23:36.010" endtime="20231213 17:23:36.076"/>
</kw>
<kw name="Run Keyword And Return Status" library="BuiltIn">
<var>${is_button_visible}</var>
<arg>Element Should Be Visible</arg>
<arg>${BOTÃO_ENTENDIDO}</arg>
<doc>Runs the given keyword with given arguments and returns the status as a Boolean value.</doc>
<kw name="Element Should Be Visible" library="SeleniumLibrary">
<arg>${BOTÃO_ENTENDIDO}</arg>
<doc>Verifies that the element identified by ``locator`` is visible.</doc>
<msg timestamp="20231213 17:23:36.197" level="INFO" html="true">&lt;/td&gt;&lt;/tr&gt;&lt;tr&gt;&lt;td colspan="3"&gt;&lt;a href="selenium-screenshot-67.png"&gt;&lt;img src="selenium-screenshot-67.png" width="800px"&gt;&lt;/a&gt;</msg>
<msg timestamp="20231213 17:23:36.197" level="FAIL">The element 'cookieButton' should be visible, but it is not.</msg>
<status status="FAIL" starttime="20231213 17:23:36.076" endtime="20231213 17:23:36.198"/>
</kw>
<msg timestamp="20231213 17:23:36.199" level="INFO">${is_button_visible} = False</msg>
<status status="PASS" starttime="20231213 17:23:36.076" endtime="20231213 17:23:36.199"/>
</kw>
<kw name="Run Keyword If" library="BuiltIn">
<arg>${is_button_visible}</arg>
<arg>Click Element</arg>
<arg>${BOTÃO_ENTENDIDO}</arg>
<doc>Runs the given keyword with the given arguments, if ``condition`` is true.</doc>
<status status="PASS" starttime="20231213 17:23:36.199" endtime="20231213 17:23:36.199"/>
</kw>
<kw name="Click Element" library="SeleniumLibrary">
<arg>${BOTAO_ACESSAR}</arg>
<doc>Click the element identified by ``locator``.</doc>
<msg timestamp="20231213 17:23:36.199" level="INFO">Clicking element 'ContentPlaceHolder1_btnEntrar2'.</msg>
<status status="PASS" starttime="20231213 17:23:36.199" endtime="20231213 17:23:37.955"/>
</kw>
<kw name="Run Keyword And Return Status" library="BuiltIn">
<var>${button_existence}</var>
<arg>Page Should Contain Element</arg>
<arg>btnFechar</arg>
<doc>Runs the given keyword with given arguments and returns the status as a Boolean value.</doc>
<kw name="Page Should Contain Element" library="SeleniumLibrary">
<arg>btnFechar</arg>
<doc>Verifies that element ``locator`` is found on the current page.</doc>
<msg timestamp="20231213 17:23:38.173" level="INFO" html="true">&lt;/td&gt;&lt;/tr&gt;&lt;tr&gt;&lt;td colspan="3"&gt;&lt;a href="selenium-screenshot-68.png"&gt;&lt;img src="selenium-screenshot-68.png" width="800px"&gt;&lt;/a&gt;</msg>
<msg timestamp="20231213 17:23:38.173" level="FAIL">Page should have contained element 'btnFechar' but did not.</msg>
<status status="FAIL" starttime="20231213 17:23:37.956" endtime="20231213 17:23:38.173"/>
</kw>
<msg timestamp="20231213 17:23:38.173" level="INFO">${button_existence} = False</msg>
<status status="PASS" starttime="20231213 17:23:37.956" endtime="20231213 17:23:38.173"/>
</kw>
<kw name="Run Keyword If" library="BuiltIn">
<arg>'${button_existence}' == 'True'</arg>
<arg>Create List</arg>
<arg>${Usuario}</arg>
<doc>Runs the given keyword with the given arguments, if ``condition`` is true.</doc>
<status status="PASS" starttime="20231213 17:23:38.173" endtime="20231213 17:23:38.174"/>
</kw>
<kw name="Run Keyword If" library="BuiltIn">
<arg>'${button_existence}' == 'True'</arg>
<arg>Click Element</arg>
<arg>btnFechar</arg>
<doc>Runs the given keyword with the given arguments, if ``condition`` is true.</doc>
<status status="PASS" starttime="20231213 17:23:38.174" endtime="20231213 17:23:38.174"/>
</kw>
<kw name="Quando clicar em menu lateral" library="VerificarTelaDeLoginResources">
<kw name="Click Element" library="SeleniumLibrary">
<arg>${MENU_LATERAL_SAND}</arg>
<doc>Click the element identified by ``locator``.</doc>
<msg timestamp="20231213 17:23:38.174" level="INFO">Clicking element '//img[contains(@alt,'Menu')]'.</msg>
<status status="PASS" starttime="20231213 17:23:38.174" endtime="20231213 17:23:38.205"/>
</kw>
<status status="PASS" starttime="20231213 17:23:38.174" endtime="20231213 17:23:38.205"/>
</kw>
<kw name="Sair da página" library="VerificarTelaDeLoginResources">
<kw name="Go To" library="SeleniumLibrary">
<arg>https://www.portal-hro.com.br/portal/site/Multibra-Homolog/Action/Logout.aspx</arg>
<doc>Navigates the current browser window to the provided ``url``.</doc>
<msg timestamp="20231213 17:23:38.205" level="INFO">Opening url 'https://www.portal-hro.com.br/portal/site/Multibra-Homolog/Action/Logout.aspx'</msg>
<status status="PASS" starttime="20231213 17:23:38.205" endtime="20231213 17:23:39.082"/>
</kw>
<status status="PASS" starttime="20231213 17:23:38.205" endtime="20231213 17:23:39.082"/>
</kw>
<status status="PASS" starttime="20231213 17:23:35.624" endtime="20231213 17:23:39.082"/>
</branch>
<branch type="EXCEPT">
<pattern>Error message</pattern>
<kw name="Sair da página" library="VerificarTelaDeLoginResources">
<status status="NOT RUN" starttime="20231213 17:23:39.082" endtime="20231213 17:23:39.082"/>
</kw>
<status status="NOT RUN" starttime="20231213 17:23:39.082" endtime="20231213 17:23:39.082"/>
</branch>
<status status="PASS" starttime="20231213 17:23:35.624" endtime="20231213 17:23:39.082"/>
</try>
<status status="PASS" starttime="20231213 17:23:34.620" endtime="20231213 17:23:39.082"/>
</kw>
<kw name="Login com Usuário Assistido" library="VerificarTelaDeLoginResources">
<arg>ut.west.assistido1</arg>
<arg>ut.west.assistido1</arg>
<try>
<branch type="TRY">
<kw name="Maximize Browser Window" library="SeleniumLibrary">
<doc>Maximizes current browser window.</doc>
<status status="PASS" starttime="20231213 17:23:39.083" endtime="20231213 17:23:39.085"/>
</kw>
<status status="PASS" starttime="20231213 17:23:39.083" endtime="20231213 17:23:39.085"/>
</branch>
<branch type="EXCEPT">
<pattern>Error message</pattern>
<kw name="Log" library="BuiltIn">
<arg>message</arg>
<doc>Logs the given message with the given level.</doc>
<status status="NOT RUN" starttime="20231213 17:23:39.085" endtime="20231213 17:23:39.085"/>
</kw>
<status status="NOT RUN" starttime="20231213 17:23:39.085" endtime="20231213 17:23:39.085"/>
</branch>
<status status="PASS" starttime="20231213 17:23:39.083" endtime="20231213 17:23:39.085"/>
</try>
<kw name="Sleep" library="BuiltIn">
<arg>1s</arg>
<doc>Pauses the test executed for the given time.</doc>
<msg timestamp="20231213 17:23:40.087" level="INFO">Slept 1 second</msg>
<status status="PASS" starttime="20231213 17:23:39.086" endtime="20231213 17:23:40.087"/>
</kw>
<try>
<branch type="TRY">
<kw name="Scroll Element Into View" library="SeleniumLibrary">
<arg>${BOTAO_ACESSAR}</arg>
<doc>Scrolls the element identified by ``locator`` into view.</doc>
<status status="PASS" starttime="20231213 17:23:40.087" endtime="20231213 17:23:40.389"/>
</kw>
<kw name="Input Text" library="SeleniumLibrary">
<arg>${CAMPO_NOME}</arg>
<arg>${Usuario}</arg>
<doc>Types the given ``text`` into the text field identified by ``locator``.</doc>
<msg timestamp="20231213 17:23:40.390" level="INFO">Typing text 'ut.west.assistido1' into text field '//input[contains(@name,'ctl00$ContentPlaceHolder1$username')]'.</msg>
<status status="PASS" starttime="20231213 17:23:40.389" endtime="20231213 17:23:40.485"/>
</kw>
<kw name="Input Text" library="SeleniumLibrary">
<arg>${CAMPO_SENHA}</arg>
<arg>${Senha}</arg>
<doc>Types the given ``text`` into the text field identified by ``locator``.</doc>
<msg timestamp="20231213 17:23:40.486" level="INFO">Typing text 'ut.west.assistido1' into text field '//input[contains(@name,'ctl00$ContentPlaceHolder1$password')]'.</msg>
<status status="PASS" starttime="20231213 17:23:40.485" endtime="20231213 17:23:40.541"/>
</kw>
<kw name="Run Keyword And Return Status" library="BuiltIn">
<var>${is_button_visible}</var>
<arg>Element Should Be Visible</arg>
<arg>${BOTÃO_ENTENDIDO}</arg>
<doc>Runs the given keyword with given arguments and returns the status as a Boolean value.</doc>
<kw name="Element Should Be Visible" library="SeleniumLibrary">
<arg>${BOTÃO_ENTENDIDO}</arg>
<doc>Verifies that the element identified by ``locator`` is visible.</doc>
<msg timestamp="20231213 17:23:40.661" level="INFO" html="true">&lt;/td&gt;&lt;/tr&gt;&lt;tr&gt;&lt;td colspan="3"&gt;&lt;a href="selenium-screenshot-69.png"&gt;&lt;img src="selenium-screenshot-69.png" width="800px"&gt;&lt;/a&gt;</msg>
<msg timestamp="20231213 17:23:40.661" level="FAIL">The element 'cookieButton' should be visible, but it is not.</msg>
<status status="FAIL" starttime="20231213 17:23:40.541" endtime="20231213 17:23:40.662"/>
</kw>
<msg timestamp="20231213 17:23:40.662" level="INFO">${is_button_visible} = False</msg>
<status status="PASS" starttime="20231213 17:23:40.541" endtime="20231213 17:23:40.662"/>
</kw>
<kw name="Run Keyword If" library="BuiltIn">
<arg>${is_button_visible}</arg>
<arg>Click Element</arg>
<arg>${BOTÃO_ENTENDIDO}</arg>
<doc>Runs the given keyword with the given arguments, if ``condition`` is true.</doc>
<status status="PASS" starttime="20231213 17:23:40.662" endtime="20231213 17:23:40.663"/>
</kw>
<kw name="Click Element" library="SeleniumLibrary">
<arg>${BOTAO_ACESSAR}</arg>
<doc>Click the element identified by ``locator``.</doc>
<msg timestamp="20231213 17:23:40.664" level="INFO">Clicking element 'ContentPlaceHolder1_btnEntrar2'.</msg>
<status status="PASS" starttime="20231213 17:23:40.663" endtime="20231213 17:23:42.402"/>
</kw>
<kw name="Run Keyword And Return Status" library="BuiltIn">
<var>${button_existence}</var>
<arg>Page Should Contain Element</arg>
<arg>btnFechar</arg>
<doc>Runs the given keyword with given arguments and returns the status as a Boolean value.</doc>
<kw name="Page Should Contain Element" library="SeleniumLibrary">
<arg>btnFechar</arg>
<doc>Verifies that element ``locator`` is found on the current page.</doc>
<msg timestamp="20231213 17:23:42.585" level="INFO" html="true">&lt;/td&gt;&lt;/tr&gt;&lt;tr&gt;&lt;td colspan="3"&gt;&lt;a href="selenium-screenshot-70.png"&gt;&lt;img src="selenium-screenshot-70.png" width="800px"&gt;&lt;/a&gt;</msg>
<msg timestamp="20231213 17:23:42.586" level="FAIL">Page should have contained element 'btnFechar' but did not.</msg>
<status status="FAIL" starttime="20231213 17:23:42.403" endtime="20231213 17:23:42.586"/>
</kw>
<msg timestamp="20231213 17:23:42.586" level="INFO">${button_existence} = False</msg>
<status status="PASS" starttime="20231213 17:23:42.402" endtime="20231213 17:23:42.586"/>
</kw>
<kw name="Run Keyword If" library="BuiltIn">
<arg>'${button_existence}' == 'True'</arg>
<arg>Create List</arg>
<arg>${Usuario}</arg>
<doc>Runs the given keyword with the given arguments, if ``condition`` is true.</doc>
<status status="PASS" starttime="20231213 17:23:42.586" endtime="20231213 17:23:42.586"/>
</kw>
<kw name="Run Keyword If" library="BuiltIn">
<arg>'${button_existence}' == 'True'</arg>
<arg>Click Element</arg>
<arg>btnFechar</arg>
<doc>Runs the given keyword with the given arguments, if ``condition`` is true.</doc>
<status status="PASS" starttime="20231213 17:23:42.587" endtime="20231213 17:23:42.587"/>
</kw>
<kw name="Quando clicar em menu lateral" library="VerificarTelaDeLoginResources">
<kw name="Click Element" library="SeleniumLibrary">
<arg>${MENU_LATERAL_SAND}</arg>
<doc>Click the element identified by ``locator``.</doc>
<msg timestamp="20231213 17:23:42.587" level="INFO">Clicking element '//img[contains(@alt,'Menu')]'.</msg>
<status status="PASS" starttime="20231213 17:23:42.587" endtime="20231213 17:23:42.644"/>
</kw>
<status status="PASS" starttime="20231213 17:23:42.587" endtime="20231213 17:23:42.644"/>
</kw>
<kw name="Sair da página" library="VerificarTelaDeLoginResources">
<kw name="Go To" library="SeleniumLibrary">
<arg>https://www.portal-hro.com.br/portal/site/Multibra-Homolog/Action/Logout.aspx</arg>
<doc>Navigates the current browser window to the provided ``url``.</doc>
<msg timestamp="20231213 17:23:42.644" level="INFO">Opening url 'https://www.portal-hro.com.br/portal/site/Multibra-Homolog/Action/Logout.aspx'</msg>
<status status="PASS" starttime="20231213 17:23:42.644" endtime="20231213 17:23:43.619"/>
</kw>
<status status="PASS" starttime="20231213 17:23:42.644" endtime="20231213 17:23:43.619"/>
</kw>
<status status="PASS" starttime="20231213 17:23:40.087" endtime="20231213 17:23:43.619"/>
</branch>
<branch type="EXCEPT">
<pattern>Error message</pattern>
<kw name="Sair da página" library="VerificarTelaDeLoginResources">
<status status="NOT RUN" starttime="20231213 17:23:43.619" endtime="20231213 17:23:43.619"/>
</kw>
<status status="NOT RUN" starttime="20231213 17:23:43.619" endtime="20231213 17:23:43.619"/>
</branch>
<status status="PASS" starttime="20231213 17:23:40.087" endtime="20231213 17:23:43.619"/>
</try>
<status status="PASS" starttime="20231213 17:23:39.083" endtime="20231213 17:23:43.619"/>
</kw>
<kw name="Login com Usuário Assistido" library="VerificarTelaDeLoginResources">
<arg>ut.panatlantica.assistido1</arg>
<arg>ut.panatlantica.assistido1</arg>
<try>
<branch type="TRY">
<kw name="Maximize Browser Window" library="SeleniumLibrary">
<doc>Maximizes current browser window.</doc>
<status status="PASS" starttime="20231213 17:23:43.620" endtime="20231213 17:23:43.623"/>
</kw>
<status status="PASS" starttime="20231213 17:23:43.620" endtime="20231213 17:23:43.623"/>
</branch>
<branch type="EXCEPT">
<pattern>Error message</pattern>
<kw name="Log" library="BuiltIn">
<arg>message</arg>
<doc>Logs the given message with the given level.</doc>
<status status="NOT RUN" starttime="20231213 17:23:43.623" endtime="20231213 17:23:43.623"/>
</kw>
<status status="NOT RUN" starttime="20231213 17:23:43.623" endtime="20231213 17:23:43.623"/>
</branch>
<status status="PASS" starttime="20231213 17:23:43.620" endtime="20231213 17:23:43.623"/>
</try>
<kw name="Sleep" library="BuiltIn">
<arg>1s</arg>
<doc>Pauses the test executed for the given time.</doc>
<msg timestamp="20231213 17:23:44.624" level="INFO">Slept 1 second</msg>
<status status="PASS" starttime="20231213 17:23:43.623" endtime="20231213 17:23:44.624"/>
</kw>
<try>
<branch type="TRY">
<kw name="Scroll Element Into View" library="SeleniumLibrary">
<arg>${BOTAO_ACESSAR}</arg>
<doc>Scrolls the element identified by ``locator`` into view.</doc>
<status status="PASS" starttime="20231213 17:23:44.624" endtime="20231213 17:23:44.926"/>
</kw>
<kw name="Input Text" library="SeleniumLibrary">
<arg>${CAMPO_NOME}</arg>
<arg>${Usuario}</arg>
<doc>Types the given ``text`` into the text field identified by ``locator``.</doc>
<msg timestamp="20231213 17:23:44.927" level="INFO">Typing text 'ut.panatlantica.assistido1' into text field '//input[contains(@name,'ctl00$ContentPlaceHolder1$username')]'.</msg>
<status status="PASS" starttime="20231213 17:23:44.927" endtime="20231213 17:23:45.013"/>
</kw>
<kw name="Input Text" library="SeleniumLibrary">
<arg>${CAMPO_SENHA}</arg>
<arg>${Senha}</arg>
<doc>Types the given ``text`` into the text field identified by ``locator``.</doc>
<msg timestamp="20231213 17:23:45.014" level="INFO">Typing text 'ut.panatlantica.assistido1' into text field '//input[contains(@name,'ctl00$ContentPlaceHolder1$password')]'.</msg>
<status status="PASS" starttime="20231213 17:23:45.013" endtime="20231213 17:23:45.073"/>
</kw>
<kw name="Run Keyword And Return Status" library="BuiltIn">
<var>${is_button_visible}</var>
<arg>Element Should Be Visible</arg>
<arg>${BOTÃO_ENTENDIDO}</arg>
<doc>Runs the given keyword with given arguments and returns the status as a Boolean value.</doc>
<kw name="Element Should Be Visible" library="SeleniumLibrary">
<arg>${BOTÃO_ENTENDIDO}</arg>
<doc>Verifies that the element identified by ``locator`` is visible.</doc>
<msg timestamp="20231213 17:23:45.187" level="INFO" html="true">&lt;/td&gt;&lt;/tr&gt;&lt;tr&gt;&lt;td colspan="3"&gt;&lt;a href="selenium-screenshot-71.png"&gt;&lt;img src="selenium-screenshot-71.png" width="800px"&gt;&lt;/a&gt;</msg>
<msg timestamp="20231213 17:23:45.188" level="FAIL">The element 'cookieButton' should be visible, but it is not.</msg>
<status status="FAIL" starttime="20231213 17:23:45.073" endtime="20231213 17:23:45.188"/>
</kw>
<msg timestamp="20231213 17:23:45.188" level="INFO">${is_button_visible} = False</msg>
<status status="PASS" starttime="20231213 17:23:45.073" endtime="20231213 17:23:45.188"/>
</kw>
<kw name="Run Keyword If" library="BuiltIn">
<arg>${is_button_visible}</arg>
<arg>Click Element</arg>
<arg>${BOTÃO_ENTENDIDO}</arg>
<doc>Runs the given keyword with the given arguments, if ``condition`` is true.</doc>
<status status="PASS" starttime="20231213 17:23:45.188" endtime="20231213 17:23:45.188"/>
</kw>
<kw name="Click Element" library="SeleniumLibrary">
<arg>${BOTAO_ACESSAR}</arg>
<doc>Click the element identified by ``locator``.</doc>
<msg timestamp="20231213 17:23:45.188" level="INFO">Clicking element 'ContentPlaceHolder1_btnEntrar2'.</msg>
<status status="PASS" starttime="20231213 17:23:45.188" endtime="20231213 17:23:46.410"/>
</kw>
<kw name="Run Keyword And Return Status" library="BuiltIn">
<var>${button_existence}</var>
<arg>Page Should Contain Element</arg>
<arg>btnFechar</arg>
<doc>Runs the given keyword with given arguments and returns the status as a Boolean value.</doc>
<kw name="Page Should Contain Element" library="SeleniumLibrary">
<arg>btnFechar</arg>
<doc>Verifies that element ``locator`` is found on the current page.</doc>
<msg timestamp="20231213 17:23:46.422" level="INFO">Current page contains element 'btnFechar'.</msg>
<status status="PASS" starttime="20231213 17:23:46.411" endtime="20231213 17:23:46.423"/>
</kw>
<msg timestamp="20231213 17:23:46.423" level="INFO">${button_existence} = True</msg>
<status status="PASS" starttime="20231213 17:23:46.410" endtime="20231213 17:23:46.423"/>
</kw>
<kw name="Run Keyword If" library="BuiltIn">
<arg>'${button_existence}' == 'True'</arg>
<arg>Create List</arg>
<arg>${Usuario}</arg>
<doc>Runs the given keyword with the given arguments, if ``condition`` is true.</doc>
<kw name="Create List" library="BuiltIn">
<arg>${Usuario}</arg>
<doc>Returns a list containing given items.</doc>
<status status="PASS" starttime="20231213 17:23:46.423" endtime="20231213 17:23:46.423"/>
</kw>
<status status="PASS" starttime="20231213 17:23:46.423" endtime="20231213 17:23:46.423"/>
</kw>
<kw name="Run Keyword If" library="BuiltIn">
<arg>'${button_existence}' == 'True'</arg>
<arg>Click Element</arg>
<arg>btnFechar</arg>
<doc>Runs the given keyword with the given arguments, if ``condition`` is true.</doc>
<kw name="Click Element" library="SeleniumLibrary">
<arg>btnFechar</arg>
<doc>Click the element identified by ``locator``.</doc>
<msg timestamp="20231213 17:23:46.424" level="INFO">Clicking element 'btnFechar'.</msg>
<status status="PASS" starttime="20231213 17:23:46.424" endtime="20231213 17:23:46.476"/>
</kw>
<status status="PASS" starttime="20231213 17:23:46.423" endtime="20231213 17:23:46.476"/>
</kw>
<kw name="Quando clicar em menu lateral" library="VerificarTelaDeLoginResources">
<kw name="Click Element" library="SeleniumLibrary">
<arg>${MENU_LATERAL_SAND}</arg>
<doc>Click the element identified by ``locator``.</doc>
<msg timestamp="20231213 17:23:46.476" level="INFO">Clicking element '//img[contains(@alt,'Menu')]'.</msg>
<msg timestamp="20231213 17:23:46.616" level="INFO" html="true">&lt;/td&gt;&lt;/tr&gt;&lt;tr&gt;&lt;td colspan="3"&gt;&lt;a href="selenium-screenshot-72.png"&gt;&lt;img src="selenium-screenshot-72.png" width="800px"&gt;&lt;/a&gt;</msg>
<msg timestamp="20231213 17:23:46.616" level="FAIL">Element with locator '//img[contains(@alt,'Menu')]' not found.</msg>
<status status="FAIL" starttime="20231213 17:23:46.476" endtime="20231213 17:23:46.617"/>
</kw>
<status status="FAIL" starttime="20231213 17:23:46.476" endtime="20231213 17:23:46.617"/>
</kw>
<kw name="Sair da página" library="VerificarTelaDeLoginResources">
<status status="NOT RUN" starttime="20231213 17:23:46.617" endtime="20231213 17:23:46.617"/>
</kw>
<status status="FAIL" starttime="20231213 17:23:44.624" endtime="20231213 17:23:46.617"/>
</branch>
<branch type="EXCEPT">
<pattern>Error message</pattern>
<kw name="Sair da página" library="VerificarTelaDeLoginResources">
<status status="NOT RUN" starttime="20231213 17:23:46.617" endtime="20231213 17:23:46.617"/>
</kw>
<status status="NOT RUN" starttime="20231213 17:23:46.617" endtime="20231213 17:23:46.617"/>
</branch>
<status status="FAIL" starttime="20231213 17:23:44.624" endtime="20231213 17:23:46.617"/>
</try>
<status status="FAIL" starttime="20231213 17:23:43.620" endtime="20231213 17:23:46.617"/>
</kw>
<kw name="Close All Browsers" library="SeleniumLibrary" type="TEARDOWN">
<doc>Closes all open browsers and resets the browser cache.</doc>
<status status="PASS" starttime="20231213 17:23:46.618" endtime="20231213 17:23:53.229"/>
</kw>
<doc>Automação Verificar login</doc>
<tag>CT05</tag>
<status status="FAIL" starttime="20231213 17:23:01.922" endtime="20231213 17:23:53.230">Several failures occurred:

1) Element with locator '//img[contains(@alt,'Menu')]' not found.

2) Element with locator '//img[contains(@alt,'Menu')]' not found.

3) Element with locator '//img[contains(@alt,'Menu')]' not found.</status>
</test>
<status status="FAIL" starttime="20231213 17:23:01.662" endtime="20231213 17:23:53.236"/>
</suite>
<statistics>
<total>
<stat pass="0" fail="1" skip="0">All Tests</stat>
</total>
<tag>
<stat pass="0" fail="1" skip="0">CT05</stat>
</tag>
<suite>
<stat pass="0" fail="1" skip="0" id="s1" name="Teste">Teste</stat>
</suite>
</statistics>
<errors>
</errors>
</robot>
