<?xml version="1.0" encoding="UTF-8"?>
<robot generator="Robot 6.1.1 (Python 3.12.0b4 on win32)" generated="20231215 14:17:39.387" rpa="false" schemaversion="4">
<suite id="s1" name="VerificarTelaBeneficios" source="C:\Users\C5151356\Documents\Automa-o-Com-Robot-Framework-Web\Automacao_MultiBra\Tests\VerificarTelaBeneficios.robot">
<test id="s1-t1" name="CT01:Verificar Tela de Ficha Financeira no potal MultiBra" line="11">
<kw name="Open Browser" library="SeleniumLibrary" type="SETUP">
<arg>${URL}</arg>
<arg>chrome</arg>
<doc>Opens a new browser instance to the optional ``url``.</doc>
<msg timestamp="20231215 14:17:39.860" level="INFO">Opening browser 'chrome' to base url 'https://www.portal-hro.com.br/portal/site/Multibra-Homolog/Login.aspx'.</msg>
<status status="PASS" starttime="20231215 14:17:39.860" endtime="20231215 14:17:51.874"/>
</kw>
<kw name="Dado que acesso o portal MultiBra com os usuarios &quot;ut.tecprev.assistido1&quot; - &quot;ut.tecprev.assistido1&quot;" library="VerificarTelaDeLoginResources" sourcename="Dado que acesso o portal MultiBra com os usuarios &quot;${Usuario}&quot; - &quot;${Senha}&quot;">
<kw name="Maximize Browser Window" library="SeleniumLibrary">
<doc>Maximizes current browser window.</doc>
<status status="PASS" starttime="20231215 14:17:51.877" endtime="20231215 14:17:51.998"/>
</kw>
<kw name="Wait Until Page Contains Element" library="SeleniumLibrary">
<arg>${BOTAO_ACESSAR}</arg>
<arg>timeout=10s</arg>
<doc>Waits until the element ``locator`` appears on the current page.</doc>
<status status="PASS" starttime="20231215 14:17:51.999" endtime="20231215 14:17:52.026"/>
</kw>
<kw name="Scroll Element Into View" library="SeleniumLibrary">
<arg>${BOTAO_ACESSAR}</arg>
<doc>Scrolls the element identified by ``locator`` into view.</doc>
<status status="PASS" starttime="20231215 14:17:52.027" endtime="20231215 14:17:52.325"/>
</kw>
<kw name="Input Text" library="SeleniumLibrary">
<arg>${CAMPO_NOME}</arg>
<arg>${Usuario}</arg>
<doc>Types the given ``text`` into the text field identified by ``locator``.</doc>
<msg timestamp="20231215 14:17:52.326" level="INFO">Typing text 'ut.tecprev.assistido1' into text field '//input[contains(@name,'ctl00$ContentPlaceHolder1$username')]'.</msg>
<status status="PASS" starttime="20231215 14:17:52.325" endtime="20231215 14:17:52.628"/>
</kw>
<kw name="Input Text" library="SeleniumLibrary">
<arg>${CAMPO_SENHA}</arg>
<arg>${Senha}</arg>
<doc>Types the given ``text`` into the text field identified by ``locator``.</doc>
<msg timestamp="20231215 14:17:52.629" level="INFO">Typing text 'ut.tecprev.assistido1' into text field '//input[contains(@name,'ctl00$ContentPlaceHolder1$password')]'.</msg>
<status status="PASS" starttime="20231215 14:17:52.628" endtime="20231215 14:17:52.814"/>
</kw>
<kw name="Wait Until Page Contains Element" library="SeleniumLibrary">
<arg>${BOTÃO_ENTENDIDO}</arg>
<arg>timeout=10s</arg>
<doc>Waits until the element ``locator`` appears on the current page.</doc>
<status status="PASS" starttime="20231215 14:17:52.814" endtime="20231215 14:17:52.838"/>
</kw>
<kw name="Click Element" library="SeleniumLibrary">
<arg>${BOTÃO_ENTENDIDO}</arg>
<doc>Click the element identified by ``locator``.</doc>
<msg timestamp="20231215 14:17:52.839" level="INFO">Clicking element 'cookieButton'.</msg>
<status status="PASS" starttime="20231215 14:17:52.838" endtime="20231215 14:17:52.932"/>
</kw>
<kw name="Click Element" library="SeleniumLibrary">
<arg>${BOTAO_ACESSAR}</arg>
<doc>Click the element identified by ``locator``.</doc>
<msg timestamp="20231215 14:17:52.933" level="INFO">Clicking element 'ContentPlaceHolder1_btnEntrar2'.</msg>
<status status="PASS" starttime="20231215 14:17:52.932" endtime="20231215 14:17:57.353"/>
</kw>
<status status="PASS" starttime="20231215 14:17:51.876" endtime="20231215 14:17:57.353"/>
</kw>
<kw name="Quando clico no menu lateral" library="VerificarTelaBeneficiosResources">
<kw name="Click Element" library="SeleniumLibrary">
<arg>${MENU_LATERAL_SAND}</arg>
<doc>Click the element identified by ``locator``.</doc>
<msg timestamp="20231215 14:17:57.356" level="INFO">Clicking element '//img[contains(@alt,'Menu')]'.</msg>
<status status="PASS" starttime="20231215 14:17:57.355" endtime="20231215 14:17:57.449"/>
</kw>
<status status="PASS" starttime="20231215 14:17:57.355" endtime="20231215 14:17:57.449"/>
</kw>
<kw name="E clico no módulo Beneficios" library="VerificarTelaBeneficiosResources">
<kw name="Scroll Element Into View" library="SeleniumLibrary">
<arg>${BENEFICIOS_MODULO}</arg>
<doc>Scrolls the element identified by ``locator`` into view.</doc>
<status status="PASS" starttime="20231215 14:17:57.450" endtime="20231215 14:17:57.759"/>
</kw>
<kw name="Click Element" library="SeleniumLibrary">
<arg>${BENEFICIOS_MODULO}</arg>
<doc>Click the element identified by ``locator``.</doc>
<msg timestamp="20231215 14:17:57.761" level="INFO">Clicking element '//a[contains(@class,'Menu2760')]'.</msg>
<status status="PASS" starttime="20231215 14:17:57.760" endtime="20231215 14:17:57.866"/>
</kw>
<status status="PASS" starttime="20231215 14:17:57.450" endtime="20231215 14:17:57.866"/>
</kw>
<kw name="E clico em Ficha Financeira" library="VerificarTelaBeneficiosResources">
<kw name="Wait Until Element Is Visible" library="SeleniumLibrary">
<arg>${FICHA_FINAN}</arg>
<arg>timeout=10s</arg>
<doc>Waits until the element ``locator`` is visible.</doc>
<status status="PASS" starttime="20231215 14:17:57.868" endtime="20231215 14:17:57.926"/>
</kw>
<kw name="Sleep" library="BuiltIn">
<arg>5s</arg>
<doc>Pauses the test executed for the given time.</doc>
<msg timestamp="20231215 14:18:02.927" level="INFO">Slept 5 seconds</msg>
<status status="PASS" starttime="20231215 14:17:57.926" endtime="20231215 14:18:02.927"/>
</kw>
<kw name="Click Element" library="SeleniumLibrary">
<arg>${FICHA_FINAN}</arg>
<doc>Click the element identified by ``locator``.</doc>
<msg timestamp="20231215 14:18:02.928" level="INFO">Clicking element '//a[contains(.,'Ficha Financeira')]'.</msg>
<status status="PASS" starttime="20231215 14:18:02.927" endtime="20231215 14:18:05.429"/>
</kw>
<status status="PASS" starttime="20231215 14:17:57.867" endtime="20231215 14:18:05.429"/>
</kw>
<kw name="Close All Browsers" library="SeleniumLibrary" type="TEARDOWN">
<doc>Closes all open browsers and resets the browser cache.</doc>
<status status="PASS" starttime="20231215 14:18:05.432" endtime="20231215 14:18:12.024"/>
</kw>
<doc>Automação Verificar tela Ficha Financeira</doc>
<tag>CT01</tag>
<status status="PASS" starttime="20231215 14:17:39.858" endtime="20231215 14:18:12.024"/>
</test>
<test id="s1-t2" name="CT02:Verificar Tela de Demonstrativo de pagamentos no potal MultiBra" line="21">
<kw name="Open Browser" library="SeleniumLibrary" type="SETUP">
<arg>${URL}</arg>
<arg>chrome</arg>
<doc>Opens a new browser instance to the optional ``url``.</doc>
<msg timestamp="20231215 14:18:12.028" level="INFO">Opening browser 'chrome' to base url 'https://www.portal-hro.com.br/portal/site/Multibra-Homolog/Login.aspx'.</msg>
<status status="PASS" starttime="20231215 14:18:12.027" endtime="20231215 14:18:21.726"/>
</kw>
<kw name="Dado que acesso o portal MultiBra com os usuarios &quot;ut.tecprev.assistido1&quot; - &quot;ut.tecprev.assistido1&quot;" library="VerificarTelaDeLoginResources" sourcename="Dado que acesso o portal MultiBra com os usuarios &quot;${Usuario}&quot; - &quot;${Senha}&quot;">
<kw name="Maximize Browser Window" library="SeleniumLibrary">
<doc>Maximizes current browser window.</doc>
<status status="PASS" starttime="20231215 14:18:21.728" endtime="20231215 14:18:21.845"/>
</kw>
<kw name="Wait Until Page Contains Element" library="SeleniumLibrary">
<arg>${BOTAO_ACESSAR}</arg>
<arg>timeout=10s</arg>
<doc>Waits until the element ``locator`` appears on the current page.</doc>
<status status="PASS" starttime="20231215 14:18:21.845" endtime="20231215 14:18:21.868"/>
</kw>
<kw name="Scroll Element Into View" library="SeleniumLibrary">
<arg>${BOTAO_ACESSAR}</arg>
<doc>Scrolls the element identified by ``locator`` into view.</doc>
<status status="PASS" starttime="20231215 14:18:21.868" endtime="20231215 14:18:22.188"/>
</kw>
<kw name="Input Text" library="SeleniumLibrary">
<arg>${CAMPO_NOME}</arg>
<arg>${Usuario}</arg>
<doc>Types the given ``text`` into the text field identified by ``locator``.</doc>
<msg timestamp="20231215 14:18:22.189" level="INFO">Typing text 'ut.tecprev.assistido1' into text field '//input[contains(@name,'ctl00$ContentPlaceHolder1$username')]'.</msg>
<status status="PASS" starttime="20231215 14:18:22.188" endtime="20231215 14:18:22.509"/>
</kw>
<kw name="Input Text" library="SeleniumLibrary">
<arg>${CAMPO_SENHA}</arg>
<arg>${Senha}</arg>
<doc>Types the given ``text`` into the text field identified by ``locator``.</doc>
<msg timestamp="20231215 14:18:22.510" level="INFO">Typing text 'ut.tecprev.assistido1' into text field '//input[contains(@name,'ctl00$ContentPlaceHolder1$password')]'.</msg>
<status status="PASS" starttime="20231215 14:18:22.509" endtime="20231215 14:18:22.678"/>
</kw>
<kw name="Wait Until Page Contains Element" library="SeleniumLibrary">
<arg>${BOTÃO_ENTENDIDO}</arg>
<arg>timeout=10s</arg>
<doc>Waits until the element ``locator`` appears on the current page.</doc>
<status status="PASS" starttime="20231215 14:18:22.679" endtime="20231215 14:18:22.696"/>
</kw>
<kw name="Click Element" library="SeleniumLibrary">
<arg>${BOTÃO_ENTENDIDO}</arg>
<doc>Click the element identified by ``locator``.</doc>
<msg timestamp="20231215 14:18:22.697" level="INFO">Clicking element 'cookieButton'.</msg>
<status status="PASS" starttime="20231215 14:18:22.696" endtime="20231215 14:18:22.766"/>
</kw>
<kw name="Click Element" library="SeleniumLibrary">
<arg>${BOTAO_ACESSAR}</arg>
<doc>Click the element identified by ``locator``.</doc>
<msg timestamp="20231215 14:18:22.768" level="INFO">Clicking element 'ContentPlaceHolder1_btnEntrar2'.</msg>
<status status="PASS" starttime="20231215 14:18:22.768" endtime="20231215 14:18:27.669"/>
</kw>
<status status="PASS" starttime="20231215 14:18:21.727" endtime="20231215 14:18:27.669"/>
</kw>
<kw name="Quando clico no menu lateral" library="VerificarTelaBeneficiosResources">
<kw name="Click Element" library="SeleniumLibrary">
<arg>${MENU_LATERAL_SAND}</arg>
<doc>Click the element identified by ``locator``.</doc>
<msg timestamp="20231215 14:18:27.673" level="INFO">Clicking element '//img[contains(@alt,'Menu')]'.</msg>
<status status="PASS" starttime="20231215 14:18:27.671" endtime="20231215 14:18:27.797"/>
</kw>
<status status="PASS" starttime="20231215 14:18:27.671" endtime="20231215 14:18:27.797"/>
</kw>
<kw name="E clico no módulo Beneficios" library="VerificarTelaBeneficiosResources">
<kw name="Scroll Element Into View" library="SeleniumLibrary">
<arg>${BENEFICIOS_MODULO}</arg>
<doc>Scrolls the element identified by ``locator`` into view.</doc>
<status status="PASS" starttime="20231215 14:18:27.799" endtime="20231215 14:18:28.124"/>
</kw>
<kw name="Click Element" library="SeleniumLibrary">
<arg>${BENEFICIOS_MODULO}</arg>
<doc>Click the element identified by ``locator``.</doc>
<msg timestamp="20231215 14:18:28.126" level="INFO">Clicking element '//a[contains(@class,'Menu2760')]'.</msg>
<status status="PASS" starttime="20231215 14:18:28.125" endtime="20231215 14:18:28.245"/>
</kw>
<status status="PASS" starttime="20231215 14:18:27.798" endtime="20231215 14:18:28.245"/>
</kw>
<kw name="E clico em Demonstrativo de pagamentos" library="VerificarTelaBeneficiosResources">
<kw name="Wait Until Element Is Visible" library="SeleniumLibrary">
<arg>${DEMOSTRATIV_PAG}</arg>
<arg>timeout=10s</arg>
<doc>Waits until the element ``locator`` is visible.</doc>
<status status="PASS" starttime="20231215 14:18:28.247" endtime="20231215 14:18:28.304"/>
</kw>
<kw name="Sleep" library="BuiltIn">
<arg>5s</arg>
<doc>Pauses the test executed for the given time.</doc>
<msg timestamp="20231215 14:18:33.306" level="INFO">Slept 5 seconds</msg>
<status status="PASS" starttime="20231215 14:18:28.305" endtime="20231215 14:18:33.306"/>
</kw>
<kw name="Click Element" library="SeleniumLibrary">
<arg>${DEMOSTRATIV_PAG}</arg>
<doc>Click the element identified by ``locator``.</doc>
<msg timestamp="20231215 14:18:33.307" level="INFO">Clicking element '//a[contains(.,'Demonstrativo de pagamentos')]'.</msg>
<status status="PASS" starttime="20231215 14:18:33.306" endtime="20231215 14:18:36.719"/>
</kw>
<status status="PASS" starttime="20231215 14:18:28.246" endtime="20231215 14:18:36.719"/>
</kw>
<kw name="Então serei direcionado para página Demonstrativo de pagamentos" library="VerificarTelaBeneficiosResources">
<kw name="Get Location" library="SeleniumLibrary">
<var>${URL_DEMOSTRATIV_PAGA_GET}</var>
<doc>Returns the current browser window URL.</doc>
<msg timestamp="20231215 14:18:36.752" level="INFO">${URL_DEMOSTRATIV_PAGA_GET} = https://www.portal-hro.com.br/portal/site/Multibra-Homolog/Action/ChamaDotNetDemonstrativoPagamento.aspx</msg>
<status status="PASS" starttime="20231215 14:18:36.720" endtime="20231215 14:18:36.752"/>
</kw>
<kw name="Should Be Equal" library="BuiltIn">
<arg>${URL_DEMOSTRATIV_PAGA_GET}</arg>
<arg>${URL_DEMOSTRATIV_PAGA}</arg>
<doc>Fails if the given objects are unequal.</doc>
<status status="PASS" starttime="20231215 14:18:36.753" endtime="20231215 14:18:36.753"/>
</kw>
<status status="PASS" starttime="20231215 14:18:36.720" endtime="20231215 14:18:36.753"/>
</kw>
<kw name="Close All Browsers" library="SeleniumLibrary" type="TEARDOWN">
<doc>Closes all open browsers and resets the browser cache.</doc>
<status status="PASS" starttime="20231215 14:18:36.755" endtime="20231215 14:18:43.379"/>
</kw>
<doc>Automação Verificar tela Demonstrativo de pagamentos</doc>
<tag>CT02</tag>
<status status="PASS" starttime="20231215 14:18:12.026" endtime="20231215 14:18:43.379"/>
</test>
<test id="s1-t3" name="CT03:Verificar Tela de Simulador de beneficios no potal MultiBra" line="31">
<kw name="Open Browser" library="SeleniumLibrary" type="SETUP">
<arg>${URL}</arg>
<arg>chrome</arg>
<doc>Opens a new browser instance to the optional ``url``.</doc>
<msg timestamp="20231215 14:18:43.383" level="INFO">Opening browser 'chrome' to base url 'https://www.portal-hro.com.br/portal/site/Multibra-Homolog/Login.aspx'.</msg>
<status status="PASS" starttime="20231215 14:18:43.382" endtime="20231215 14:18:53.377"/>
</kw>
<kw name="Dado que acesso o portal MultiBra com os usuarios &quot;adm.gdbprev.teste1&quot; - &quot;adm.gdbprev.teste1&quot;" library="VerificarTelaDeLoginResources" sourcename="Dado que acesso o portal MultiBra com os usuarios &quot;${Usuario}&quot; - &quot;${Senha}&quot;">
<kw name="Maximize Browser Window" library="SeleniumLibrary">
<doc>Maximizes current browser window.</doc>
<status status="PASS" starttime="20231215 14:18:53.379" endtime="20231215 14:18:53.513"/>
</kw>
<kw name="Wait Until Page Contains Element" library="SeleniumLibrary">
<arg>${BOTAO_ACESSAR}</arg>
<arg>timeout=10s</arg>
<doc>Waits until the element ``locator`` appears on the current page.</doc>
<status status="PASS" starttime="20231215 14:18:53.513" endtime="20231215 14:18:53.542"/>
</kw>
<kw name="Scroll Element Into View" library="SeleniumLibrary">
<arg>${BOTAO_ACESSAR}</arg>
<doc>Scrolls the element identified by ``locator`` into view.</doc>
<status status="PASS" starttime="20231215 14:18:53.542" endtime="20231215 14:18:53.856"/>
</kw>
<kw name="Input Text" library="SeleniumLibrary">
<arg>${CAMPO_NOME}</arg>
<arg>${Usuario}</arg>
<doc>Types the given ``text`` into the text field identified by ``locator``.</doc>
<msg timestamp="20231215 14:18:53.857" level="INFO">Typing text 'adm.gdbprev.teste1' into text field '//input[contains(@name,'ctl00$ContentPlaceHolder1$username')]'.</msg>
<status status="PASS" starttime="20231215 14:18:53.856" endtime="20231215 14:18:54.128"/>
</kw>
<kw name="Input Text" library="SeleniumLibrary">
<arg>${CAMPO_SENHA}</arg>
<arg>${Senha}</arg>
<doc>Types the given ``text`` into the text field identified by ``locator``.</doc>
<msg timestamp="20231215 14:18:54.130" level="INFO">Typing text 'adm.gdbprev.teste1' into text field '//input[contains(@name,'ctl00$ContentPlaceHolder1$password')]'.</msg>
<status status="PASS" starttime="20231215 14:18:54.128" endtime="20231215 14:18:54.313"/>
</kw>
<kw name="Wait Until Page Contains Element" library="SeleniumLibrary">
<arg>${BOTÃO_ENTENDIDO}</arg>
<arg>timeout=10s</arg>
<doc>Waits until the element ``locator`` appears on the current page.</doc>
<status status="PASS" starttime="20231215 14:18:54.313" endtime="20231215 14:18:54.334"/>
</kw>
<kw name="Click Element" library="SeleniumLibrary">
<arg>${BOTÃO_ENTENDIDO}</arg>
<doc>Click the element identified by ``locator``.</doc>
<msg timestamp="20231215 14:18:54.335" level="INFO">Clicking element 'cookieButton'.</msg>
<status status="PASS" starttime="20231215 14:18:54.334" endtime="20231215 14:18:54.431"/>
</kw>
<kw name="Click Element" library="SeleniumLibrary">
<arg>${BOTAO_ACESSAR}</arg>
<doc>Click the element identified by ``locator``.</doc>
<msg timestamp="20231215 14:18:54.433" level="INFO">Clicking element 'ContentPlaceHolder1_btnEntrar2'.</msg>
<status status="PASS" starttime="20231215 14:18:54.431" endtime="20231215 14:18:59.432"/>
</kw>
<status status="PASS" starttime="20231215 14:18:53.378" endtime="20231215 14:18:59.432"/>
</kw>
<kw name="Quando clico no menu lateral" library="VerificarTelaBeneficiosResources">
<kw name="Click Element" library="SeleniumLibrary">
<arg>${MENU_LATERAL_SAND}</arg>
<doc>Click the element identified by ``locator``.</doc>
<msg timestamp="20231215 14:18:59.435" level="INFO">Clicking element '//img[contains(@alt,'Menu')]'.</msg>
<status status="PASS" starttime="20231215 14:18:59.434" endtime="20231215 14:18:59.548"/>
</kw>
<status status="PASS" starttime="20231215 14:18:59.433" endtime="20231215 14:18:59.548"/>
</kw>
<kw name="E clico no módulo Beneficios" library="VerificarTelaBeneficiosResources">
<kw name="Scroll Element Into View" library="SeleniumLibrary">
<arg>${BENEFICIOS_MODULO}</arg>
<doc>Scrolls the element identified by ``locator`` into view.</doc>
<msg timestamp="20231215 14:18:59.787" level="INFO" html="true">&lt;/td&gt;&lt;/tr&gt;&lt;tr&gt;&lt;td colspan="3"&gt;&lt;a href="selenium-screenshot-88.png"&gt;&lt;img src="selenium-screenshot-88.png" width="800px"&gt;&lt;/a&gt;</msg>
<msg timestamp="20231215 14:18:59.787" level="FAIL">Element with locator '//a[contains(@class,'Menu2760')]' not found.</msg>
<status status="FAIL" starttime="20231215 14:18:59.549" endtime="20231215 14:18:59.845"/>
</kw>
<kw name="Click Element" library="SeleniumLibrary">
<arg>${BENEFICIOS_MODULO}</arg>
<doc>Click the element identified by ``locator``.</doc>
<status status="NOT RUN" starttime="20231215 14:18:59.846" endtime="20231215 14:18:59.846"/>
</kw>
<status status="FAIL" starttime="20231215 14:18:59.549" endtime="20231215 14:18:59.846"/>
</kw>
<kw name="E clico em Simulador de beneficios" library="VerificarTelaBeneficiosResources">
<status status="NOT RUN" starttime="20231215 14:18:59.847" endtime="20231215 14:18:59.847"/>
</kw>
<kw name="Close All Browsers" library="SeleniumLibrary" type="TEARDOWN">
<doc>Closes all open browsers and resets the browser cache.</doc>
<status status="PASS" starttime="20231215 14:18:59.848" endtime="20231215 14:19:06.434"/>
</kw>
<doc>Automação Verificar tela Simulador de beneficiios</doc>
<tag>CT03</tag>
<status status="FAIL" starttime="20231215 14:18:43.381" endtime="20231215 14:19:06.434">Element with locator '//a[contains(@class,'Menu2760')]' not found.</status>
</test>
<status status="FAIL" starttime="20231215 14:17:39.391" endtime="20231215 14:19:06.437"/>
</suite>
<statistics>
<total>
<stat pass="2" fail="1" skip="0">All Tests</stat>
</total>
<tag>
<stat pass="1" fail="0" skip="0">CT01</stat>
<stat pass="1" fail="0" skip="0">CT02</stat>
<stat pass="0" fail="1" skip="0">CT03</stat>
</tag>
<suite>
<stat pass="2" fail="1" skip="0" id="s1" name="VerificarTelaBeneficios">VerificarTelaBeneficios</stat>
</suite>
</statistics>
<errors>
</errors>
</robot>
